<?xml version="1.0" encoding="UTF-8" ?>
<testsuite errors="0" failures="0" name="net.incongru.webwork.ModelUrlBuilderTest" tests="2" time="1.57">
  <properties>
    <property name="file.encoding.pkg" value="sun.io"></property>
    <property name="maven.compile.debug" value="on"></property>
    <property name="maven.property.inheritance" value="true"></property>
    <property name="java.home" value="/System/Library/Frameworks/JavaVM.framework/Versions/1.4.2/Home"></property>
    <property name="maven.distBuildIndicator" value="DIST_BUILD_DIRECTORY"></property>
    <property name="context" value="org.apache.maven.jelly.MavenJellyContext@84639c"></property>
    <property name="maven.plugin.unpacked.dir" value="/Users/greg/.maven/cache"></property>
    <property name="java.endorsed.dirs" value="/System/Library/Frameworks/JavaVM.framework/Versions/1.4.2/Home/lib/endorsed"></property>
    <property name="maven.conf.dir" value="/Users/greg/dev/projects/swaf/swaf/swaf-skeleton/conf"></property>
    <property name="org.apache.commons.jelly.ant.Project" value="org.apache.commons.grant.GrantProject@261b7d"></property>
    <property name="maven.xdoc.includeProjectDocumentation" value="yes"></property>
    <property name="maven.docs.omitXmlDeclaration" value="false"></property>
    <property name="sun.os.patch.level" value="unknown"></property>
    <property name="java.vendor.url" value="http://apple.com/"></property>
    <property name="maven.build.dir" value="/Users/greg/dev/projects/swaf/swaf/swaf-skeleton/target"></property>
    <property name="java.version" value="1.4.2_05"></property>
    <property name="maven.repo.incongru.directory" value="www.incongru.net/htdocs/maven"></property>
    <property name="maven.remote.group" value="maven"></property>
    <property name="java.vendor.url.bug" value="http://developer.apple.com/java/"></property>
    <property name="maven.junit.jvm" value=""></property>
    <property name="user.name" value="greg"></property>
    <property name="sun.io.unicode.encoding" value="UnicodeBig"></property>
    <property name="maven.junit.printSummary" value="true"></property>
    <property name="sourcesPresent" value="true"></property>
    <property name="java.runtime.name" value="Java(TM) 2 Runtime Environment, Standard Edition"></property>
    <property name="maven.xdoc.date.format" value="dd MMMM yyyy"></property>
    <property name="maven.repo.kiala.username" value="koala"></property>
    <property name="java.specification.name" value="Java Platform API Specification"></property>
    <property name="ftp.nonProxyHosts" value="localhost|*.localhost|dev.kiala.com|*.dev.kiala.com|dev.kiala.com|*.dev.kiala.com"></property>
    <property name="user.timezone" value=""></property>
    <property name="maven.xdoc.poweredby.title" value="Built by Maven"></property>
    <property name="maven.ssh.executable" value="ssh"></property>
    <property name="path.separator" value=":"></property>
    <property name="maven.xdoc.pomDocuments" value="cvs-usage.xml,index.xml,maven-reports.xml,dependencies.xml,issue-tracking.xml,mail-lists.xml,project-info.xml,team-list.xml,downloads.jelly"></property>
    <property name="maven.repo.incongru.password" value="t1nh-d1"></property>
    <property name="file.encoding" value="MacRoman"></property>
    <property name="maven.antlr.target.dir" value="/Users/greg/dev/projects/swaf/swaf/swaf-skeleton/target/antlr"></property>
    <property name="maven.jar.mainclass" value=""></property>
    <property name="systemScope" value="{java.runtime.name=Java(TM) 2 Runtime Environment, Standard Edition, sun.boot.library.path=/System/Library/Frameworks/JavaVM.framework/Versions/1.4.2/Libraries, java.vm.version=1.4.2-38, awt.nativeDoubleBuffering=true, gopherProxySet=false, java.vm.vendor=&quot;Apple Computer, Inc.&quot;, java.vendor.url=http://apple.com/, path.separator=:, java.vm.name=Java HotSpot(TM) Client VM, file.encoding.pkg=sun.io, sun.os.patch.level=unknown, user.country=US, java.vm.specification.name=Java Virtual Machine Specification, user.dir=/Users/greg/dev/projects/swaf/swaf/swaf-skeleton, java.runtime.version=1.4.2_05-141.4, forehead.conf.file=/Applications/dev/maven/bin/forehead.conf, java.awt.graphicsenv=apple.awt.CGraphicsEnvironment, java.endorsed.dirs=/System/Library/Frameworks/JavaVM.framework/Versions/CurrentJDK/Home/lib/endorsed:/Applications/dev/maven/lib/endorsed, os.arch=ppc, java.io.tmpdir=/tmp, line.separator=
, java.vm.specification.vendor=Sun Microsystems Inc., https.proxyHost=hyperion.lan.kiala.com, os.name=Mac OS X, sun.java2d.fontpath=, tools.jar=/System/Library/Frameworks/JavaVM.framework/Versions/CurrentJDK/Classes/classes.jar, java.library.path=.:/Library/Java/Extensions:/System/Library/Java/Extensions:/usr/lib/java, javax.xml.parsers.SAXParserFactory=org.apache.xerces.jaxp.SAXParserFactoryImpl, http.proxyPort=8080, java.specification.name=Java Platform API Specification, java.class.version=48.0, java.util.prefs.PreferencesFactory=java.util.prefs.MacOSXPreferencesFactory, os.version=10.3.9, http.nonProxyHosts=localhost|*.localhost|dev.kiala.com|*.dev.kiala.com|dev.kiala.com|*.dev.kiala.com, user.home=/Users/greg, user.timezone=Europe/Brussels, java.awt.printerjob=apple.awt.CPrinterJob, file.encoding=MacRoman, java.specification.version=1.4, java.class.path=/Applications/dev/maven/lib/forehead-1.0-beta-5.jar, user.name=greg, java.vm.specification.version=1.0, java.home=/System/Library/Frameworks/JavaVM.framework/Versions/1.4.2/Home, sun.arch.data.model=32, user.language=en, java.specification.vendor=Sun Microsystems Inc., awt.toolkit=apple.awt.CToolkit, java.vm.info=mixed mode, java.version=1.4.2_05, java.ext.dirs=/Library/Java/Extensions:/System/Library/Java/Extensions:/System/Library/Frameworks/JavaVM.framework/Versions/1.4.2/Home/lib/ext, sun.boot.class.path=/Applications/dev/maven/lib/endorsed/xerces-2.4.0.jar:/Applications/dev/maven/lib/endorsed/xml-apis-1.0.b2.jar:/System/Library/Frameworks/JavaVM.framework/Versions/1.4.2/Classes/classes.jar:/System/Library/Frameworks/JavaVM.framework/Versions/1.4.2/Classes/ui.jar:/System/Library/Frameworks/JavaVM.framework/Versions/1.4.2/Classes/laf.jar:/System/Library/Frameworks/JavaVM.framework/Versions/1.4.2/Classes/sunrsasign.jar:/System/Library/Frameworks/JavaVM.framework/Versions/1.4.2/Classes/jsse.jar:/System/Library/Frameworks/JavaVM.framework/Versions/1.4.2/Classes/jce.jar:/System/Library/Frameworks/JavaVM.framework/Versions/1.4.2/Classes/charsets.jar, http.proxyHost=hyperion.lan.kiala.com, javax.xml.parsers.DocumentBuilderFactory=org.apache.xerces.jaxp.DocumentBuilderFactoryImpl, java.vendor=Apple Computer, Inc., maven.home=/Applications/dev/maven, file.separator=/, java.vendor.url.bug=http://developer.apple.com/java/, sun.io.unicode.encoding=UnicodeBig, sun.cpu.endian=big, mrj.version=141.3, https.proxyPort=8080, socksNonProxyHosts=localhost|*.localhost|dev.kiala.com|*.dev.kiala.com|dev.kiala.com|*.dev.kiala.com, ftp.nonProxyHosts=localhost|*.localhost|dev.kiala.com|*.dev.kiala.com|dev.kiala.com|*.dev.kiala.com, sun.cpu.isalist=}"></property>
    <property name="maven.junit.dir" value="/Users/greg/dev/projects/swaf/swaf/swaf-skeleton"></property>
    <property name="socksNonProxyHosts" value="localhost|*.localhost|dev.kiala.com|*.dev.kiala.com|dev.kiala.com|*.dev.kiala.com"></property>
    <property name="maven.xdoc.poweredby.image" value="maven-button-1.png"></property>
    <property name="maven.jar.index" value="false"></property>
    <property name="java.io.tmpdir" value="/tmp"></property>
    <property name="user.language" value="en"></property>
    <property name="maven.xdoc.date" value=""></property>
    <property name="line.separator" value="
"></property>
    <property name="maven.repo.local" value="/Users/greg/.maven/repository"></property>
    <property name="maven.jar.jta" value="/Users/greg/dev/projects/swaf/swaf/swaf-skeleton/lib/jta-1_0_1B-classes.jar"></property>
    <property name="maven.plugin.user.dir" value="/Users/greg/.maven/plugins"></property>
    <property name="maven.artifact.manifest.basedir" value="/plugin-resources/templates"></property>
    <property name="maven.junit.fork" value="true"></property>
    <property name="berkanoVersion" value="20050525.1"></property>
    <property name="maven.junit.usefile" value="true"></property>
    <property name="maven.junit.format" value="brief"></property>
    <property name="maven.compile.optimize" value="off"></property>
    <property name="java.vm.info" value="mixed mode"></property>
    <property name="maven.repo.remote.enabled" value="true"></property>
    <property name="java.util.prefs.PreferencesFactory" value="java.util.prefs.MacOSXPreferencesFactory"></property>
    <property name="java.vm.specification.name" value="Java Virtual Machine Specification"></property>
    <property name="maven.repo.list" value="kiala"></property>
    <property name="maven.emacsModeOn" value="false"></property>
    <property name="maven.build.dest" value="/Users/greg/dev/projects/swaf/swaf/swaf-skeleton/target/classes"></property>
    <property name="maven.repo.kiala.directory" value="/var/www/maven.dev.kiala.com"></property>
    <property name="maven.jar.manifest.extensions.add" value="false"></property>
    <property name="maven.compile.deprecation" value="off"></property>
    <property name="maven.xdoc.projectInfo" value="cvs-usage.xml,dependencies.xml,issue-tracking.xml,mail-lists.xml,project-info.xml,team-list.xml,downloads.jelly"></property>
    <property name="http.nonProxyHosts" value="localhost|*.localhost|dev.kiala.com|*.dev.kiala.com|dev.kiala.com|*.dev.kiala.com"></property>
    <property name="parentScope" value="{maven.session=org.apache.maven.MavenSession@d6ecc2, java.vendor=org.apache.commons.jelly.expression.ConstantExpression@51c45f[value=Apple Computer, Inc.], maven.repo.incongru.username=org.apache.commons.jelly.expression.ConstantExpression@3351c1[value=greg_tinh-di_net], https.proxyHost=org.apache.commons.jelly.expression.ConstantExpression@3c7aef[value=hyperion.lan.kiala.com], os.name=org.apache.commons.jelly.expression.ConstantExpression@aaf1f5[value=Mac OS X], sun.boot.class.path=org.apache.commons.jelly.expression.ConstantExpression@f310c8[value=/Applications/dev/maven/lib/endorsed/xerces-2.4.0.jar:/Applications/dev/maven/lib/endorsed/xml-apis-1.0.b2.jar:/System/Library/Frameworks/JavaVM.framework/Versions/1.4.2/Classes/classes.jar:/System/Library/Frameworks/JavaVM.framework/Versions/1.4.2/Classes/ui.jar:/System/Library/Frameworks/JavaVM.framework/Versions/1.4.2/Classes/laf.jar:/System/Library/Frameworks/JavaVM.framework/Versions/1.4.2/Classes/sunrsasign.jar:/System/Library/Frameworks/JavaVM.framework/Versions/1.4.2/Classes/jsse.jar:/System/Library/Frameworks/JavaVM.framework/Versions/1.4.2/Classes/jce.jar:/System/Library/Frameworks/JavaVM.framework/Versions/1.4.2/Classes/charsets.jar], maven.distBuildDirectory=org.apache.commons.jelly.expression.CompositeExpression@d2d623[expressions=[org.apache.commons.jelly.expression.jexl.JexlExpressionFactory$ExpressionSupportLocal@e8c998[expression:basedir], org.apache.commons.jelly.expression.ConstantExpression@b507a[value=/target]]], tools.jar=org.apache.commons.jelly.expression.ConstantExpression@d09341[value=/System/Library/Frameworks/JavaVM.framework/Versions/CurrentJDK/Classes/classes.jar], java.vm.specification.vendor=org.apache.commons.jelly.expression.ConstantExpression@7392df[value=Sun Microsystems Inc.], sun.java2d.fontpath=org.apache.commons.jelly.expression.ConstantExpression@af7b86[value=], java.runtime.version=org.apache.commons.jelly.expression.ConstantExpression@d6d53c[value=1.4.2_05-141.4], maven.repo.remote.enabled=org.apache.commons.jelly.expression.ConstantExpression@4986c8[value=true], systemScope={java.runtime.name=Java(TM) 2 Runtime Environment, Standard Edition, sun.boot.library.path=/System/Library/Frameworks/JavaVM.framework/Versions/1.4.2/Libraries, java.vm.version=1.4.2-38, awt.nativeDoubleBuffering=true, gopherProxySet=false, java.vm.vendor=&quot;Apple Computer, Inc.&quot;, java.vendor.url=http://apple.com/, path.separator=:, java.vm.name=Java HotSpot(TM) Client VM, file.encoding.pkg=sun.io, sun.os.patch.level=unknown, user.country=US, java.vm.specification.name=Java Virtual Machine Specification, user.dir=/Users/greg/dev/projects/swaf/swaf/swaf-skeleton, java.runtime.version=1.4.2_05-141.4, forehead.conf.file=/Applications/dev/maven/bin/forehead.conf, java.awt.graphicsenv=apple.awt.CGraphicsEnvironment, java.endorsed.dirs=/System/Library/Frameworks/JavaVM.framework/Versions/CurrentJDK/Home/lib/endorsed:/Applications/dev/maven/lib/endorsed, os.arch=ppc, java.io.tmpdir=/tmp, line.separator=
, java.vm.specification.vendor=Sun Microsystems Inc., https.proxyHost=hyperion.lan.kiala.com, os.name=Mac OS X, sun.java2d.fontpath=, tools.jar=/System/Library/Frameworks/JavaVM.framework/Versions/CurrentJDK/Classes/classes.jar, java.library.path=.:/Library/Java/Extensions:/System/Library/Java/Extensions:/usr/lib/java, javax.xml.parsers.SAXParserFactory=org.apache.xerces.jaxp.SAXParserFactoryImpl, http.proxyPort=8080, java.specification.name=Java Platform API Specification, java.class.version=48.0, java.util.prefs.PreferencesFactory=java.util.prefs.MacOSXPreferencesFactory, os.version=10.3.9, http.nonProxyHosts=localhost|*.localhost|dev.kiala.com|*.dev.kiala.com|dev.kiala.com|*.dev.kiala.com, user.home=/Users/greg, user.timezone=Europe/Brussels, java.awt.printerjob=apple.awt.CPrinterJob, file.encoding=MacRoman, java.specification.version=1.4, java.class.path=/Applications/dev/maven/lib/forehead-1.0-beta-5.jar, user.name=greg, java.vm.specification.version=1.0, java.home=/System/Library/Frameworks/JavaVM.framework/Versions/1.4.2/Home, sun.arch.data.model=32, user.language=en, java.specification.vendor=Sun Microsystems Inc., awt.toolkit=apple.awt.CToolkit, java.vm.info=mixed mode, java.version=1.4.2_05, java.ext.dirs=/Library/Java/Extensions:/System/Library/Java/Extensions:/System/Library/Frameworks/JavaVM.framework/Versions/1.4.2/Home/lib/ext, sun.boot.class.path=/Applications/dev/maven/lib/endorsed/xerces-2.4.0.jar:/Applications/dev/maven/lib/endorsed/xml-apis-1.0.b2.jar:/System/Library/Frameworks/JavaVM.framework/Versions/1.4.2/Classes/classes.jar:/System/Library/Frameworks/JavaVM.framework/Versions/1.4.2/Classes/ui.jar:/System/Library/Frameworks/JavaVM.framework/Versions/1.4.2/Classes/laf.jar:/System/Library/Frameworks/JavaVM.framework/Versions/1.4.2/Classes/sunrsasign.jar:/System/Library/Frameworks/JavaVM.framework/Versions/1.4.2/Classes/jsse.jar:/System/Library/Frameworks/JavaVM.framework/Versions/1.4.2/Classes/jce.jar:/System/Library/Frameworks/JavaVM.framework/Versions/1.4.2/Classes/charsets.jar, http.proxyHost=hyperion.lan.kiala.com, javax.xml.parsers.DocumentBuilderFactory=org.apache.xerces.jaxp.DocumentBuilderFactoryImpl, java.vendor=Apple Computer, Inc., maven.home=/Applications/dev/maven, file.separator=/, java.vendor.url.bug=http://developer.apple.com/java/, sun.io.unicode.encoding=UnicodeBig, sun.cpu.endian=big, mrj.version=141.3, https.proxyPort=8080, socksNonProxyHosts=localhost|*.localhost|dev.kiala.com|*.dev.kiala.com|dev.kiala.com|*.dev.kiala.com, ftp.nonProxyHosts=localhost|*.localhost|dev.kiala.com|*.dev.kiala.com|dev.kiala.com|*.dev.kiala.com, sun.cpu.isalist=}, http.proxyPort=org.apache.commons.jelly.expression.ConstantExpression@2feafc[value=8080], user.name=org.apache.commons.jelly.expression.ConstantExpression@ec46ff[value=greg], maven.debugOn=false, maven.compile.debug=org.apache.commons.jelly.expression.ConstantExpression@294944[value=on], awt.nativeDoubleBuffering=org.apache.commons.jelly.expression.ConstantExpression@8923f5[value=true], maven.repo.local=org.apache.commons.jelly.expression.CompositeExpression@97c1b1[expressions=[org.apache.commons.jelly.expression.jexl.JexlExpressionFactory$ExpressionSupportLocal@2d62d9[expression:maven.home.local], org.apache.commons.jelly.expression.ConstantExpression@b4b88d[value=/repository]]], maven.defaults.loaded=org.apache.commons.jelly.expression.ConstantExpression@c058d6[value=true], javax.xml.parsers.SAXParserFactory=org.apache.commons.jelly.expression.ConstantExpression@853bb[value=org.apache.xerces.jaxp.SAXParserFactoryImpl], maven.docs.omitXmlDeclaration=org.apache.commons.jelly.expression.ConstantExpression@b1373d[value=false], user.language=org.apache.commons.jelly.expression.ConstantExpression@a1afb1[value=en], sun.boot.library.path=org.apache.commons.jelly.expression.ConstantExpression@15b33b[value=/System/Library/Frameworks/JavaVM.framework/Versions/1.4.2/Libraries], maven.build.dest=org.apache.commons.jelly.expression.CompositeExpression@a9f1d0[expressions=[org.apache.commons.jelly.expression.jexl.JexlExpressionFactory$ExpressionSupportLocal@42c565[expression:maven.build.dir], org.apache.commons.jelly.expression.ConstantExpression@ad8848[value=/classes]]], maven.xmlOutput=org.apache.commons.jelly.XMLOutput$1@ce3dad[contentHandler=org.dom4j.io.XMLWriter@334c25;lexicalHandler=org.dom4j.io.XMLWriter@334c25], maven.plugin.user.dir=org.apache.commons.jelly.expression.CompositeExpression@cc3210[expressions=[org.apache.commons.jelly.expression.jexl.JexlExpressionFactory$ExpressionSupportLocal@eaedad[expression:maven.home.local], org.apache.commons.jelly.expression.ConstantExpression@9a0081[value=/plugins]]], java.version=org.apache.commons.jelly.expression.ConstantExpression@974736[value=1.4.2_05], user.timezone=org.apache.commons.jelly.expression.ConstantExpression@c44deb[value=], sun.arch.data.model=org.apache.commons.jelly.expression.ConstantExpression@d7a7b3[value=32], java.endorsed.dirs=org.apache.commons.jelly.expression.ConstantExpression@42f66f[value=/System/Library/Frameworks/JavaVM.framework/Versions/CurrentJDK/Home/lib/endorsed:/Applications/dev/maven/lib/endorsed], http.nonProxyHosts=org.apache.commons.jelly.expression.ConstantExpression@4131a8[value=localhost|*.localhost|dev.kiala.com|*.dev.kiala.com|dev.kiala.com|*.dev.kiala.com], maven.property.inheritance=org.apache.commons.jelly.expression.ConstantExpression@2328ef[value=true], sun.cpu.isalist=org.apache.commons.jelly.expression.ConstantExpression@546fcd[value=], file.encoding.pkg=org.apache.commons.jelly.expression.ConstantExpression@782678[value=sun.io], file.separator=org.apache.commons.jelly.expression.ConstantExpression@25b780[value=/], java.specification.name=org.apache.commons.jelly.expression.ConstantExpression@3267dd[value=Java Platform API Specification], maven.src.dir=org.apache.commons.jelly.expression.CompositeExpression@41139c[expressions=[org.apache.commons.jelly.expression.jexl.JexlExpressionFactory$ExpressionSupportLocal@6e8a49[expression:basedir], org.apache.commons.jelly.expression.ConstantExpression@38d900[value=/src]]], java.class.version=org.apache.commons.jelly.expression.ConstantExpression@2e9e80[value=48.0], maven.repo.kiala.password=org.apache.commons.jelly.expression.ConstantExpression@a7f915[value=10moioui], user.country=org.apache.commons.jelly.expression.ConstantExpression@d1f1d6[value=US], java.home=org.apache.commons.jelly.expression.ConstantExpression@5c1b96[value=/System/Library/Frameworks/JavaVM.framework/Versions/1.4.2/Home], javax.xml.parsers.DocumentBuilderFactory=org.apache.commons.jelly.expression.ConstantExpression@17225f[value=org.apache.xerces.jaxp.DocumentBuilderFactoryImpl], forehead.conf.file=org.apache.commons.jelly.expression.ConstantExpression@d195ca[value=/Applications/dev/maven/bin/forehead.conf], java.vm.info=org.apache.commons.jelly.expression.ConstantExpression@c1121e[value=mixed mode], os.version=org.apache.commons.jelly.expression.ConstantExpression@8c93dc[value=10.3.9], maven.conf.dir=org.apache.commons.jelly.expression.CompositeExpression@3f67e0[expressions=[org.apache.commons.jelly.expression.jexl.JexlExpressionFactory$ExpressionSupportLocal@bcd898[expression:basedir], org.apache.commons.jelly.expression.ConstantExpression@2ff0de[value=/conf]]], https.proxyPort=org.apache.commons.jelly.expression.ConstantExpression@6eb235[value=8080], maven.repo.kiala.username=org.apache.commons.jelly.expression.ConstantExpression@75b962[value=koala], path.separator=org.apache.commons.jelly.expression.ConstantExpression@de0ca9[value=:], maven.jar.override=org.apache.commons.jelly.expression.ConstantExpression@115ae0[value=on], java.vm.version=org.apache.commons.jelly.expression.ConstantExpression@6564ae[value=1.4.2-38], maven.build.dir=org.apache.commons.jelly.expression.CompositeExpression@b5139e[expressions=[org.apache.commons.jelly.expression.jexl.JexlExpressionFactory$ExpressionSupportLocal@1af848[expression:basedir], org.apache.commons.jelly.expression.ConstantExpression@a245b0[value=/target]]], java.util.prefs.PreferencesFactory=org.apache.commons.jelly.expression.ConstantExpression@8d59f1[value=java.util.prefs.MacOSXPreferencesFactory], maven.ssh.executable=org.apache.commons.jelly.expression.ConstantExpression@bdd7f[value=ssh], maven.emacsModeOn=false, java.awt.printerjob=org.apache.commons.jelly.expression.ConstantExpression@faddb2[value=apple.awt.CPrinterJob], sun.io.unicode.encoding=org.apache.commons.jelly.expression.ConstantExpression@f0f793[value=UnicodeBig], awt.toolkit=org.apache.commons.jelly.expression.ConstantExpression@de239[value=apple.awt.CToolkit], socksNonProxyHosts=org.apache.commons.jelly.expression.ConstantExpression@7f4211[value=localhost|*.localhost|dev.kiala.com|*.dev.kiala.com|dev.kiala.com|*.dev.kiala.com], ftp.nonProxyHosts=org.apache.commons.jelly.expression.ConstantExpression@ca7186[value=localhost|*.localhost|dev.kiala.com|*.dev.kiala.com|dev.kiala.com|*.dev.kiala.com], maven.compile.optimize=org.apache.commons.jelly.expression.ConstantExpression@e337b2[value=off], user.home=org.apache.commons.jelly.expression.ConstantExpression@5dab79[value=/Users/greg], berkanoVersion=org.apache.commons.jelly.expression.ConstantExpression@a4ce0d[value=20050525.1], maven.repo.kiala=org.apache.commons.jelly.expression.ConstantExpression@d3f03b[value=sftp://dev.kiala.com], java.specification.vendor=org.apache.commons.jelly.expression.ConstantExpression@40b47a[value=Sun Microsystems Inc.], maven.final.dir=org.apache.commons.jelly.expression.CompositeExpression@8c497[expressions=[org.apache.commons.jelly.expression.jexl.JexlExpressionFactory$ExpressionSupportLocal@a2970f[expression:basedir], org.apache.commons.jelly.expression.ConstantExpression@6b74c8[value=/], org.apache.commons.jelly.expression.jexl.JexlExpressionFactory$ExpressionSupportLocal@c00612[expression:maven.final.name]]], maven.build.src=org.apache.commons.jelly.expression.CompositeExpression@ce988a[expressions=[org.apache.commons.jelly.expression.jexl.JexlExpressionFactory$ExpressionSupportLocal@809bd3[expression:maven.build.dir], org.apache.commons.jelly.expression.ConstantExpression@764091[value=/src]]], maven.build=org.apache.commons.jelly.expression.ConstantExpression@892c59[value=MAVEN_BUILD_NOT_SET], java.library.path=org.apache.commons.jelly.expression.ConstantExpression@beaed3[value=.:/Library/Java/Extensions:/System/Library/Java/Extensions:/usr/lib/java], java.vendor.url=org.apache.commons.jelly.expression.ConstantExpression@c7d45e[value=http://apple.com/], maven.jar.jta=org.apache.commons.jelly.expression.CompositeExpression@478785[expressions=[org.apache.commons.jelly.expression.jexl.JexlExpressionFactory$ExpressionSupportLocal@124609[expression:basedir], org.apache.commons.jelly.expression.ConstantExpression@b4216d[value=/lib/jta-1_0_1B-classes.jar]]], java.vm.vendor=org.apache.commons.jelly.expression.ConstantExpression@fe9830[value=&quot;Apple Computer, Inc.&quot;], gopherProxySet=org.apache.commons.jelly.expression.ConstantExpression@b9950e[value=false], maven.username=org.apache.commons.jelly.expression.ConstantExpression@e90891[value=USERNAME_NOT_SET], maven.home=org.apache.commons.jelly.expression.ConstantExpression@316b22[value=/Applications/dev/maven], java.runtime.name=org.apache.commons.jelly.expression.ConstantExpression@709c5c[value=Java(TM) 2 Runtime Environment, Standard Edition], java.class.path=org.apache.commons.jelly.expression.ConstantExpression@295fd4[value=/Applications/dev/maven/lib/forehead-1.0-beta-5.jar], maven.repo.list=org.apache.commons.jelly.expression.ConstantExpression@5291d9[value=kiala], maven.remote.group=org.apache.commons.jelly.expression.ConstantExpression@e57c4c[value=maven], maven.gen.docs=org.apache.commons.jelly.expression.CompositeExpression@4383e3[expressions=[org.apache.commons.jelly.expression.jexl.JexlExpressionFactory$ExpressionSupportLocal@87e18f[expression:maven.build.dir], org.apache.commons.jelly.expression.ConstantExpression@e98812[value=/generated-xdocs]]], context=org.apache.maven.jelly.MavenJellyContext@e48fa7, maven.distDirectory=org.apache.commons.jelly.expression.CompositeExpression@935862[expressions=[org.apache.commons.jelly.expression.jexl.JexlExpressionFactory$ExpressionSupportLocal@8f9ba9[expression:basedir], org.apache.commons.jelly.expression.ConstantExpression@34b191[value=/dist]]], maven.docs.dest=org.apache.commons.jelly.expression.CompositeExpression@75e2b4[expressions=[org.apache.commons.jelly.expression.jexl.JexlExpressionFactory$ExpressionSupportLocal@76c3c4[expression:maven.build.dir], org.apache.commons.jelly.expression.ConstantExpression@2ea4b1[value=/docs]]], maven.compile.deprecation=org.apache.commons.jelly.expression.ConstantExpression@3e95e6[value=off], java.vm.specification.name=org.apache.commons.jelly.expression.ConstantExpression@e3572b[value=Java Virtual Machine Specification], maven.docs.outputencoding=org.apache.commons.jelly.expression.ConstantExpression@7000ed[value=ISO-8859-1], maven.repo.incongru=org.apache.commons.jelly.expression.ConstantExpression@4ccf86[value=ftp://incongru.net], java.vm.specification.version=org.apache.commons.jelly.expression.ConstantExpression@cc6798[value=1.0], sun.cpu.endian=org.apache.commons.jelly.expression.ConstantExpression@a52c90[value=big], sun.os.patch.level=org.apache.commons.jelly.expression.ConstantExpression@10d926[value=unknown], maven.plugin.unpacked.dir=org.apache.commons.jelly.expression.CompositeExpression@2062da[expressions=[org.apache.commons.jelly.expression.jexl.JexlExpressionFactory$ExpressionSupportLocal@39defe[expression:maven.home.local], org.apache.commons.jelly.expression.ConstantExpression@5f299d[value=/cache]]], java.io.tmpdir=org.apache.commons.jelly.expression.ConstantExpression@a5205b[value=/tmp], maven.scp.executable=org.apache.commons.jelly.expression.ConstantExpression@ef55fb[value=scp], java.vendor.url.bug=org.apache.commons.jelly.expression.ConstantExpression@f5e42b[value=http://developer.apple.com/java/], http.proxyHost=org.apache.commons.jelly.expression.ConstantExpression@56deba[value=hyperion.lan.kiala.com], maven.final.name=org.apache.commons.jelly.expression.CompositeExpression@3896f2[expressions=[org.apache.commons.jelly.expression.jexl.JexlExpressionFactory$ExpressionSupportLocal@3e25fd[expression:pom.artifactId], org.apache.commons.jelly.expression.ConstantExpression@303147[value=-], org.apache.commons.jelly.expression.jexl.JexlExpressionFactory$ExpressionSupportLocal@f3318a[expression:pom.currentVersion]]], maven.distBuildIndicator=org.apache.commons.jelly.expression.ConstantExpression@398d43[value=DIST_BUILD_DIRECTORY], os.arch=org.apache.commons.jelly.expression.ConstantExpression@693ccc[value=ppc], java.awt.graphicsenv=org.apache.commons.jelly.expression.ConstantExpression@16a917[value=apple.awt.CGraphicsEnvironment], java.ext.dirs=org.apache.commons.jelly.expression.ConstantExpression@b75649[value=/Library/Java/Extensions:/System/Library/Java/Extensions:/System/Library/Frameworks/JavaVM.framework/Versions/1.4.2/Home/lib/ext], user.dir=org.apache.commons.jelly.expression.ConstantExpression@820beb[value=/Users/greg/dev/projects/swaf/swaf/swaf-skeleton], mrj.version=org.apache.commons.jelly.expression.ConstantExpression@dca977[value=141.3], maven.docs.src=org.apache.commons.jelly.expression.CompositeExpression@f9ff91[expressions=[org.apache.commons.jelly.expression.jexl.JexlExpressionFactory$ExpressionSupportLocal@f9aaf1[expression:basedir], org.apache.commons.jelly.expression.ConstantExpression@45ca41[value=/xdocs]]], maven.junit.fork=org.apache.commons.jelly.expression.ConstantExpression@e1a973[value=true], maven.repo.kiala.directory=org.apache.commons.jelly.expression.ConstantExpression@3bbd78[value=/var/www/maven.dev.kiala.com], maven.repo.incongru.password=org.apache.commons.jelly.expression.ConstantExpression@144220[value=t1nh-d1], line.separator=org.apache.commons.jelly.expression.ConstantExpression@16962[value=
], java.vm.name=org.apache.commons.jelly.expression.ConstantExpression@adb0d5[value=Java HotSpot(TM) Client VM], basedir=/Users/greg/dev/projects/swaf/swaf/swaf-skeleton, maven.repo.incongru.directory=org.apache.commons.jelly.expression.ConstantExpression@347b11[value=www.incongru.net/htdocs/maven], maven.plugin.dir=org.apache.commons.jelly.expression.CompositeExpression@7bb8fe[expressions=[org.apache.commons.jelly.expression.jexl.JexlExpressionFactory$ExpressionSupportLocal@ae60c5[expression:maven.home], org.apache.commons.jelly.expression.ConstantExpression@535cbe[value=/plugins]]], file.encoding=org.apache.commons.jelly.expression.ConstantExpression@edc0ad[value=MacRoman], maven.application.version=org.apache.commons.jelly.expression.ConstantExpression@4b048[value=1.0.2], maven.jar.freemarker=org.apache.commons.jelly.expression.ConstantExpression@d16efc[value=lib/freemarker-2.3.jar], maven.repo.remote=org.apache.commons.jelly.expression.ConstantExpression@cd6d94[value=http://maven.dev.kiala.com], maven.mode.online=org.apache.commons.jelly.expression.ConstantExpression@d5454d[value=true], java.specification.version=org.apache.commons.jelly.expression.ConstantExpression@b8c5bc[value=1.4], maven.jar.pell-multipart=org.apache.commons.jelly.expression.ConstantExpression@bdc7db[value=lib/pell-multipart.jar], maven.home.local=org.apache.commons.jelly.expression.CompositeExpression@8c3c62[expressions=[org.apache.commons.jelly.expression.jexl.JexlExpressionFactory$ExpressionSupportLocal@d04843[expression:user.home], org.apache.commons.jelly.expression.ConstantExpression@38305b[value=/.maven]]]}"></property>
    <property name="maven.artifact.manifest.template" value="manifest.vm"></property>
    <property name="maven.plugin.dir" value="/Applications/dev/maven/plugins"></property>
    <property name="org.apache.commons.jelly.werkz.Project" value="[Werkz: goals={license:transfer=[Goal: name=&quot;license:transfer&quot;]; precursor=[[Goal: name=&quot;xdoc:init&quot;]; precursor=[]]]], test:test=[Goal: name=&quot;test:test&quot;]; precursor=[[Goal: name=&quot;test:compile&quot;]; precursor=[[Goal: name=&quot;java:compile&quot;]; precursor=[[Goal: name=&quot;java:prepare-filesystem&quot;]; precursor=[]]]], [Goal: name=&quot;java:jar-resources&quot;]; precursor=[]], [Goal: name=&quot;test:prepare-filesystem&quot;]; precursor=[]], [Goal: name=&quot;test:test-resources&quot;]; precursor=[[Goal: name=&quot;test:prepare-filesystem&quot;]; precursor=[]]]]]]]], xdoc:jelly-init=[Goal: name=&quot;xdoc:jelly-init&quot;]; precursor=[]], pom:deploy=[Goal: name=&quot;pom:deploy&quot;]; precursor=[]], test:single=[Goal: name=&quot;test:single&quot;]; precursor=[[Goal: name=&quot;test:compile&quot;]; precursor=[[Goal: name=&quot;java:compile&quot;]; precursor=[[Goal: name=&quot;java:prepare-filesystem&quot;]; precursor=[]]]], [Goal: name=&quot;java:jar-resources&quot;]; precursor=[]], [Goal: name=&quot;test:prepare-filesystem&quot;]; precursor=[]], [Goal: name=&quot;test:test-resources&quot;]; precursor=[[Goal: name=&quot;test:prepare-filesystem&quot;]; precursor=[]]]]]]]], build:end=[Goal: name=&quot;build:end&quot;]; precursor=[]], test:single-test=[Goal: name=&quot;test:single-test&quot;]; precursor=[]], jar:snapshot=[Goal: name=&quot;jar:snapshot&quot;]; precursor=[]], jar:install=[Goal: name=&quot;jar:install&quot;]; precursor=[[Goal: name=&quot;jar:jar&quot;]; precursor=[[Goal: name=&quot;test:test&quot;]; precursor=[[Goal: name=&quot;test:compile&quot;]; precursor=[[Goal: name=&quot;java:compile&quot;]; precursor=[[Goal: name=&quot;java:prepare-filesystem&quot;]; precursor=[]]]], [Goal: name=&quot;java:jar-resources&quot;]; precursor=[]], [Goal: name=&quot;test:prepare-filesystem&quot;]; precursor=[]], [Goal: name=&quot;test:test-resources&quot;]; precursor=[[Goal: name=&quot;test:prepare-filesystem&quot;]; precursor=[]]]]]]]]]]]], jar:install-snapshot=[Goal: name=&quot;jar:install-snapshot&quot;]; precursor=[[Goal: name=&quot;jar:jar&quot;]; precursor=[[Goal: name=&quot;test:test&quot;]; precursor=[[Goal: name=&quot;test:compile&quot;]; precursor=[[Goal: name=&quot;java:compile&quot;]; precursor=[[Goal: name=&quot;java:prepare-filesystem&quot;]; precursor=[]]]], [Goal: name=&quot;java:jar-resources&quot;]; precursor=[]], [Goal: name=&quot;test:prepare-filesystem&quot;]; precursor=[]], [Goal: name=&quot;test:test-resources&quot;]; precursor=[[Goal: name=&quot;test:prepare-filesystem&quot;]; precursor=[]]]]]]]]]]]], pom:deploy-snapshot=[Goal: name=&quot;pom:deploy-snapshot&quot;]; precursor=[]], xdoc:generate-from-pom=[Goal: name=&quot;xdoc:generate-from-pom&quot;]; precursor=[[Goal: name=&quot;xdoc:init&quot;]; precursor=[]], [Goal: name=&quot;xdoc:register-reports&quot;]; precursor=[]]]], xdoc:init=[Goal: name=&quot;xdoc:init&quot;]; precursor=[]], maven-license-plugin:register=[Goal: name=&quot;maven-license-plugin:register&quot;]; precursor=[]], xdoc:transform=[Goal: name=&quot;xdoc:transform&quot;]; precursor=[[Goal: name=&quot;xdoc:init&quot;]; precursor=[]]]], pom:contentvalidate=[Goal: name=&quot;pom:contentvalidate&quot;]; precursor=[]], test=[Goal: name=&quot;test&quot;]; precursor=[[Goal: name=&quot;test:test&quot;]; precursor=[[Goal: name=&quot;test:compile&quot;]; precursor=[[Goal: name=&quot;java:compile&quot;]; precursor=[[Goal: name=&quot;java:prepare-filesystem&quot;]; precursor=[]]]], [Goal: name=&quot;java:jar-resources&quot;]; precursor=[]], [Goal: name=&quot;test:prepare-filesystem&quot;]; precursor=[]], [Goal: name=&quot;test:test-resources&quot;]; precursor=[[Goal: name=&quot;test:prepare-filesystem&quot;]; precursor=[]]]]]]]]]], xdoc:jelly-transform=[Goal: name=&quot;xdoc:jelly-transform&quot;]; precursor=[[Goal: name=&quot;xdoc:init&quot;]; precursor=[]], [Goal: name=&quot;xdoc:jelly-init&quot;]; precursor=[]], [Goal: name=&quot;xdoc:register-reports&quot;]; precursor=[]]]], artifact:load=[Goal: name=&quot;artifact:load&quot;]; precursor=[]], java:compile=[Goal: name=&quot;java:compile&quot;]; precursor=[[Goal: name=&quot;java:prepare-filesystem&quot;]; precursor=[]]]], license=[Goal: name=&quot;license&quot;]; precursor=[[Goal: name=&quot;license:transfer&quot;]; precursor=[[Goal: name=&quot;xdoc:init&quot;]; precursor=[]]]]]], jar:deploy-snapshot=[Goal: name=&quot;jar:deploy-snapshot&quot;]; precursor=[[Goal: name=&quot;jar:jar&quot;]; precursor=[[Goal: name=&quot;test:test&quot;]; precursor=[[Goal: name=&quot;test:compile&quot;]; precursor=[[Goal: name=&quot;java:compile&quot;]; precursor=[[Goal: name=&quot;java:prepare-filesystem&quot;]; precursor=[]]]], [Goal: name=&quot;java:jar-resources&quot;]; precursor=[]], [Goal: name=&quot;test:prepare-filesystem&quot;]; precursor=[]], [Goal: name=&quot;test:test-resources&quot;]; precursor=[[Goal: name=&quot;test:prepare-filesystem&quot;]; precursor=[]]]]]]]]]]]], build:start=[Goal: name=&quot;build:start&quot;]; precursor=[]], test:prepare-filesystem=[Goal: name=&quot;test:prepare-filesystem&quot;]; precursor=[]], maven-license-plugin:report=[Goal: name=&quot;maven-license-plugin:report&quot;]; precursor=[]], clean=[Goal: name=&quot;clean&quot;]; precursor=[[Goal: name=&quot;clean:clean&quot;]; precursor=[]]]], jar:jar=[Goal: name=&quot;jar:jar&quot;]; precursor=[[Goal: name=&quot;test:test&quot;]; precursor=[[Goal: name=&quot;test:compile&quot;]; precursor=[[Goal: name=&quot;java:compile&quot;]; precursor=[[Goal: name=&quot;java:prepare-filesystem&quot;]; precursor=[]]]], [Goal: name=&quot;java:jar-resources&quot;]; precursor=[]], [Goal: name=&quot;test:prepare-filesystem&quot;]; precursor=[]], [Goal: name=&quot;test:test-resources&quot;]; precursor=[[Goal: name=&quot;test:prepare-filesystem&quot;]; precursor=[]]]]]]]]]], pom:install=[Goal: name=&quot;pom:install&quot;]; precursor=[]], xdoc:validate=[Goal: name=&quot;xdoc:validate&quot;]; precursor=[[Goal: name=&quot;pom:taglib&quot;]; precursor=[]]]], xdoc=[Goal: name=&quot;xdoc&quot;]; precursor=[[Goal: name=&quot;xdoc:generate-from-pom&quot;]; precursor=[[Goal: name=&quot;xdoc:init&quot;]; precursor=[]], [Goal: name=&quot;xdoc:register-reports&quot;]; precursor=[]]]], [Goal: name=&quot;xdoc:transform&quot;]; precursor=[[Goal: name=&quot;xdoc:init&quot;]; precursor=[]]]]]], test:test-resources=[Goal: name=&quot;test:test-resources&quot;]; precursor=[[Goal: name=&quot;test:prepare-filesystem&quot;]; precursor=[]]]], xdoc:performJSL=[Goal: name=&quot;xdoc:performJSL&quot;]; precursor=[]], jar:deploy=[Goal: name=&quot;jar:deploy&quot;]; precursor=[[Goal: name=&quot;jar:jar&quot;]; precursor=[[Goal: name=&quot;test:test&quot;]; precursor=[[Goal: name=&quot;test:compile&quot;]; precursor=[[Goal: name=&quot;java:compile&quot;]; precursor=[[Goal: name=&quot;java:prepare-filesystem&quot;]; precursor=[]]]], [Goal: name=&quot;java:jar-resources&quot;]; precursor=[]], [Goal: name=&quot;test:prepare-filesystem&quot;]; precursor=[]], [Goal: name=&quot;test:test-resources&quot;]; precursor=[[Goal: name=&quot;test:prepare-filesystem&quot;]; precursor=[]]]]]]]]]]]], test:compile=[Goal: name=&quot;test:compile&quot;]; precursor=[[Goal: name=&quot;java:compile&quot;]; precursor=[[Goal: name=&quot;java:prepare-filesystem&quot;]; precursor=[]]]], [Goal: name=&quot;java:jar-resources&quot;]; precursor=[]], [Goal: name=&quot;test:prepare-filesystem&quot;]; precursor=[]], [Goal: name=&quot;test:test-resources&quot;]; precursor=[[Goal: name=&quot;test:prepare-filesystem&quot;]; precursor=[]]]]]], xdoc:copy-resources=[Goal: name=&quot;xdoc:copy-resources&quot;]; precursor=[[Goal: name=&quot;xdoc:init&quot;]; precursor=[]]]], test:ui=[Goal: name=&quot;test:ui&quot;]; precursor=[[Goal: name=&quot;test:compile&quot;]; precursor=[[Goal: name=&quot;java:compile&quot;]; precursor=[[Goal: name=&quot;java:prepare-filesystem&quot;]; precursor=[]]]], [Goal: name=&quot;java:jar-resources&quot;]; precursor=[]], [Goal: name=&quot;test:prepare-filesystem&quot;]; precursor=[]], [Goal: name=&quot;test:test-resources&quot;]; precursor=[[Goal: name=&quot;test:prepare-filesystem&quot;]; precursor=[]]]]]]]], xdoc:copy-user-resources=[Goal: name=&quot;xdoc:copy-user-resources&quot;]; precursor=[[Goal: name=&quot;xdoc:init&quot;]; precursor=[]]]], pom:install-snapshot=[Goal: name=&quot;pom:install-snapshot&quot;]; precursor=[]], maven-license-plugin:deregister=[Goal: name=&quot;maven-license-plugin:deregister&quot;]; precursor=[]], jar=[Goal: name=&quot;jar&quot;]; precursor=[[Goal: name=&quot;jar:jar&quot;]; precursor=[[Goal: name=&quot;test:test&quot;]; precursor=[[Goal: name=&quot;test:compile&quot;]; precursor=[[Goal: name=&quot;java:compile&quot;]; precursor=[[Goal: name=&quot;java:prepare-filesystem&quot;]; precursor=[]]]], [Goal: name=&quot;java:jar-resources&quot;]; precursor=[]], [Goal: name=&quot;test:prepare-filesystem&quot;]; precursor=[]], [Goal: name=&quot;test:test-resources&quot;]; precursor=[[Goal: name=&quot;test:prepare-filesystem&quot;]; precursor=[]]]]]]]]]]]], pom:validate=[Goal: name=&quot;pom:validate&quot;]; precursor=[[Goal: name=&quot;pom:verify-version&quot;]; precursor=[]]]], test:match-test=[Goal: name=&quot;test:match-test&quot;]; precursor=[]], java:prepare-filesystem=[Goal: name=&quot;java:prepare-filesystem&quot;]; precursor=[]], xdoc:register-reports=[Goal: name=&quot;xdoc:register-reports&quot;]; precursor=[]], pom:taglib=[Goal: name=&quot;pom:taglib&quot;]; precursor=[]], clean:clean=[Goal: name=&quot;clean:clean&quot;]; precursor=[]], xdoc:dump-report-settings=[Goal: name=&quot;xdoc:dump-report-settings&quot;]; precursor=[]], antlr:prepare-filesystem=[Goal: name=&quot;antlr:prepare-filesystem&quot;]; precursor=[]], java:jar-resources=[Goal: name=&quot;java:jar-resources&quot;]; precursor=[]], pom:verify-version=[Goal: name=&quot;pom:verify-version&quot;]; precursor=[]], test:match=[Goal: name=&quot;test:match&quot;]; precursor=[[Goal: name=&quot;test:compile&quot;]; precursor=[[Goal: name=&quot;java:compile&quot;]; precursor=[[Goal: name=&quot;java:prepare-filesystem&quot;]; precursor=[]]]], [Goal: name=&quot;java:jar-resources&quot;]; precursor=[]], [Goal: name=&quot;test:prepare-filesystem&quot;]; precursor=[]], [Goal: name=&quot;test:test-resources&quot;]; precursor=[[Goal: name=&quot;test:prepare-filesystem&quot;]; precursor=[]]]]]]]], test:eclipse=[Goal: name=&quot;test:eclipse&quot;]; precursor=[]], antlr:generate=[Goal: name=&quot;antlr:generate&quot;]; precursor=[[Goal: name=&quot;antlr:prepare-filesystem&quot;]; precursor=[]]]], pom=[Goal: name=&quot;pom&quot;]; precursor=[[Goal: name=&quot;pom:validate&quot;]; precursor=[[Goal: name=&quot;pom:verify-version&quot;]; precursor=[]]]]]], java:jar=[Goal: name=&quot;java:jar&quot;]; precursor=[[Goal: name=&quot;jar:jar&quot;]; precursor=[[Goal: name=&quot;test:test&quot;]; precursor=[[Goal: name=&quot;test:compile&quot;]; precursor=[[Goal: name=&quot;java:compile&quot;]; precursor=[[Goal: name=&quot;java:prepare-filesystem&quot;]; precursor=[]]]], [Goal: name=&quot;java:jar-resources&quot;]; precursor=[]], [Goal: name=&quot;test:prepare-filesystem&quot;]; precursor=[]], [Goal: name=&quot;test:test-resources&quot;]; precursor=[[Goal: name=&quot;test:prepare-filesystem&quot;]; precursor=[]]]]]]]]]]]]};]"></property>
    <property name="java.awt.printerjob" value="apple.awt.CPrinterJob"></property>
    <property name="forehead.conf.file" value="/Applications/dev/maven/bin/forehead.conf"></property>
    <property name="maven.final.name" value="swaf-skeleton-20050525.1"></property>
    <property name="maven.jar.manifest" value="/Users/greg/dev/projects/swaf/swaf/swaf-skeleton/conf/Manifest.mf"></property>
    <property name="maven.repo.kiala" value="sftp://dev.kiala.com"></property>
    <property name="maven.xdoc.distributionType" value="jar"></property>
    <property name="https.proxyPort" value="8080"></property>
    <property name="gopherProxySet" value="false"></property>
    <property name="maven.scp.executable" value="scp"></property>
    <property name="maven.docs.dest" value="/Users/greg/dev/projects/swaf/swaf/swaf-skeleton/target/docs"></property>
    <property name="os.name" value="Mac OS X"></property>
    <property name="java.specification.vendor" value="Sun Microsystems Inc."></property>
    <property name="maven.docs.src" value="/Users/greg/dev/projects/swaf/swaf/swaf-skeleton/xdocs"></property>
    <property name="java.vm.name" value="Java HotSpot(TM) Client VM"></property>
    <property name="mrj.version" value="141.3"></property>
    <property name="java.library.path" value=".:/Library/Java/Extensions:/System/Library/Java/Extensions:/usr/lib/java"></property>
    <property name="maven.build" value="MAVEN_BUILD_NOT_SET"></property>
    <property name="ant.java.version" value="1.4"></property>
    <property name="maven.jar.compress" value="true"></property>
    <property name="basedir" value="/Users/greg/dev/projects/swaf/swaf/swaf-skeleton"></property>
    <property name="maven.jar.override" value="on"></property>
    <property name="java.class.version" value="48.0"></property>
    <property name="dir__" value="/Users/greg/dev/projects/swaf/swaf/swaf-skeleton/src/testX"></property>
    <property name="maven.xdoc.poweredby.url" value="http://maven.apache.org/"></property>
    <property name="maven.final.dir" value="/Users/greg/dev/projects/swaf/swaf/swaf-skeleton/swaf-skeleton-20050525.1"></property>
    <property name="maven.xdoc.developmentProcessUrl" value="http://maven.apache.org/development-process.html"></property>
    <property name="maven.mode.online" value="true"></property>
    <property name="maven.repo.incongru" value="ftp://incongru.net"></property>
    <property name="maven.test.dest" value="/Users/greg/dev/projects/swaf/swaf/swaf-skeleton/target/test-classes"></property>
    <property name="maven.session.global" value="com.werken.werkz.jelly.JellySession@eebafe"></property>
    <property name="maven.xmlOutput" value="org.apache.commons.jelly.XMLOutput$1@ce3dad[contentHandler=org.dom4j.io.XMLWriter@334c25;lexicalHandler=org.dom4j.io.XMLWriter@334c25]"></property>
    <property name="maven.repo.incongru.username" value="greg_tinh-di_net"></property>
    <property name="maven.test.skip" value="false"></property>
    <property name="maven.src.dir" value="/Users/greg/dev/projects/swaf/swaf/swaf-skeleton/src"></property>
    <property name="sun.boot.library.path" value="/System/Library/Frameworks/JavaVM.framework/Versions/1.4.2/Libraries"></property>
    <property name="java.awt.graphicsenv" value="apple.awt.CGraphicsEnvironment"></property>
    <property name="http.proxyPort" value="8080"></property>
    <property name="https.proxyHost" value="hyperion.lan.kiala.com"></property>
    <property name="maven.junit.envvars" value=""></property>
    <property name="maven.session" value="org.apache.maven.MavenSession@d6ecc2"></property>
    <property name="maven.xdoc.crumb.separator" value="|"></property>
    <property name="java.vm.specification.version" value="1.0"></property>
    <property name="pom" value=""></property>
    <property name="maven.test.reportsDirectory" value="/Users/greg/dev/projects/swaf/swaf/swaf-skeleton/target/test-reports"></property>
    <property name="awt.toolkit" value="apple.awt.CToolkit"></property>
    <property name="sun.cpu.isalist" value=""></property>
    <property name="maven.ant.project" value="org.apache.commons.grant.GrantProject@261b7d"></property>
    <property name="unitTestSourcesPresent" value="true"></property>
    <property name="maven.jar.pell-multipart" value="lib/pell-multipart.jar"></property>
    <property name="java.ext.dirs" value="/Library/Java/Extensions:/System/Library/Java/Extensions:/System/Library/Frameworks/JavaVM.framework/Versions/1.4.2/Home/lib/ext"></property>
    <property name="os.version" value="10.3.9"></property>
    <property name="maven.jar.excludes" value="**/package.html"></property>
    <property name="user.home" value="/Users/greg"></property>
    <property name="java.vm.vendor" value="&quot;Apple Computer, Inc.&quot;"></property>
    <property name="javax.xml.parsers.DocumentBuilderFactory" value="org.apache.xerces.jaxp.DocumentBuilderFactoryImpl"></property>
    <property name="maven.xdoc.date.locale" value="en"></property>
    <property name="maven.xdoc.theme.url" value=""></property>
    <property name="user.dir" value="/Users/greg/dev/projects/swaf/swaf/swaf-skeleton"></property>
    <property name="maven.artifact.manifest.extensions.add" value="false"></property>
    <property name="maven.xdoc.theme" value="theme"></property>
    <property name="maven.build.src" value="/Users/greg/dev/projects/swaf/swaf/swaf-skeleton/target/src"></property>
    <property name="sun.cpu.endian" value="big"></property>
    <property name="maven.distDirectory" value="/Users/greg/dev/projects/swaf/swaf/swaf-skeleton/dist"></property>
    <property name="project" value="org.apache.commons.grant.GrantProject@261b7d"></property>
    <property name="maven.defaults.loaded" value="true"></property>
    <property name="maven.username" value="USERNAME_NOT_SET"></property>
    <property name="java.vm.version" value="1.4.2-38"></property>
    <property name="java.class.path" value="/Users/greg/dev/projects/swaf/swaf/swaf-skeleton/target/test-classes:/Users/greg/dev/projects/swaf/swaf/swaf-skeleton/target/classes:/Users/greg/.maven/repository/xmlunit/jars/xmlunit-1.0.jar:/Users/greg/.maven/repository/jetty/jars/jetty-4.2.9.jar:/Users/greg/.maven/repository/servletapi/jars/servletapi-2.4-20040521.jar:/Users/greg/.maven/repository/jspapi/jars/jsp-api-2.0-20040521.jar:/Users/greg/.maven/repository/picocontainer/jars/picocontainer-1.2-SNAPSHOT.jar:/Users/greg/.maven/repository/nanocontainer/jars/nanocontainer-1.0-beta-5-SNAPSHOT.jar:/Users/greg/.maven/repository/nanocontainer/jars/nanocontainer-hibernate-1.0-beta-5-SNAPSHOT.jar:/Users/greg/.maven/repository/nanocontainer/jars/nanocontainer-nanowar-1.0-beta-5-SNAPSHOT.jar:/Users/greg/.maven/repository/groovy/jars/groovy-1.0-beta-7.jar:/Users/greg/.maven/repository/asm/jars/asm-1.4.3.jar:/Users/greg/.maven/repository/asm/jars/asm-util-1.4.3.jar:/Users/greg/.maven/repository/opensymphony/jars/oscore-2.2.4.jar:/Users/greg/.maven/repository/opensymphony/jars/osuser-1.0-dev-31Oct04.jar:/Users/greg/.maven/repository/opensymphony/jars/propertyset-1.3-3Nov04.jar:/Users/greg/.maven/repository/opensymphony/jars/webwork-2.1.7.jar:/Users/greg/.maven/repository/opensymphony/jars/xwork-1.0.5.jar:/Users/greg/.maven/repository/velocity/jars/velocity-1.3.1.jar:/Users/greg/dev/projects/swaf/swaf/swaf-skeleton/lib/freemarker-2.3.jar:/Users/greg/.maven/repository/ognl/jars/ognl-2.6.5.jar:/Users/greg/.maven/repository/swaf/jars/seraph-0.7.6-swaf-SNAPSHOT.jar:/Users/greg/.maven/repository/commons-email/jars/commons-email-SNAPSHOT.jar:/Users/greg/.maven/repository/commons-fileupload/jars/commons-fileupload-1.0.jar:/Users/greg/.maven/repository/swaf-tools/jars/swaf-hibernate-20050525.1.jar:/Users/greg/.maven/repository/swaf-tools/jars/swaf-bookmarks-20050525.1.jar:/Users/greg/.maven/repository/swaf-tools/jars/swaf-mail-20050525.1.jar:/Users/greg/.maven/repository/swaf-tools/jars/swaf-user-20050525.1.jar:/Users/greg/.maven/repository/swaf-tools/jars/swaf-seraph-20050525.1.jar:/Users/greg/.maven/repository/swaf-tools/jars/swaf-user-mgt-webwork-20050525.1.jar:/Users/greg/.maven/repository/log4j/jars/log4j-1.2.8.jar:/Users/greg/.maven/repository/httpunit/jars/httpunit-1.6.jar:/Users/greg/.maven/repository/tomcat/jars/jasper-compiler-5.5.4.jar:/Users/greg/.maven/repository/tomcat/jars/jasper-runtime-5.5.4.jar:/Users/greg/.maven/repository/hibernate/jars/hibernate-2.1.7c.jar:/Users/greg/.maven/repository/dom4j/jars/dom4j-1.5.2.jar:/Users/greg/.maven/repository/odmg/jars/odmg-3.0.jar:/Users/greg/.maven/repository/cglib/jars/cglib-2.0.2.jar:/Users/greg/.maven/repository/commons-logging/jars/commons-logging-1.0.4.jar:/Users/greg/.maven/repository/commons-lang/jars/commons-lang-2.0.jar:/Users/greg/.maven/repository/commons-collections/jars/commons-collections-3.1.jar:/Users/greg/dev/projects/swaf/swaf/swaf-skeleton/lib/jta-1_0_1B-classes.jar:/Users/greg/.maven/repository/xstream/jars/xstream-1.0.2.jar:/Users/greg/.maven/repository/xpp3/jars/xpp3-1.1.3.3.jar:/Users/greg/.maven/repository/opensymphony/jars/sitemesh-2.2.2-greg-20050115.jar:/Users/greg/.maven/repository/activation/jars/activation-1.0.2.jar:/Users/greg/.maven/repository/javamail/jars/javamail-1.3.2.jar:/Users/greg/.maven/repository/junit/jars/junit-3.8.1.jar:/Users/greg/.maven/repository/xml-apis/jars/xml-apis-1.0.b2.jar:/Users/greg/.maven/repository/xerces/jars/xerces-2.4.0.jar:/Applications/dev/maven/lib/ant-1.5.3-1.jar:/Applications/dev/maven/lib/ant-optional-1.5.3-1.jar"></property>
    <property name="javax.xml.parsers.SAXParserFactory" value="org.apache.xerces.jaxp.SAXParserFactoryImpl"></property>
    <property name="os.arch" value="ppc"></property>
    <property name="maven.debugOn" value="false"></property>
    <property name="http.proxyHost" value="hyperion.lan.kiala.com"></property>
    <property name="maven.junit.jvmargs" value=""></property>
    <property name="maven.jar.freemarker" value="lib/freemarker-2.3.jar"></property>
    <property name="maven.application.version" value="1.0.2"></property>
    <property name="maven.repo.remote" value="http://maven.dev.kiala.com"></property>
    <property name="maven.license.licenseFile" value="/Users/greg/dev/projects/swaf/swaf/swaf-skeleton/LICENSE.txt"></property>
    <property name="java.vm.specification.vendor" value="Sun Microsystems Inc."></property>
    <property name="file.separator" value="/"></property>
    <property name="maven.gen.docs" value="/Users/greg/dev/projects/swaf/swaf/swaf-skeleton/target/generated-xdocs"></property>
    <property name="maven.repo.kiala.password" value="10moioui"></property>
    <property name="java.runtime.version" value="1.4.2_05-141.4"></property>
    <property name="sun.boot.class.path" value="/System/Library/Frameworks/JavaVM.framework/Versions/1.4.2/Classes/classes.jar:/System/Library/Frameworks/JavaVM.framework/Versions/1.4.2/Classes/ui.jar:/System/Library/Frameworks/JavaVM.framework/Versions/1.4.2/Classes/laf.jar:/System/Library/Frameworks/JavaVM.framework/Versions/1.4.2/Classes/sunrsasign.jar:/System/Library/Frameworks/JavaVM.framework/Versions/1.4.2/Classes/jsse.jar:/System/Library/Frameworks/JavaVM.framework/Versions/1.4.2/Classes/jce.jar:/System/Library/Frameworks/JavaVM.framework/Versions/1.4.2/Classes/charsets.jar"></property>
    <property name="maven.home.local" value="/Users/greg/.maven"></property>
    <property name="sun.java2d.fontpath" value=""></property>
    <property name="user.country" value="US"></property>
    <property name="maven.home" value="/Applications/dev/maven"></property>
    <property name="maven.antlr.src.dir" value="MAVEN_ANTLR_SRC_DIR_NOT_SET"></property>
    <property name="tools.jar" value="/System/Library/Frameworks/JavaVM.framework/Versions/CurrentJDK/Classes/classes.jar"></property>
    <property name="maven.distBuildDirectory" value="/Users/greg/dev/projects/swaf/swaf/swaf-skeleton/target"></property>
    <property name="java.vendor" value="Apple Computer, Inc."></property>
    <property name="maven.docs.outputencoding" value="ISO-8859-1"></property>
    <property name="awt.nativeDoubleBuffering" value="true"></property>
    <property name="java.specification.version" value="1.4"></property>
    <property name="maven.ui.navcol.width" value="20%"></property>
    <property name="sun.arch.data.model" value="32"></property>
  </properties>
  <testcase name="testSimpleModelMakesSimpleUrl" time="0.882"></testcase>
  <testcase name="testNullValuesShouldNotEndupInUrl" time="0.0010"></testcase>
  <system-out><![CDATA[]]></system-out>
  <system-err><![CDATA[log4j:ERROR setFile(null,true) call failed.
java.io.FileNotFoundException: ../logs/swaf.log (No such file or directory)
	at java.io.FileOutputStream.openAppend(Native Method)
	at java.io.FileOutputStream.<init>(FileOutputStream.java:177)
	at java.io.FileOutputStream.<init>(FileOutputStream.java:102)
	at org.apache.log4j.FileAppender.setFile(FileAppender.java:272)
	at org.apache.log4j.FileAppender.activateOptions(FileAppender.java:151)
	at org.apache.log4j.DailyRollingFileAppender.activateOptions(DailyRollingFileAppender.java:206)
	at org.apache.log4j.config.PropertySetter.activate(PropertySetter.java:247)
	at org.apache.log4j.xml.DOMConfigurator.parseAppender(DOMConfigurator.java:210)
	at org.apache.log4j.xml.DOMConfigurator.findAppenderByName(DOMConfigurator.java:140)
	at org.apache.log4j.xml.DOMConfigurator.findAppenderByReference(DOMConfigurator.java:153)
	at org.apache.log4j.xml.DOMConfigurator.parseChildrenOfLoggerElement(DOMConfigurator.java:415)
	at org.apache.log4j.xml.DOMConfigurator.parseCategory(DOMConfigurator.java:335)
	at org.apache.log4j.xml.DOMConfigurator.parse(DOMConfigurator.java:781)
	at org.apache.log4j.xml.DOMConfigurator.doConfigure(DOMConfigurator.java:666)
	at org.apache.log4j.xml.DOMConfigurator.doConfigure(DOMConfigurator.java:616)
	at org.apache.log4j.xml.DOMConfigurator.doConfigure(DOMConfigurator.java:602)
	at org.apache.log4j.helpers.OptionConverter.selectAndConfigure(OptionConverter.java:460)
	at org.apache.log4j.LogManager.<clinit>(LogManager.java:113)
	at org.apache.log4j.Logger.getLogger(Logger.java:85)
	at org.apache.commons.logging.impl.Log4JLogger.getLogger(Log4JLogger.java:229)
	at org.apache.commons.logging.impl.Log4JLogger.<init>(Log4JLogger.java:65)
	at sun.reflect.NativeConstructorAccessorImpl.newInstance0(Native Method)
	at sun.reflect.NativeConstructorAccessorImpl.newInstance(NativeConstructorAccessorImpl.java:39)
	at sun.reflect.DelegatingConstructorAccessorImpl.newInstance(DelegatingConstructorAccessorImpl.java:27)
	at java.lang.reflect.Constructor.newInstance(Constructor.java:274)
	at org.apache.commons.logging.impl.LogFactoryImpl.newInstance(LogFactoryImpl.java:529)
	at org.apache.commons.logging.impl.LogFactoryImpl.getInstance(LogFactoryImpl.java:235)
	at org.apache.commons.logging.impl.LogFactoryImpl.getInstance(LogFactoryImpl.java:209)
	at org.apache.commons.logging.LogFactory.getLog(LogFactory.java:351)
	at com.opensymphony.xwork.util.OgnlValueStack.<clinit>(OgnlValueStack.java:34)
	at com.opensymphony.xwork.ActionContext$ActionContextThreadLocal.initialValue(ActionContext.java:324)
	at java.lang.ThreadLocal$ThreadLocalMap.getAfterMiss(ThreadLocal.java:368)
	at java.lang.ThreadLocal$ThreadLocalMap.get(ThreadLocal.java:341)
	at java.lang.ThreadLocal$ThreadLocalMap.access$000(ThreadLocal.java:219)
	at java.lang.ThreadLocal.get(ThreadLocal.java:121)
	at com.opensymphony.xwork.ActionContext.getContext(ActionContext.java:147)
	at net.incongru.webwork.ModelUrlBuilder.buildUrl(ModelUrlBuilder.java:38)
	at net.incongru.webwork.ModelUrlBuilderTest.testSimpleModelMakesSimpleUrl(ModelUrlBuilderTest.java:15)
	at sun.reflect.NativeMethodAccessorImpl.invoke0(Native Method)
	at sun.reflect.NativeMethodAccessorImpl.invoke(NativeMethodAccessorImpl.java:39)
	at sun.reflect.DelegatingMethodAccessorImpl.invoke(DelegatingMethodAccessorImpl.java:25)
	at java.lang.reflect.Method.invoke(Method.java:324)
	at junit.framework.TestCase.runTest(TestCase.java:154)
	at junit.framework.TestCase.runBare(TestCase.java:127)
	at junit.framework.TestResult$1.protect(TestResult.java:106)
	at junit.framework.TestResult.runProtected(TestResult.java:124)
	at junit.framework.TestResult.run(TestResult.java:109)
	at junit.framework.TestCase.run(TestCase.java:118)
	at junit.framework.TestSuite.runTest(TestSuite.java:208)
	at junit.framework.TestSuite.run(TestSuite.java:203)
	at org.apache.tools.ant.taskdefs.optional.junit.JUnitTestRunner.run(JUnitTestRunner.java:325)
	at org.apache.tools.ant.taskdefs.optional.junit.JUnitTestRunner.main(JUnitTestRunner.java:536)
log4j:ERROR Either File or DatePattern options are not set for appender [MAIN].
]]></system-err>
</testsuite>
