<?xml version="1.0" encoding="UTF-8" ?>
<testsuite errors="0" failures="0" name="net.incongru.hibernate.XStreamTypeTest" tests="1" time="5.057">
  <properties>
    <property name="file.encoding.pkg" value="sun.io"></property>
    <property name="maven.compile.debug" value="on"></property>
    <property name="maven.property.inheritance" value="true"></property>
    <property name="java.home" value="/System/Library/Frameworks/JavaVM.framework/Versions/1.4.2/Home"></property>
    <property name="maven.distBuildIndicator" value="DIST_BUILD_DIRECTORY"></property>
    <property name="context" value="org.apache.maven.jelly.MavenJellyContext@c30cbb"></property>
    <property name="maven.test.search.classdir" value="true"></property>
    <property name="maven.plugin.unpacked.dir" value="/Users/greg/.maven/cache"></property>
    <property name="java.endorsed.dirs" value="/System/Library/Frameworks/JavaVM.framework/Versions/1.4.2/Home/lib/endorsed"></property>
    <property name="maven.conf.dir" value="/Users/greg/dev/projects/swaf/swaf/swaf-tools/hibernate/conf"></property>
    <property name="org.apache.commons.jelly.ant.Project" value="org.apache.commons.grant.GrantProject@59e40"></property>
    <property name="maven.xdoc.includeProjectDocumentation" value="yes"></property>
    <property name="maven.docs.omitXmlDeclaration" value="false"></property>
    <property name="sun.os.patch.level" value="unknown"></property>
    <property name="java.vendor.url" value="http://apple.com/"></property>
    <property name="maven.build.dir" value="/Users/greg/dev/projects/swaf/swaf/swaf-tools/hibernate/target"></property>
    <property name="java.version" value="1.4.2_05"></property>
    <property name="maven.repo.incongru.directory" value="www.incongru.net/htdocs/maven"></property>
    <property name="maven.remote.group" value="maven"></property>
    <property name="java.vendor.url.bug" value="http://developer.apple.com/java/"></property>
    <property name="maven.junit.jvm" value=""></property>
    <property name="user.name" value="greg"></property>
    <property name="sun.io.unicode.encoding" value="UnicodeBig"></property>
    <property name="maven.junit.printSummary" value="true"></property>
    <property name="sourcesPresent" value="true"></property>
    <property name="java.runtime.name" value="Java(TM) 2 Runtime Environment, Standard Edition"></property>
    <property name="maven.xdoc.date.format" value="dd MMMM yyyy"></property>
    <property name="maven.repo.kiala.username" value="koala"></property>
    <property name="java.specification.name" value="Java Platform API Specification"></property>
    <property name="ftp.nonProxyHosts" value="localhost|*.localhost|dev.kiala.com|*.dev.kiala.com|dev.kiala.com|*.dev.kiala.com"></property>
    <property name="user.timezone" value=""></property>
    <property name="maven.xdoc.poweredby.title" value="Built by Maven"></property>
    <property name="maven.ssh.executable" value="ssh"></property>
    <property name="path.separator" value=":"></property>
    <property name="maven.xdoc.pomDocuments" value="cvs-usage.xml,index.xml,maven-reports.xml,dependencies.xml,issue-tracking.xml,mail-lists.xml,project-info.xml,team-list.xml,downloads.jelly"></property>
    <property name="maven.repo.incongru.password" value="t1nh-d1"></property>
    <property name="file.encoding" value="MacRoman"></property>
    <property name="maven.antlr.target.dir" value="/Users/greg/dev/projects/swaf/swaf/swaf-tools/hibernate/target/antlr"></property>
    <property name="maven.jar.mainclass" value=""></property>
    <property name="systemScope" value="{java.runtime.name=Java(TM) 2 Runtime Environment, Standard Edition, sun.boot.library.path=/System/Library/Frameworks/JavaVM.framework/Versions/1.4.2/Libraries, java.vm.version=1.4.2-38, awt.nativeDoubleBuffering=true, gopherProxySet=false, java.vm.vendor=&quot;Apple Computer, Inc.&quot;, java.vendor.url=http://apple.com/, path.separator=:, java.vm.name=Java HotSpot(TM) Client VM, file.encoding.pkg=sun.io, sun.os.patch.level=unknown, user.country=US, java.vm.specification.name=Java Virtual Machine Specification, user.dir=/Users/greg/dev/projects/swaf/swaf/swaf-tools, java.runtime.version=1.4.2_05-141.4, forehead.conf.file=/Applications/dev/maven/bin/forehead.conf, java.awt.graphicsenv=apple.awt.CGraphicsEnvironment, java.endorsed.dirs=/System/Library/Frameworks/JavaVM.framework/Versions/CurrentJDK/Home/lib/endorsed:/Applications/dev/maven/lib/endorsed, os.arch=ppc, java.io.tmpdir=/tmp, line.separator=
, java.vm.specification.vendor=Sun Microsystems Inc., https.proxyHost=hyperion.lan.kiala.com, os.name=Mac OS X, sun.java2d.fontpath=, tools.jar=/System/Library/Frameworks/JavaVM.framework/Versions/CurrentJDK/Classes/classes.jar, java.library.path=.:/Library/Java/Extensions:/System/Library/Java/Extensions:/usr/lib/java, javax.xml.parsers.SAXParserFactory=org.apache.xerces.jaxp.SAXParserFactoryImpl, http.proxyPort=8080, java.specification.name=Java Platform API Specification, java.class.version=48.0, java.util.prefs.PreferencesFactory=java.util.prefs.MacOSXPreferencesFactory, os.version=10.3.9, http.nonProxyHosts=localhost|*.localhost|dev.kiala.com|*.dev.kiala.com|dev.kiala.com|*.dev.kiala.com, user.home=/Users/greg, user.timezone=Europe/Brussels, java.awt.printerjob=apple.awt.CPrinterJob, file.encoding=MacRoman, java.specification.version=1.4, java.class.path=/Applications/dev/maven/lib/forehead-1.0-beta-5.jar, user.name=greg, java.vm.specification.version=1.0, java.home=/System/Library/Frameworks/JavaVM.framework/Versions/1.4.2/Home, sun.arch.data.model=32, user.language=en, java.specification.vendor=Sun Microsystems Inc., awt.toolkit=apple.awt.CToolkit, java.vm.info=mixed mode, java.version=1.4.2_05, java.ext.dirs=/Library/Java/Extensions:/System/Library/Java/Extensions:/System/Library/Frameworks/JavaVM.framework/Versions/1.4.2/Home/lib/ext, sun.boot.class.path=/Applications/dev/maven/lib/endorsed/xerces-2.4.0.jar:/Applications/dev/maven/lib/endorsed/xml-apis-1.0.b2.jar:/System/Library/Frameworks/JavaVM.framework/Versions/1.4.2/Classes/classes.jar:/System/Library/Frameworks/JavaVM.framework/Versions/1.4.2/Classes/ui.jar:/System/Library/Frameworks/JavaVM.framework/Versions/1.4.2/Classes/laf.jar:/System/Library/Frameworks/JavaVM.framework/Versions/1.4.2/Classes/sunrsasign.jar:/System/Library/Frameworks/JavaVM.framework/Versions/1.4.2/Classes/jsse.jar:/System/Library/Frameworks/JavaVM.framework/Versions/1.4.2/Classes/jce.jar:/System/Library/Frameworks/JavaVM.framework/Versions/1.4.2/Classes/charsets.jar, http.proxyHost=hyperion.lan.kiala.com, javax.xml.parsers.DocumentBuilderFactory=org.apache.xerces.jaxp.DocumentBuilderFactoryImpl, java.vendor=Apple Computer, Inc., maven.home=/Applications/dev/maven, file.separator=/, java.vendor.url.bug=http://developer.apple.com/java/, sun.io.unicode.encoding=UnicodeBig, sun.cpu.endian=big, mrj.version=141.3, https.proxyPort=8080, socksNonProxyHosts=localhost|*.localhost|dev.kiala.com|*.dev.kiala.com|dev.kiala.com|*.dev.kiala.com, ftp.nonProxyHosts=localhost|*.localhost|dev.kiala.com|*.dev.kiala.com|dev.kiala.com|*.dev.kiala.com, sun.cpu.isalist=}"></property>
    <property name="maven.junit.dir" value="/Users/greg/dev/projects/swaf/swaf/swaf-tools/hibernate"></property>
    <property name="socksNonProxyHosts" value="localhost|*.localhost|dev.kiala.com|*.dev.kiala.com|dev.kiala.com|*.dev.kiala.com"></property>
    <property name="maven.xdoc.poweredby.image" value="maven-button-1.png"></property>
    <property name="maven.jar.index" value="false"></property>
    <property name="java.io.tmpdir" value="/tmp"></property>
    <property name="user.language" value="en"></property>
    <property name="maven.xdoc.date" value=""></property>
    <property name="line.separator" value="
"></property>
    <property name="maven.repo.local" value="/Users/greg/.maven/repository"></property>
    <property name="maven.jar.jta" value="/Users/greg/dev/projects/swaf/swaf/swaf-tools/hibernate/lib/jta-1_0_1B-classes.zip"></property>
    <property name="maven.plugin.user.dir" value="/Users/greg/.maven/plugins"></property>
    <property name="maven.artifact.manifest.basedir" value="/plugin-resources/templates"></property>
    <property name="maven.junit.fork" value="true"></property>
    <property name="berkanoVersion" value="20050525.1"></property>
    <property name="maven.junit.usefile" value="true"></property>
    <property name="maven.junit.format" value="brief"></property>
    <property name="maven.compile.optimize" value="off"></property>
    <property name="java.vm.info" value="mixed mode"></property>
    <property name="maven.repo.remote.enabled" value="true"></property>
    <property name="java.util.prefs.PreferencesFactory" value="java.util.prefs.MacOSXPreferencesFactory"></property>
    <property name="java.vm.specification.name" value="Java Virtual Machine Specification"></property>
    <property name="maven.repo.list" value="kiala"></property>
    <property name="maven.emacsModeOn" value="false"></property>
    <property name="maven.build.dest" value="/Users/greg/dev/projects/swaf/swaf/swaf-tools/hibernate/target/classes"></property>
    <property name="maven.repo.kiala.directory" value="/var/www/maven.dev.kiala.com"></property>
    <property name="maven.jar.manifest.extensions.add" value="false"></property>
    <property name="maven.compile.deprecation" value="off"></property>
    <property name="maven.xdoc.projectInfo" value="cvs-usage.xml,dependencies.xml,issue-tracking.xml,mail-lists.xml,project-info.xml,team-list.xml,downloads.jelly"></property>
    <property name="http.nonProxyHosts" value="localhost|*.localhost|dev.kiala.com|*.dev.kiala.com|dev.kiala.com|*.dev.kiala.com"></property>
    <property name="parentScope" value="{maven.session=org.apache.maven.MavenSession@8d59f1, java.vendor=org.apache.commons.jelly.expression.ConstantExpression@bdd7f[value=Apple Computer, Inc.], maven.compile.source=org.apache.commons.jelly.expression.ConstantExpression@faddb2[value=1.4], maven.repo.incongru.username=org.apache.commons.jelly.expression.ConstantExpression@f0f793[value=greg_tinh-di_net], https.proxyHost=org.apache.commons.jelly.expression.ConstantExpression@de239[value=hyperion.lan.kiala.com], os.name=org.apache.commons.jelly.expression.ConstantExpression@7f4211[value=Mac OS X], sun.boot.class.path=org.apache.commons.jelly.expression.ConstantExpression@ca7186[value=/Applications/dev/maven/lib/endorsed/xerces-2.4.0.jar:/Applications/dev/maven/lib/endorsed/xml-apis-1.0.b2.jar:/System/Library/Frameworks/JavaVM.framework/Versions/1.4.2/Classes/classes.jar:/System/Library/Frameworks/JavaVM.framework/Versions/1.4.2/Classes/ui.jar:/System/Library/Frameworks/JavaVM.framework/Versions/1.4.2/Classes/laf.jar:/System/Library/Frameworks/JavaVM.framework/Versions/1.4.2/Classes/sunrsasign.jar:/System/Library/Frameworks/JavaVM.framework/Versions/1.4.2/Classes/jsse.jar:/System/Library/Frameworks/JavaVM.framework/Versions/1.4.2/Classes/jce.jar:/System/Library/Frameworks/JavaVM.framework/Versions/1.4.2/Classes/charsets.jar], maven.distBuildDirectory=org.apache.commons.jelly.expression.CompositeExpression@e337b2[expressions=[org.apache.commons.jelly.expression.jexl.JexlExpressionFactory$ExpressionSupportLocal@5dab79[expression:basedir], org.apache.commons.jelly.expression.ConstantExpression@a4ce0d[value=/target]]], tools.jar=org.apache.commons.jelly.expression.ConstantExpression@d3f03b[value=/System/Library/Frameworks/JavaVM.framework/Versions/CurrentJDK/Classes/classes.jar], sun.java2d.fontpath=org.apache.commons.jelly.expression.ConstantExpression@40b47a[value=], java.vm.specification.vendor=org.apache.commons.jelly.expression.ConstantExpression@8c497[value=Sun Microsystems Inc.], java.runtime.version=org.apache.commons.jelly.expression.ConstantExpression@a2970f[value=1.4.2_05-141.4], maven.repo.remote.enabled=org.apache.commons.jelly.expression.ConstantExpression@6b74c8[value=true], systemScope={java.runtime.name=Java(TM) 2 Runtime Environment, Standard Edition, sun.boot.library.path=/System/Library/Frameworks/JavaVM.framework/Versions/1.4.2/Libraries, java.vm.version=1.4.2-38, awt.nativeDoubleBuffering=true, gopherProxySet=false, java.vm.vendor=&quot;Apple Computer, Inc.&quot;, java.vendor.url=http://apple.com/, path.separator=:, java.vm.name=Java HotSpot(TM) Client VM, file.encoding.pkg=sun.io, sun.os.patch.level=unknown, user.country=US, java.vm.specification.name=Java Virtual Machine Specification, user.dir=/Users/greg/dev/projects/swaf/swaf/swaf-tools, java.runtime.version=1.4.2_05-141.4, forehead.conf.file=/Applications/dev/maven/bin/forehead.conf, java.awt.graphicsenv=apple.awt.CGraphicsEnvironment, java.endorsed.dirs=/System/Library/Frameworks/JavaVM.framework/Versions/CurrentJDK/Home/lib/endorsed:/Applications/dev/maven/lib/endorsed, os.arch=ppc, java.io.tmpdir=/tmp, line.separator=
, java.vm.specification.vendor=Sun Microsystems Inc., https.proxyHost=hyperion.lan.kiala.com, os.name=Mac OS X, sun.java2d.fontpath=, tools.jar=/System/Library/Frameworks/JavaVM.framework/Versions/CurrentJDK/Classes/classes.jar, java.library.path=.:/Library/Java/Extensions:/System/Library/Java/Extensions:/usr/lib/java, javax.xml.parsers.SAXParserFactory=org.apache.xerces.jaxp.SAXParserFactoryImpl, http.proxyPort=8080, java.specification.name=Java Platform API Specification, java.class.version=48.0, java.util.prefs.PreferencesFactory=java.util.prefs.MacOSXPreferencesFactory, os.version=10.3.9, http.nonProxyHosts=localhost|*.localhost|dev.kiala.com|*.dev.kiala.com|dev.kiala.com|*.dev.kiala.com, user.home=/Users/greg, user.timezone=Europe/Brussels, java.awt.printerjob=apple.awt.CPrinterJob, file.encoding=MacRoman, java.specification.version=1.4, java.class.path=/Applications/dev/maven/lib/forehead-1.0-beta-5.jar, user.name=greg, java.vm.specification.version=1.0, java.home=/System/Library/Frameworks/JavaVM.framework/Versions/1.4.2/Home, sun.arch.data.model=32, user.language=en, java.specification.vendor=Sun Microsystems Inc., awt.toolkit=apple.awt.CToolkit, java.vm.info=mixed mode, java.version=1.4.2_05, java.ext.dirs=/Library/Java/Extensions:/System/Library/Java/Extensions:/System/Library/Frameworks/JavaVM.framework/Versions/1.4.2/Home/lib/ext, sun.boot.class.path=/Applications/dev/maven/lib/endorsed/xerces-2.4.0.jar:/Applications/dev/maven/lib/endorsed/xml-apis-1.0.b2.jar:/System/Library/Frameworks/JavaVM.framework/Versions/1.4.2/Classes/classes.jar:/System/Library/Frameworks/JavaVM.framework/Versions/1.4.2/Classes/ui.jar:/System/Library/Frameworks/JavaVM.framework/Versions/1.4.2/Classes/laf.jar:/System/Library/Frameworks/JavaVM.framework/Versions/1.4.2/Classes/sunrsasign.jar:/System/Library/Frameworks/JavaVM.framework/Versions/1.4.2/Classes/jsse.jar:/System/Library/Frameworks/JavaVM.framework/Versions/1.4.2/Classes/jce.jar:/System/Library/Frameworks/JavaVM.framework/Versions/1.4.2/Classes/charsets.jar, http.proxyHost=hyperion.lan.kiala.com, javax.xml.parsers.DocumentBuilderFactory=org.apache.xerces.jaxp.DocumentBuilderFactoryImpl, java.vendor=Apple Computer, Inc., maven.home=/Applications/dev/maven, file.separator=/, java.vendor.url.bug=http://developer.apple.com/java/, sun.io.unicode.encoding=UnicodeBig, sun.cpu.endian=big, mrj.version=141.3, https.proxyPort=8080, socksNonProxyHosts=localhost|*.localhost|dev.kiala.com|*.dev.kiala.com|dev.kiala.com|*.dev.kiala.com, ftp.nonProxyHosts=localhost|*.localhost|dev.kiala.com|*.dev.kiala.com|dev.kiala.com|*.dev.kiala.com, sun.cpu.isalist=}, http.proxyPort=org.apache.commons.jelly.expression.ConstantExpression@c00612[value=8080], user.name=org.apache.commons.jelly.expression.ConstantExpression@ce988a[value=greg], maven.debugOn=false, maven.compile.debug=org.apache.commons.jelly.expression.ConstantExpression@809bd3[value=on], awt.nativeDoubleBuffering=org.apache.commons.jelly.expression.ConstantExpression@764091[value=true], maven.repo.local=org.apache.commons.jelly.expression.CompositeExpression@892c59[expressions=[org.apache.commons.jelly.expression.jexl.JexlExpressionFactory$ExpressionSupportLocal@beaed3[expression:maven.home.local], org.apache.commons.jelly.expression.ConstantExpression@c7d45e[value=/repository]]], maven.defaults.loaded=org.apache.commons.jelly.expression.ConstantExpression@478785[value=true], javax.xml.parsers.SAXParserFactory=org.apache.commons.jelly.expression.ConstantExpression@124609[value=org.apache.xerces.jaxp.SAXParserFactoryImpl], maven.docs.omitXmlDeclaration=org.apache.commons.jelly.expression.ConstantExpression@b4216d[value=false], user.language=org.apache.commons.jelly.expression.ConstantExpression@fe9830[value=en], sun.boot.library.path=org.apache.commons.jelly.expression.ConstantExpression@b9950e[value=/System/Library/Frameworks/JavaVM.framework/Versions/1.4.2/Libraries], maven.build.dest=org.apache.commons.jelly.expression.CompositeExpression@e90891[expressions=[org.apache.commons.jelly.expression.jexl.JexlExpressionFactory$ExpressionSupportLocal@316b22[expression:maven.build.dir], org.apache.commons.jelly.expression.ConstantExpression@709c5c[value=/classes]]], maven.xmlOutput=org.apache.commons.jelly.XMLOutput$1@295fd4[contentHandler=org.dom4j.io.XMLWriter@5291d9;lexicalHandler=org.dom4j.io.XMLWriter@5291d9], maven.plugin.user.dir=org.apache.commons.jelly.expression.CompositeExpression@e57c4c[expressions=[org.apache.commons.jelly.expression.jexl.JexlExpressionFactory$ExpressionSupportLocal@4383e3[expression:maven.home.local], org.apache.commons.jelly.expression.ConstantExpression@87e18f[value=/plugins]]], java.version=org.apache.commons.jelly.expression.ConstantExpression@e98812[value=1.4.2_05], user.timezone=org.apache.commons.jelly.expression.ConstantExpression@e48fa7[value=], sun.arch.data.model=org.apache.commons.jelly.expression.ConstantExpression@935862[value=32], java.endorsed.dirs=org.apache.commons.jelly.expression.ConstantExpression@8f9ba9[value=/System/Library/Frameworks/JavaVM.framework/Versions/CurrentJDK/Home/lib/endorsed:/Applications/dev/maven/lib/endorsed], http.nonProxyHosts=org.apache.commons.jelly.expression.ConstantExpression@34b191[value=localhost|*.localhost|dev.kiala.com|*.dev.kiala.com|dev.kiala.com|*.dev.kiala.com], maven.property.inheritance=org.apache.commons.jelly.expression.ConstantExpression@75e2b4[value=true], sun.cpu.isalist=org.apache.commons.jelly.expression.ConstantExpression@76c3c4[value=], file.encoding.pkg=org.apache.commons.jelly.expression.ConstantExpression@2ea4b1[value=sun.io], file.separator=org.apache.commons.jelly.expression.ConstantExpression@3e95e6[value=/], java.specification.name=org.apache.commons.jelly.expression.ConstantExpression@e3572b[value=Java Platform API Specification], maven.src.dir=org.apache.commons.jelly.expression.CompositeExpression@7000ed[expressions=[org.apache.commons.jelly.expression.jexl.JexlExpressionFactory$ExpressionSupportLocal@4ccf86[expression:basedir], org.apache.commons.jelly.expression.ConstantExpression@cc6798[value=/src]]], java.class.version=org.apache.commons.jelly.expression.ConstantExpression@a52c90[value=48.0], maven.repo.kiala.password=org.apache.commons.jelly.expression.ConstantExpression@10d926[value=10moioui], user.country=org.apache.commons.jelly.expression.ConstantExpression@2062da[value=US], java.home=org.apache.commons.jelly.expression.ConstantExpression@39defe[value=/System/Library/Frameworks/JavaVM.framework/Versions/1.4.2/Home], javax.xml.parsers.DocumentBuilderFactory=org.apache.commons.jelly.expression.ConstantExpression@5f299d[value=org.apache.xerces.jaxp.DocumentBuilderFactoryImpl], forehead.conf.file=org.apache.commons.jelly.expression.ConstantExpression@a5205b[value=/Applications/dev/maven/bin/forehead.conf], java.vm.info=org.apache.commons.jelly.expression.ConstantExpression@ef55fb[value=mixed mode], os.version=org.apache.commons.jelly.expression.ConstantExpression@f5e42b[value=10.3.9], maven.conf.dir=org.apache.commons.jelly.expression.CompositeExpression@56deba[expressions=[org.apache.commons.jelly.expression.jexl.JexlExpressionFactory$ExpressionSupportLocal@3896f2[expression:basedir], org.apache.commons.jelly.expression.ConstantExpression@3e25fd[value=/conf]]], https.proxyPort=org.apache.commons.jelly.expression.ConstantExpression@303147[value=8080], maven.repo.kiala.username=org.apache.commons.jelly.expression.ConstantExpression@f3318a[value=koala], path.separator=org.apache.commons.jelly.expression.ConstantExpression@398d43[value=:], java.vm.version=org.apache.commons.jelly.expression.ConstantExpression@693ccc[value=1.4.2-38], maven.build.dir=org.apache.commons.jelly.expression.CompositeExpression@16a917[expressions=[org.apache.commons.jelly.expression.jexl.JexlExpressionFactory$ExpressionSupportLocal@b75649[expression:basedir], org.apache.commons.jelly.expression.ConstantExpression@820beb[value=/target]]], java.util.prefs.PreferencesFactory=org.apache.commons.jelly.expression.ConstantExpression@dca977[value=java.util.prefs.MacOSXPreferencesFactory], maven.ssh.executable=org.apache.commons.jelly.expression.ConstantExpression@f9ff91[value=ssh], maven.emacsModeOn=false, java.awt.printerjob=org.apache.commons.jelly.expression.ConstantExpression@f9aaf1[value=apple.awt.CPrinterJob], sun.io.unicode.encoding=org.apache.commons.jelly.expression.ConstantExpression@45ca41[value=UnicodeBig], awt.toolkit=org.apache.commons.jelly.expression.ConstantExpression@e1a973[value=apple.awt.CToolkit], socksNonProxyHosts=org.apache.commons.jelly.expression.ConstantExpression@3bbd78[value=localhost|*.localhost|dev.kiala.com|*.dev.kiala.com|dev.kiala.com|*.dev.kiala.com], ftp.nonProxyHosts=org.apache.commons.jelly.expression.ConstantExpression@144220[value=localhost|*.localhost|dev.kiala.com|*.dev.kiala.com|dev.kiala.com|*.dev.kiala.com], maven.compile.optimize=org.apache.commons.jelly.expression.ConstantExpression@16962[value=off], maven.compile.fork=org.apache.commons.jelly.expression.ConstantExpression@adb0d5[value=true], user.home=org.apache.commons.jelly.expression.ConstantExpression@347b11[value=/Users/greg], berkanoVersion=org.apache.commons.jelly.expression.ConstantExpression@7bb8fe[value=20050525.1], maven.repo.kiala=org.apache.commons.jelly.expression.ConstantExpression@ae60c5[value=sftp://dev.kiala.com], java.specification.vendor=org.apache.commons.jelly.expression.ConstantExpression@535cbe[value=Sun Microsystems Inc.], maven.final.dir=org.apache.commons.jelly.expression.CompositeExpression@edc0ad[expressions=[org.apache.commons.jelly.expression.jexl.JexlExpressionFactory$ExpressionSupportLocal@4b048[expression:basedir], org.apache.commons.jelly.expression.ConstantExpression@d16efc[value=/], org.apache.commons.jelly.expression.jexl.JexlExpressionFactory$ExpressionSupportLocal@cd6d94[expression:maven.final.name]]], maven.build.src=org.apache.commons.jelly.expression.CompositeExpression@d5454d[expressions=[org.apache.commons.jelly.expression.jexl.JexlExpressionFactory$ExpressionSupportLocal@b8c5bc[expression:maven.build.dir], org.apache.commons.jelly.expression.ConstantExpression@bdc7db[value=/src]]], maven.build=org.apache.commons.jelly.expression.ConstantExpression@8c3c62[value=MAVEN_BUILD_NOT_SET], java.library.path=org.apache.commons.jelly.expression.ConstantExpression@d04843[value=.:/Library/Java/Extensions:/System/Library/Java/Extensions:/usr/lib/java], java.vendor.url=org.apache.commons.jelly.expression.ConstantExpression@38305b[value=http://apple.com/], java.vm.vendor=org.apache.commons.jelly.expression.ConstantExpression@eebafe[value=&quot;Apple Computer, Inc.&quot;], gopherProxySet=org.apache.commons.jelly.expression.ConstantExpression@367a2c[value=false], maven.username=org.apache.commons.jelly.expression.ConstantExpression@8efc0c[value=USERNAME_NOT_SET], maven.home=org.apache.commons.jelly.expression.ConstantExpression@458c1e[value=/Applications/dev/maven], java.runtime.name=org.apache.commons.jelly.expression.ConstantExpression@f21412[value=Java(TM) 2 Runtime Environment, Standard Edition], java.class.path=org.apache.commons.jelly.expression.ConstantExpression@3b70c[value=/Applications/dev/maven/lib/forehead-1.0-beta-5.jar], maven.repo.list=org.apache.commons.jelly.expression.ConstantExpression@e6a820[value=kiala], maven.remote.group=org.apache.commons.jelly.expression.ConstantExpression@27e571[value=maven], maven.compile.target=org.apache.commons.jelly.expression.ConstantExpression@4886d3[value=1.4], maven.gen.docs=org.apache.commons.jelly.expression.CompositeExpression@8bbdab[expressions=[org.apache.commons.jelly.expression.jexl.JexlExpressionFactory$ExpressionSupportLocal@515a25[expression:maven.build.dir], org.apache.commons.jelly.expression.ConstantExpression@f56489[value=/generated-xdocs]]], context=org.apache.maven.jelly.MavenJellyContext@9b9e76, maven.distDirectory=org.apache.commons.jelly.expression.CompositeExpression@c07f58[expressions=[org.apache.commons.jelly.expression.jexl.JexlExpressionFactory$ExpressionSupportLocal@e89f1b[expression:basedir], org.apache.commons.jelly.expression.ConstantExpression@25dae8[value=/dist]]], maven.docs.dest=org.apache.commons.jelly.expression.CompositeExpression@46e311[expressions=[org.apache.commons.jelly.expression.jexl.JexlExpressionFactory$ExpressionSupportLocal@e5941c[expression:maven.build.dir], org.apache.commons.jelly.expression.ConstantExpression@5ebf57[value=/docs]]], maven.compile.deprecation=org.apache.commons.jelly.expression.ConstantExpression@640941[value=off], java.vm.specification.name=org.apache.commons.jelly.expression.ConstantExpression@9bbe68[value=Java Virtual Machine Specification], maven.docs.outputencoding=org.apache.commons.jelly.expression.ConstantExpression@f1a348[value=ISO-8859-1], maven.repo.incongru=org.apache.commons.jelly.expression.ConstantExpression@1708f9[value=ftp://incongru.net], java.vm.specification.version=org.apache.commons.jelly.expression.ConstantExpression@4e4df3[value=1.0], sun.cpu.endian=org.apache.commons.jelly.expression.ConstantExpression@dfb094[value=big], sun.os.patch.level=org.apache.commons.jelly.expression.ConstantExpression@c1e4cb[value=unknown], maven.plugin.unpacked.dir=org.apache.commons.jelly.expression.CompositeExpression@93f455[expressions=[org.apache.commons.jelly.expression.jexl.JexlExpressionFactory$ExpressionSupportLocal@8e1a98[expression:maven.home.local], org.apache.commons.jelly.expression.ConstantExpression@743294[value=/cache]]], java.io.tmpdir=org.apache.commons.jelly.expression.ConstantExpression@a4b8bc[value=/tmp], maven.scp.executable=org.apache.commons.jelly.expression.ConstantExpression@5c4833[value=scp], java.vendor.url.bug=org.apache.commons.jelly.expression.ConstantExpression@884c0e[value=http://developer.apple.com/java/], http.proxyHost=org.apache.commons.jelly.expression.ConstantExpression@393296[value=hyperion.lan.kiala.com], maven.final.name=org.apache.commons.jelly.expression.CompositeExpression@282140[expressions=[org.apache.commons.jelly.expression.jexl.JexlExpressionFactory$ExpressionSupportLocal@9ef365[expression:pom.artifactId], org.apache.commons.jelly.expression.ConstantExpression@7d72df[value=-], org.apache.commons.jelly.expression.jexl.JexlExpressionFactory$ExpressionSupportLocal@ae86[expression:pom.currentVersion]]], maven.distBuildIndicator=org.apache.commons.jelly.expression.ConstantExpression@c1eecd[value=DIST_BUILD_DIRECTORY], os.arch=org.apache.commons.jelly.expression.ConstantExpression@24f4eb[value=ppc], java.awt.graphicsenv=org.apache.commons.jelly.expression.ConstantExpression@4b87f7[value=apple.awt.CGraphicsEnvironment], java.ext.dirs=org.apache.commons.jelly.expression.ConstantExpression@cba8e1[value=/Library/Java/Extensions:/System/Library/Java/Extensions:/System/Library/Frameworks/JavaVM.framework/Versions/1.4.2/Home/lib/ext], user.dir=org.apache.commons.jelly.expression.ConstantExpression@bc6e09[value=/Users/greg/dev/projects/swaf/swaf/swaf-tools], mrj.version=org.apache.commons.jelly.expression.ConstantExpression@dc362d[value=141.3], maven.docs.src=org.apache.commons.jelly.expression.CompositeExpression@68eac0[expressions=[org.apache.commons.jelly.expression.jexl.JexlExpressionFactory$ExpressionSupportLocal@c03c6[expression:basedir], org.apache.commons.jelly.expression.ConstantExpression@cbbcb3[value=/xdocs]]], maven.junit.fork=org.apache.commons.jelly.expression.ConstantExpression@d1aa70[value=true], maven.repo.kiala.directory=org.apache.commons.jelly.expression.ConstantExpression@cbe41[value=/var/www/maven.dev.kiala.com], maven.repo.incongru.password=org.apache.commons.jelly.expression.ConstantExpression@9ed348[value=t1nh-d1], line.separator=org.apache.commons.jelly.expression.ConstantExpression@413ea6[value=
], java.vm.name=org.apache.commons.jelly.expression.ConstantExpression@783ddd[value=Java HotSpot(TM) Client VM], basedir=/Users/greg/dev/projects/swaf/swaf/swaf-tools, maven.repo.incongru.directory=org.apache.commons.jelly.expression.ConstantExpression@259ee0[value=www.incongru.net/htdocs/maven], maven.plugin.dir=org.apache.commons.jelly.expression.CompositeExpression@e1a690[expressions=[org.apache.commons.jelly.expression.jexl.JexlExpressionFactory$ExpressionSupportLocal@7e668d[expression:maven.home], org.apache.commons.jelly.expression.ConstantExpression@7ebd7d[value=/plugins]]], file.encoding=org.apache.commons.jelly.expression.ConstantExpression@ca9651[value=MacRoman], maven.application.version=org.apache.commons.jelly.expression.ConstantExpression@52ded2[value=1.0.2], maven.repo.remote=org.apache.commons.jelly.expression.ConstantExpression@a2b249[value=http://maven.dev.kiala.com,http://www.ibiblio.org/maven,http://dist.codehaus.org,http://www.incongru.net/maven], maven.mode.online=org.apache.commons.jelly.expression.ConstantExpression@66fad9[value=true], java.specification.version=org.apache.commons.jelly.expression.ConstantExpression@deef8a[value=1.4], maven.home.local=org.apache.commons.jelly.expression.CompositeExpression@408d95[expressions=[org.apache.commons.jelly.expression.jexl.JexlExpressionFactory$ExpressionSupportLocal@f4d89[expression:user.home], org.apache.commons.jelly.expression.ConstantExpression@ab9655[value=/.maven]]]}"></property>
    <property name="maven.artifact.manifest.template" value="manifest.vm"></property>
    <property name="maven.plugin.dir" value="/Applications/dev/maven/plugins"></property>
    <property name="org.apache.commons.jelly.werkz.Project" value="[Werkz: goals={license:transfer=[Goal: name=&quot;license:transfer&quot;]; precursor=[[Goal: name=&quot;xdoc:init&quot;]; precursor=[]]]], test:test=[Goal: name=&quot;test:test&quot;]; precursor=[[Goal: name=&quot;test:compile&quot;]; precursor=[[Goal: name=&quot;java:compile&quot;]; precursor=[[Goal: name=&quot;java:prepare-filesystem&quot;]; precursor=[]]]], [Goal: name=&quot;java:jar-resources&quot;]; precursor=[]], [Goal: name=&quot;test:prepare-filesystem&quot;]; precursor=[]], [Goal: name=&quot;test:test-resources&quot;]; precursor=[[Goal: name=&quot;test:prepare-filesystem&quot;]; precursor=[]]]]]]]], xdoc:jelly-init=[Goal: name=&quot;xdoc:jelly-init&quot;]; precursor=[]], pom:deploy=[Goal: name=&quot;pom:deploy&quot;]; precursor=[]], test:single=[Goal: name=&quot;test:single&quot;]; precursor=[[Goal: name=&quot;test:compile&quot;]; precursor=[[Goal: name=&quot;java:compile&quot;]; precursor=[[Goal: name=&quot;java:prepare-filesystem&quot;]; precursor=[]]]], [Goal: name=&quot;java:jar-resources&quot;]; precursor=[]], [Goal: name=&quot;test:prepare-filesystem&quot;]; precursor=[]], [Goal: name=&quot;test:test-resources&quot;]; precursor=[[Goal: name=&quot;test:prepare-filesystem&quot;]; precursor=[]]]]]]]], build:end=[Goal: name=&quot;build:end&quot;]; precursor=[]], test:single-test=[Goal: name=&quot;test:single-test&quot;]; precursor=[]], jar:snapshot=[Goal: name=&quot;jar:snapshot&quot;]; precursor=[]], deploy-all=[Goal: name=&quot;deploy-all&quot;]; precursor=[]], jar:install=[Goal: name=&quot;jar:install&quot;]; precursor=[[Goal: name=&quot;jar:jar&quot;]; precursor=[[Goal: name=&quot;test:test&quot;]; precursor=[[Goal: name=&quot;test:compile&quot;]; precursor=[[Goal: name=&quot;java:compile&quot;]; precursor=[[Goal: name=&quot;java:prepare-filesystem&quot;]; precursor=[]]]], [Goal: name=&quot;java:jar-resources&quot;]; precursor=[]], [Goal: name=&quot;test:prepare-filesystem&quot;]; precursor=[]], [Goal: name=&quot;test:test-resources&quot;]; precursor=[[Goal: name=&quot;test:prepare-filesystem&quot;]; precursor=[]]]]]]]]]]]], jar:install-snapshot=[Goal: name=&quot;jar:install-snapshot&quot;]; precursor=[[Goal: name=&quot;jar:jar&quot;]; precursor=[[Goal: name=&quot;test:test&quot;]; precursor=[[Goal: name=&quot;test:compile&quot;]; precursor=[[Goal: name=&quot;java:compile&quot;]; precursor=[[Goal: name=&quot;java:prepare-filesystem&quot;]; precursor=[]]]], [Goal: name=&quot;java:jar-resources&quot;]; precursor=[]], [Goal: name=&quot;test:prepare-filesystem&quot;]; precursor=[]], [Goal: name=&quot;test:test-resources&quot;]; precursor=[[Goal: name=&quot;test:prepare-filesystem&quot;]; precursor=[]]]]]]]]]]]], pom:deploy-snapshot=[Goal: name=&quot;pom:deploy-snapshot&quot;]; precursor=[]], xdoc:generate-from-pom=[Goal: name=&quot;xdoc:generate-from-pom&quot;]; precursor=[[Goal: name=&quot;xdoc:init&quot;]; precursor=[]], [Goal: name=&quot;xdoc:register-reports&quot;]; precursor=[]]]], xdoc:init=[Goal: name=&quot;xdoc:init&quot;]; precursor=[]], maven-license-plugin:register=[Goal: name=&quot;maven-license-plugin:register&quot;]; precursor=[]], xdoc:transform=[Goal: name=&quot;xdoc:transform&quot;]; precursor=[[Goal: name=&quot;xdoc:init&quot;]; precursor=[]]]], pom:contentvalidate=[Goal: name=&quot;pom:contentvalidate&quot;]; precursor=[]], test=[Goal: name=&quot;test&quot;]; precursor=[[Goal: name=&quot;test:test&quot;]; precursor=[[Goal: name=&quot;test:compile&quot;]; precursor=[[Goal: name=&quot;java:compile&quot;]; precursor=[[Goal: name=&quot;java:prepare-filesystem&quot;]; precursor=[]]]], [Goal: name=&quot;java:jar-resources&quot;]; precursor=[]], [Goal: name=&quot;test:prepare-filesystem&quot;]; precursor=[]], [Goal: name=&quot;test:test-resources&quot;]; precursor=[[Goal: name=&quot;test:prepare-filesystem&quot;]; precursor=[]]]]]]]]]], xdoc:jelly-transform=[Goal: name=&quot;xdoc:jelly-transform&quot;]; precursor=[[Goal: name=&quot;xdoc:init&quot;]; precursor=[]], [Goal: name=&quot;xdoc:jelly-init&quot;]; precursor=[]], [Goal: name=&quot;xdoc:register-reports&quot;]; precursor=[]]]], snapshot-all=[Goal: name=&quot;snapshot-all&quot;]; precursor=[]], artifact:load=[Goal: name=&quot;artifact:load&quot;]; precursor=[]], java:compile=[Goal: name=&quot;java:compile&quot;]; precursor=[[Goal: name=&quot;java:prepare-filesystem&quot;]; precursor=[]]]], license=[Goal: name=&quot;license&quot;]; precursor=[[Goal: name=&quot;license:transfer&quot;]; precursor=[[Goal: name=&quot;xdoc:init&quot;]; precursor=[]]]]]], build-all=[Goal: name=&quot;build-all&quot;]; precursor=[]], jar:deploy-snapshot=[Goal: name=&quot;jar:deploy-snapshot&quot;]; precursor=[[Goal: name=&quot;jar:jar&quot;]; precursor=[[Goal: name=&quot;test:test&quot;]; precursor=[[Goal: name=&quot;test:compile&quot;]; precursor=[[Goal: name=&quot;java:compile&quot;]; precursor=[[Goal: name=&quot;java:prepare-filesystem&quot;]; precursor=[]]]], [Goal: name=&quot;java:jar-resources&quot;]; precursor=[]], [Goal: name=&quot;test:prepare-filesystem&quot;]; precursor=[]], [Goal: name=&quot;test:test-resources&quot;]; precursor=[[Goal: name=&quot;test:prepare-filesystem&quot;]; precursor=[]]]]]]]]]]]], build:start=[Goal: name=&quot;build:start&quot;]; precursor=[]], test:prepare-filesystem=[Goal: name=&quot;test:prepare-filesystem&quot;]; precursor=[]], maven-license-plugin:report=[Goal: name=&quot;maven-license-plugin:report&quot;]; precursor=[]], clean=[Goal: name=&quot;clean&quot;]; precursor=[[Goal: name=&quot;clean:clean&quot;]; precursor=[]]]], jar:jar=[Goal: name=&quot;jar:jar&quot;]; precursor=[[Goal: name=&quot;test:test&quot;]; precursor=[[Goal: name=&quot;test:compile&quot;]; precursor=[[Goal: name=&quot;java:compile&quot;]; precursor=[[Goal: name=&quot;java:prepare-filesystem&quot;]; precursor=[]]]], [Goal: name=&quot;java:jar-resources&quot;]; precursor=[]], [Goal: name=&quot;test:prepare-filesystem&quot;]; precursor=[]], [Goal: name=&quot;test:test-resources&quot;]; precursor=[[Goal: name=&quot;test:prepare-filesystem&quot;]; precursor=[]]]]]]]]]], pom:install=[Goal: name=&quot;pom:install&quot;]; precursor=[]], xdoc:validate=[Goal: name=&quot;xdoc:validate&quot;]; precursor=[[Goal: name=&quot;pom:taglib&quot;]; precursor=[]]]], xdoc=[Goal: name=&quot;xdoc&quot;]; precursor=[[Goal: name=&quot;xdoc:generate-from-pom&quot;]; precursor=[[Goal: name=&quot;xdoc:init&quot;]; precursor=[]], [Goal: name=&quot;xdoc:register-reports&quot;]; precursor=[]]]], [Goal: name=&quot;xdoc:transform&quot;]; precursor=[[Goal: name=&quot;xdoc:init&quot;]; precursor=[]]]]]], test:test-resources=[Goal: name=&quot;test:test-resources&quot;]; precursor=[[Goal: name=&quot;test:prepare-filesystem&quot;]; precursor=[]]]], xdoc:performJSL=[Goal: name=&quot;xdoc:performJSL&quot;]; precursor=[]], jar:deploy=[Goal: name=&quot;jar:deploy&quot;]; precursor=[[Goal: name=&quot;jar:jar&quot;]; precursor=[[Goal: name=&quot;test:test&quot;]; precursor=[[Goal: name=&quot;test:compile&quot;]; precursor=[[Goal: name=&quot;java:compile&quot;]; precursor=[[Goal: name=&quot;java:prepare-filesystem&quot;]; precursor=[]]]], [Goal: name=&quot;java:jar-resources&quot;]; precursor=[]], [Goal: name=&quot;test:prepare-filesystem&quot;]; precursor=[]], [Goal: name=&quot;test:test-resources&quot;]; precursor=[[Goal: name=&quot;test:prepare-filesystem&quot;]; precursor=[]]]]]]]]]]]], test:compile=[Goal: name=&quot;test:compile&quot;]; precursor=[[Goal: name=&quot;java:compile&quot;]; precursor=[[Goal: name=&quot;java:prepare-filesystem&quot;]; precursor=[]]]], [Goal: name=&quot;java:jar-resources&quot;]; precursor=[]], [Goal: name=&quot;test:prepare-filesystem&quot;]; precursor=[]], [Goal: name=&quot;test:test-resources&quot;]; precursor=[[Goal: name=&quot;test:prepare-filesystem&quot;]; precursor=[]]]]]], xdoc:copy-resources=[Goal: name=&quot;xdoc:copy-resources&quot;]; precursor=[[Goal: name=&quot;xdoc:init&quot;]; precursor=[]]]], test:ui=[Goal: name=&quot;test:ui&quot;]; precursor=[[Goal: name=&quot;test:compile&quot;]; precursor=[[Goal: name=&quot;java:compile&quot;]; precursor=[[Goal: name=&quot;java:prepare-filesystem&quot;]; precursor=[]]]], [Goal: name=&quot;java:jar-resources&quot;]; precursor=[]], [Goal: name=&quot;test:prepare-filesystem&quot;]; precursor=[]], [Goal: name=&quot;test:test-resources&quot;]; precursor=[[Goal: name=&quot;test:prepare-filesystem&quot;]; precursor=[]]]]]]]], xdoc:copy-user-resources=[Goal: name=&quot;xdoc:copy-user-resources&quot;]; precursor=[[Goal: name=&quot;xdoc:init&quot;]; precursor=[]]]], pom:install-snapshot=[Goal: name=&quot;pom:install-snapshot&quot;]; precursor=[]], maven-license-plugin:deregister=[Goal: name=&quot;maven-license-plugin:deregister&quot;]; precursor=[]], jar=[Goal: name=&quot;jar&quot;]; precursor=[[Goal: name=&quot;jar:jar&quot;]; precursor=[[Goal: name=&quot;test:test&quot;]; precursor=[[Goal: name=&quot;test:compile&quot;]; precursor=[[Goal: name=&quot;java:compile&quot;]; precursor=[[Goal: name=&quot;java:prepare-filesystem&quot;]; precursor=[]]]], [Goal: name=&quot;java:jar-resources&quot;]; precursor=[]], [Goal: name=&quot;test:prepare-filesystem&quot;]; precursor=[]], [Goal: name=&quot;test:test-resources&quot;]; precursor=[[Goal: name=&quot;test:prepare-filesystem&quot;]; precursor=[]]]]]]]]]]]], pom:validate=[Goal: name=&quot;pom:validate&quot;]; precursor=[[Goal: name=&quot;pom:verify-version&quot;]; precursor=[]]]], test:match-test=[Goal: name=&quot;test:match-test&quot;]; precursor=[]], java:prepare-filesystem=[Goal: name=&quot;java:prepare-filesystem&quot;]; precursor=[]], xdoc:register-reports=[Goal: name=&quot;xdoc:register-reports&quot;]; precursor=[]], pom:taglib=[Goal: name=&quot;pom:taglib&quot;]; precursor=[]], clean:clean=[Goal: name=&quot;clean:clean&quot;]; precursor=[]], antlr:prepare-filesystem=[Goal: name=&quot;antlr:prepare-filesystem&quot;]; precursor=[]], xdoc:dump-report-settings=[Goal: name=&quot;xdoc:dump-report-settings&quot;]; precursor=[]], java:jar-resources=[Goal: name=&quot;java:jar-resources&quot;]; precursor=[]], test:eclipse=[Goal: name=&quot;test:eclipse&quot;]; precursor=[]], pom:verify-version=[Goal: name=&quot;pom:verify-version&quot;]; precursor=[]], test:match=[Goal: name=&quot;test:match&quot;]; precursor=[[Goal: name=&quot;test:compile&quot;]; precursor=[[Goal: name=&quot;java:compile&quot;]; precursor=[[Goal: name=&quot;java:prepare-filesystem&quot;]; precursor=[]]]], [Goal: name=&quot;java:jar-resources&quot;]; precursor=[]], [Goal: name=&quot;test:prepare-filesystem&quot;]; precursor=[]], [Goal: name=&quot;test:test-resources&quot;]; precursor=[[Goal: name=&quot;test:prepare-filesystem&quot;]; precursor=[]]]]]]]], antlr:generate=[Goal: name=&quot;antlr:generate&quot;]; precursor=[[Goal: name=&quot;antlr:prepare-filesystem&quot;]; precursor=[]]]], pom=[Goal: name=&quot;pom&quot;]; precursor=[[Goal: name=&quot;pom:validate&quot;]; precursor=[[Goal: name=&quot;pom:verify-version&quot;]; precursor=[]]]]]], java:jar=[Goal: name=&quot;java:jar&quot;]; precursor=[[Goal: name=&quot;jar:jar&quot;]; precursor=[[Goal: name=&quot;test:test&quot;]; precursor=[[Goal: name=&quot;test:compile&quot;]; precursor=[[Goal: name=&quot;java:compile&quot;]; precursor=[[Goal: name=&quot;java:prepare-filesystem&quot;]; precursor=[]]]], [Goal: name=&quot;java:jar-resources&quot;]; precursor=[]], [Goal: name=&quot;test:prepare-filesystem&quot;]; precursor=[]], [Goal: name=&quot;test:test-resources&quot;]; precursor=[[Goal: name=&quot;test:prepare-filesystem&quot;]; precursor=[]]]]]]]]]]]]};]"></property>
    <property name="java.awt.printerjob" value="apple.awt.CPrinterJob"></property>
    <property name="forehead.conf.file" value="/Applications/dev/maven/bin/forehead.conf"></property>
    <property name="maven.final.name" value="swaf-hibernate-20050525.1"></property>
    <property name="maven.jar.manifest" value="/Users/greg/dev/projects/swaf/swaf/swaf-tools/hibernate/conf/Manifest.mf"></property>
    <property name="maven.repo.kiala" value="sftp://dev.kiala.com"></property>
    <property name="maven.xdoc.distributionType" value="jar"></property>
    <property name="https.proxyPort" value="8080"></property>
    <property name="gopherProxySet" value="false"></property>
    <property name="maven.scp.executable" value="scp"></property>
    <property name="maven.docs.dest" value="/Users/greg/dev/projects/swaf/swaf/swaf-tools/hibernate/target/docs"></property>
    <property name="os.name" value="Mac OS X"></property>
    <property name="java.specification.vendor" value="Sun Microsystems Inc."></property>
    <property name="maven.docs.src" value="/Users/greg/dev/projects/swaf/swaf/swaf-tools/hibernate/xdocs"></property>
    <property name="java.vm.name" value="Java HotSpot(TM) Client VM"></property>
    <property name="mrj.version" value="141.3"></property>
    <property name="java.library.path" value=".:/Library/Java/Extensions:/System/Library/Java/Extensions:/usr/lib/java"></property>
    <property name="maven.build" value="MAVEN_BUILD_NOT_SET"></property>
    <property name="ant.java.version" value="1.4"></property>
    <property name="maven.jar.compress" value="true"></property>
    <property name="basedir" value="/Users/greg/dev/projects/swaf/swaf/swaf-tools/hibernate"></property>
    <property name="maven.jar.override" value="on"></property>
    <property name="java.class.version" value="48.0"></property>
    <property name="dir__" value="/Users/greg/dev/projects/swaf/swaf/swaf-tools/hibernate/src/testX"></property>
    <property name="maven.xdoc.poweredby.url" value="http://maven.apache.org/"></property>
    <property name="maven.final.dir" value="/Users/greg/dev/projects/swaf/swaf/swaf-tools/hibernate/swaf-hibernate-20050525.1"></property>
    <property name="maven.xdoc.developmentProcessUrl" value="http://maven.apache.org/development-process.html"></property>
    <property name="maven.mode.online" value="true"></property>
    <property name="maven.repo.incongru" value="ftp://incongru.net"></property>
    <property name="maven.test.dest" value="/Users/greg/dev/projects/swaf/swaf/swaf-tools/hibernate/target/test-classes"></property>
    <property name="maven.session.global" value="com.werken.werkz.jelly.JellySession@d8b42e"></property>
    <property name="maven.xmlOutput" value="org.apache.commons.jelly.XMLOutput$1@295fd4[contentHandler=org.dom4j.io.XMLWriter@5291d9;lexicalHandler=org.dom4j.io.XMLWriter@5291d9]"></property>
    <property name="maven.repo.incongru.username" value="greg_tinh-di_net"></property>
    <property name="maven.test.skip" value="false"></property>
    <property name="maven.src.dir" value="/Users/greg/dev/projects/swaf/swaf/swaf-tools/hibernate/src"></property>
    <property name="sun.boot.library.path" value="/System/Library/Frameworks/JavaVM.framework/Versions/1.4.2/Libraries"></property>
    <property name="java.awt.graphicsenv" value="apple.awt.CGraphicsEnvironment"></property>
    <property name="maven.compile.fork" value="true"></property>
    <property name="http.proxyPort" value="8080"></property>
    <property name="https.proxyHost" value="hyperion.lan.kiala.com"></property>
    <property name="maven.junit.envvars" value=""></property>
    <property name="maven.compile.target" value="1.4"></property>
    <property name="maven.session" value="org.apache.maven.MavenSession@8d59f1"></property>
    <property name="maven.xdoc.crumb.separator" value="|"></property>
    <property name="java.vm.specification.version" value="1.0"></property>
    <property name="pom" value="Swaf Hibernate Tools"></property>
    <property name="maven.test.reportsDirectory" value="/Users/greg/dev/projects/swaf/swaf/swaf-tools/hibernate/target/test-reports"></property>
    <property name="awt.toolkit" value="apple.awt.CToolkit"></property>
    <property name="sun.cpu.isalist" value=""></property>
    <property name="maven.ant.project" value="org.apache.commons.grant.GrantProject@59e40"></property>
    <property name="unitTestSourcesPresent" value="true"></property>
    <property name="maven.compile.source" value="1.4"></property>
    <property name="java.ext.dirs" value="/Library/Java/Extensions:/System/Library/Java/Extensions:/System/Library/Frameworks/JavaVM.framework/Versions/1.4.2/Home/lib/ext"></property>
    <property name="os.version" value="10.3.9"></property>
    <property name="maven.jar.excludes" value="**/package.html"></property>
    <property name="user.home" value="/Users/greg"></property>
    <property name="java.vm.vendor" value="&quot;Apple Computer, Inc.&quot;"></property>
    <property name="javax.xml.parsers.DocumentBuilderFactory" value="org.apache.xerces.jaxp.DocumentBuilderFactoryImpl"></property>
    <property name="maven.xdoc.date.locale" value="en"></property>
    <property name="maven.xdoc.theme.url" value=""></property>
    <property name="user.dir" value="/Users/greg/dev/projects/swaf/swaf/swaf-tools/hibernate"></property>
    <property name="maven.artifact.manifest.extensions.add" value="false"></property>
    <property name="maven.xdoc.theme" value="theme"></property>
    <property name="maven.build.src" value="/Users/greg/dev/projects/swaf/swaf/swaf-tools/hibernate/target/src"></property>
    <property name="maven.default.goal" value="jar"></property>
    <property name="sun.cpu.endian" value="big"></property>
    <property name="maven.distDirectory" value="/Users/greg/dev/projects/swaf/swaf/swaf-tools/hibernate/dist"></property>
    <property name="project" value="org.apache.commons.grant.GrantProject@59e40"></property>
    <property name="maven.defaults.loaded" value="true"></property>
    <property name="maven.username" value="USERNAME_NOT_SET"></property>
    <property name="java.vm.version" value="1.4.2-38"></property>
    <property name="java.class.path" value="/Users/greg/dev/projects/swaf/swaf/swaf-tools/hibernate/target/test-classes:/Users/greg/dev/projects/swaf/swaf/swaf-tools/hibernate/target/classes:/Users/greg/.maven/repository/hibernate/jars/hibernate-2.1.7c.jar:/Users/greg/.maven/repository/xstream/jars/xstream-1.0.2.jar:/Users/greg/.maven/repository/xpp3/jars/xpp3-1.1.3.3.jar:/Users/greg/.maven/repository/hsqldb/jars/hsqldb-1.7.3.0.jar:/Users/greg/.maven/repository/cglib/jars/cglib-2.0.2.jar:/Users/greg/.maven/repository/asm/jars/asm-1.4.3.jar:/Users/greg/.maven/repository/dom4j/jars/dom4j-1.5.2.jar:/Users/greg/.maven/repository/commons-logging/jars/commons-logging-1.0.4.jar:/Users/greg/.maven/repository/commons-lang/jars/commons-lang-2.0.jar:/Users/greg/.maven/repository/commons-collections/jars/commons-collections-3.1.jar:/Users/greg/dev/projects/swaf/swaf/swaf-tools/hibernate/lib/jta-1_0_1B-classes.zip:/Users/greg/.maven/repository/junit/jars/junit-3.8.1.jar:/Users/greg/.maven/repository/xml-apis/jars/xml-apis-1.0.b2.jar:/Users/greg/.maven/repository/xerces/jars/xerces-2.4.0.jar:/Applications/dev/maven/lib/ant-1.5.3-1.jar:/Applications/dev/maven/lib/ant-optional-1.5.3-1.jar"></property>
    <property name="javax.xml.parsers.SAXParserFactory" value="org.apache.xerces.jaxp.SAXParserFactoryImpl"></property>
    <property name="maven.debugOn" value="false"></property>
    <property name="os.arch" value="ppc"></property>
    <property name="http.proxyHost" value="hyperion.lan.kiala.com"></property>
    <property name="maven.junit.jvmargs" value=""></property>
    <property name="maven.application.version" value="1.0.2"></property>
    <property name="maven.repo.remote" value="http://maven.dev.kiala.com,http://www.ibiblio.org/maven,http://dist.codehaus.org,http://www.incongru.net/maven"></property>
    <property name="maven.license.licenseFile" value="/Users/greg/dev/projects/swaf/swaf/swaf-tools/hibernate/LICENSE.txt"></property>
    <property name="java.vm.specification.vendor" value="Sun Microsystems Inc."></property>
    <property name="file.separator" value="/"></property>
    <property name="maven.gen.docs" value="/Users/greg/dev/projects/swaf/swaf/swaf-tools/hibernate/target/generated-xdocs"></property>
    <property name="maven.repo.kiala.password" value="10moioui"></property>
    <property name="java.runtime.version" value="1.4.2_05-141.4"></property>
    <property name="sun.boot.class.path" value="/System/Library/Frameworks/JavaVM.framework/Versions/1.4.2/Classes/classes.jar:/System/Library/Frameworks/JavaVM.framework/Versions/1.4.2/Classes/ui.jar:/System/Library/Frameworks/JavaVM.framework/Versions/1.4.2/Classes/laf.jar:/System/Library/Frameworks/JavaVM.framework/Versions/1.4.2/Classes/sunrsasign.jar:/System/Library/Frameworks/JavaVM.framework/Versions/1.4.2/Classes/jsse.jar:/System/Library/Frameworks/JavaVM.framework/Versions/1.4.2/Classes/jce.jar:/System/Library/Frameworks/JavaVM.framework/Versions/1.4.2/Classes/charsets.jar"></property>
    <property name="maven.home.local" value="/Users/greg/.maven"></property>
    <property name="sun.java2d.fontpath" value=""></property>
    <property name="user.country" value="US"></property>
    <property name="maven.home" value="/Applications/dev/maven"></property>
    <property name="maven.antlr.src.dir" value="MAVEN_ANTLR_SRC_DIR_NOT_SET"></property>
    <property name="tools.jar" value="/System/Library/Frameworks/JavaVM.framework/Versions/CurrentJDK/Classes/classes.jar"></property>
    <property name="maven.distBuildDirectory" value="/Users/greg/dev/projects/swaf/swaf/swaf-tools/hibernate/target"></property>
    <property name="java.vendor" value="Apple Computer, Inc."></property>
    <property name="maven.docs.outputencoding" value="ISO-8859-1"></property>
    <property name="awt.nativeDoubleBuffering" value="true"></property>
    <property name="java.specification.version" value="1.4"></property>
    <property name="maven.ui.navcol.width" value="20%"></property>
    <property name="sun.arch.data.model" value="32"></property>
  </properties>
  <testcase name="testWithLinkedHashSet" time="4.354"></testcase>
  <system-out><![CDATA[drop table dummy if exists
create table dummy (
   id bigint generated by default as identity (start with 1),
   name varchar(255),
   complex_object longvarchar
)
Hibernate: insert into dummy (name, complex_object, id) values (?, ?, null)
Hibernate: call identity()
Hibernate: select pouet.id as id, pouet.name as name, pouet.complex_object as complex_3_ from dummy pouet
]]></system-out>
  <system-err><![CDATA[May 25, 2005 12:39:03 PM net.sf.hibernate.cfg.Environment <clinit>
INFO: Hibernate 2.1.7
May 25, 2005 12:39:03 PM net.sf.hibernate.cfg.Environment <clinit>
INFO: loaded properties from resource hibernate.properties: {hibernate.connection.username=sa, hibernate.connection.password=, hibernate.cache.provider_class=net.sf.hibernate.cache.HashtableCacheProvider, hibernate.cglib.use_reflection_optimizer=true, hibernate.dialect=net.sf.hibernate.dialect.HSQLDialect, hibernate.show_sql=true, hibernate.connection.url=jdbc:hsqldb:db-test, hibernate.connection.driver_class=org.hsqldb.jdbcDriver}
May 25, 2005 12:39:03 PM net.sf.hibernate.cfg.Environment <clinit>
INFO: using CGLIB reflection optimizer
May 25, 2005 12:39:03 PM net.sf.hibernate.cfg.Environment <clinit>
INFO: using JDK 1.4 java.sql.Timestamp handling
May 25, 2005 12:39:03 PM net.sf.hibernate.cfg.Configuration addResource
INFO: Mapping resource: net/incongru/hibernate/dummy-xstream.hbm.xml
May 25, 2005 12:39:04 PM net.sf.hibernate.cfg.Binder bindRootClass
INFO: Mapping class: net.incongru.hibernate.stuff.DummyBean -> dummy
May 25, 2005 12:39:04 PM net.sf.hibernate.type.CustomType <init>
WARNING: custom type does not implement Serializable: class net.incongru.hibernate.XStreamType
May 25, 2005 12:39:04 PM net.sf.hibernate.dialect.Dialect <init>
INFO: Using dialect: net.sf.hibernate.dialect.HSQLDialect
May 25, 2005 12:39:04 PM net.sf.hibernate.cfg.Configuration secondPassCompile
INFO: processing one-to-many association mappings
May 25, 2005 12:39:04 PM net.sf.hibernate.cfg.Configuration secondPassCompile
INFO: processing one-to-one association property references
May 25, 2005 12:39:04 PM net.sf.hibernate.cfg.Configuration secondPassCompile
INFO: processing foreign key constraints
May 25, 2005 12:39:04 PM net.sf.hibernate.cfg.Configuration secondPassCompile
INFO: processing one-to-many association mappings
May 25, 2005 12:39:04 PM net.sf.hibernate.cfg.Configuration secondPassCompile
INFO: processing one-to-one association property references
May 25, 2005 12:39:04 PM net.sf.hibernate.cfg.Configuration secondPassCompile
INFO: processing foreign key constraints
May 25, 2005 12:39:04 PM net.sf.hibernate.tool.hbm2ddl.SchemaExport execute
INFO: Running hbm2ddl schema export
May 25, 2005 12:39:04 PM net.sf.hibernate.tool.hbm2ddl.SchemaExport execute
INFO: exporting generated schema to database
May 25, 2005 12:39:04 PM net.sf.hibernate.connection.DriverManagerConnectionProvider configure
INFO: Using Hibernate built-in connection pool (not for production use!)
May 25, 2005 12:39:04 PM net.sf.hibernate.connection.DriverManagerConnectionProvider configure
INFO: Hibernate connection pool size: 20
May 25, 2005 12:39:04 PM net.sf.hibernate.connection.DriverManagerConnectionProvider configure
INFO: using driver: org.hsqldb.jdbcDriver at URL: jdbc:hsqldb:db-test
May 25, 2005 12:39:04 PM net.sf.hibernate.connection.DriverManagerConnectionProvider configure
INFO: connection properties: {user=sa, password=}
May 25, 2005 12:39:05 PM net.sf.hibernate.tool.hbm2ddl.SchemaExport execute
INFO: schema export complete
May 25, 2005 12:39:05 PM net.sf.hibernate.connection.DriverManagerConnectionProvider close
INFO: cleaning up connection pool: jdbc:hsqldb:db-test
May 25, 2005 12:39:05 PM net.sf.hibernate.cfg.Configuration secondPassCompile
INFO: processing one-to-many association mappings
May 25, 2005 12:39:05 PM net.sf.hibernate.cfg.Configuration secondPassCompile
INFO: processing one-to-one association property references
May 25, 2005 12:39:05 PM net.sf.hibernate.cfg.Configuration secondPassCompile
INFO: processing foreign key constraints
May 25, 2005 12:39:05 PM net.sf.hibernate.dialect.Dialect <init>
INFO: Using dialect: net.sf.hibernate.dialect.HSQLDialect
May 25, 2005 12:39:05 PM net.sf.hibernate.cfg.SettingsFactory buildSettings
INFO: Use outer join fetching: true
May 25, 2005 12:39:05 PM net.sf.hibernate.connection.DriverManagerConnectionProvider configure
INFO: Using Hibernate built-in connection pool (not for production use!)
May 25, 2005 12:39:05 PM net.sf.hibernate.connection.DriverManagerConnectionProvider configure
INFO: Hibernate connection pool size: 20
May 25, 2005 12:39:05 PM net.sf.hibernate.connection.DriverManagerConnectionProvider configure
INFO: using driver: org.hsqldb.jdbcDriver at URL: jdbc:hsqldb:db-test
May 25, 2005 12:39:05 PM net.sf.hibernate.connection.DriverManagerConnectionProvider configure
INFO: connection properties: {user=sa, password=}
May 25, 2005 12:39:05 PM net.sf.hibernate.transaction.TransactionManagerLookupFactory getTransactionManagerLookup
INFO: No TransactionManagerLookup configured (in JTA environment, use of process level read-write cache is not recommended)
May 25, 2005 12:39:05 PM net.sf.hibernate.cfg.SettingsFactory buildSettings
INFO: Use scrollable result sets: true
May 25, 2005 12:39:05 PM net.sf.hibernate.cfg.SettingsFactory buildSettings
INFO: Use JDBC3 getGeneratedKeys(): false
May 25, 2005 12:39:05 PM net.sf.hibernate.cfg.SettingsFactory buildSettings
INFO: Optimize cache for minimal puts: false
May 25, 2005 12:39:05 PM net.sf.hibernate.cfg.SettingsFactory buildSettings
INFO: echoing all SQL to stdout
May 25, 2005 12:39:05 PM net.sf.hibernate.cfg.SettingsFactory buildSettings
INFO: Query language substitutions: {}
May 25, 2005 12:39:05 PM net.sf.hibernate.cfg.SettingsFactory buildSettings
INFO: cache provider: net.sf.hibernate.cache.HashtableCacheProvider
May 25, 2005 12:39:05 PM net.sf.hibernate.cfg.Configuration configureCaches
INFO: instantiating and configuring caches
May 25, 2005 12:39:06 PM net.sf.hibernate.impl.SessionFactoryImpl <init>
INFO: building session factory
May 25, 2005 12:39:07 PM net.sf.hibernate.impl.SessionFactoryObjectFactory addInstance
INFO: Not binding factory to JNDI, no JNDI name configured
]]></system-err>
</testsuite>
