<?xml version="1.0" encoding="UTF-8" ?>
<testsuite errors="0" failures="0" name="net.incongru.tags.test.JspTestServletTest" tests="3" time="2.438">
  <properties>
    <property name="file.encoding.pkg" value="sun.io"></property>
    <property name="maven.compile.debug" value="on"></property>
    <property name="maven.property.inheritance" value="true"></property>
    <property name="java.home" value="/System/Library/Frameworks/JavaVM.framework/Versions/1.4.2/Home"></property>
    <property name="maven.distBuildIndicator" value="DIST_BUILD_DIRECTORY"></property>
    <property name="context" value="org.apache.maven.jelly.MavenJellyContext@4e63f9"></property>
    <property name="maven.plugin.unpacked.dir" value="/Users/greg/.maven/cache"></property>
    <property name="java.endorsed.dirs" value="/System/Library/Frameworks/JavaVM.framework/Versions/1.4.2/Home/lib/endorsed"></property>
    <property name="maven.conf.dir" value="/Users/greg/dev/projects/swaf/swaf/swaf-tags/test/conf"></property>
    <property name="org.apache.commons.jelly.ant.Project" value="org.apache.commons.grant.GrantProject@c63304"></property>
    <property name="maven.xdoc.includeProjectDocumentation" value="yes"></property>
    <property name="maven.docs.omitXmlDeclaration" value="false"></property>
    <property name="sun.os.patch.level" value="unknown"></property>
    <property name="java.vendor.url" value="http://apple.com/"></property>
    <property name="maven.build.dir" value="/Users/greg/dev/projects/swaf/swaf/swaf-tags/test/target"></property>
    <property name="java.version" value="1.4.2_05"></property>
    <property name="maven.repo.incongru.directory" value="www.incongru.net/htdocs/maven"></property>
    <property name="maven.remote.group" value="maven"></property>
    <property name="java.vendor.url.bug" value="http://developer.apple.com/java/"></property>
    <property name="maven.junit.jvm" value=""></property>
    <property name="user.name" value="greg"></property>
    <property name="sun.io.unicode.encoding" value="UnicodeBig"></property>
    <property name="maven.junit.printSummary" value="true"></property>
    <property name="sourcesPresent" value="true"></property>
    <property name="java.runtime.name" value="Java(TM) 2 Runtime Environment, Standard Edition"></property>
    <property name="maven.xdoc.date.format" value="dd MMMM yyyy"></property>
    <property name="maven.repo.kiala.username" value="koala"></property>
    <property name="java.specification.name" value="Java Platform API Specification"></property>
    <property name="ftp.nonProxyHosts" value="localhost|*.localhost|dev.kiala.com|*.dev.kiala.com|dev.kiala.com|*.dev.kiala.com"></property>
    <property name="user.timezone" value=""></property>
    <property name="maven.xdoc.poweredby.title" value="Built by Maven"></property>
    <property name="maven.ssh.executable" value="ssh"></property>
    <property name="path.separator" value=":"></property>
    <property name="maven.xdoc.pomDocuments" value="cvs-usage.xml,index.xml,maven-reports.xml,dependencies.xml,issue-tracking.xml,mail-lists.xml,project-info.xml,team-list.xml,downloads.jelly"></property>
    <property name="maven.repo.incongru.password" value="t1nh-d1"></property>
    <property name="file.encoding" value="MacRoman"></property>
    <property name="maven.antlr.target.dir" value="/Users/greg/dev/projects/swaf/swaf/swaf-tags/test/target/antlr"></property>
    <property name="maven.jar.mainclass" value=""></property>
    <property name="systemScope" value="{java.runtime.name=Java(TM) 2 Runtime Environment, Standard Edition, sun.boot.library.path=/System/Library/Frameworks/JavaVM.framework/Versions/1.4.2/Libraries, java.vm.version=1.4.2-38, awt.nativeDoubleBuffering=true, gopherProxySet=false, java.vm.vendor=&quot;Apple Computer, Inc.&quot;, java.vendor.url=http://apple.com/, path.separator=:, java.vm.name=Java HotSpot(TM) Client VM, file.encoding.pkg=sun.io, sun.os.patch.level=unknown, user.country=US, java.vm.specification.name=Java Virtual Machine Specification, user.dir=/Users/greg/dev/projects/swaf/swaf/swaf-tags, java.runtime.version=1.4.2_05-141.4, forehead.conf.file=/Applications/dev/maven/bin/forehead.conf, java.awt.graphicsenv=apple.awt.CGraphicsEnvironment, java.endorsed.dirs=/System/Library/Frameworks/JavaVM.framework/Versions/CurrentJDK/Home/lib/endorsed:/Applications/dev/maven/lib/endorsed, os.arch=ppc, java.io.tmpdir=/tmp, line.separator=
, java.vm.specification.vendor=Sun Microsystems Inc., https.proxyHost=hyperion.lan.kiala.com, os.name=Mac OS X, sun.java2d.fontpath=, tools.jar=/System/Library/Frameworks/JavaVM.framework/Versions/CurrentJDK/Classes/classes.jar, java.library.path=.:/Library/Java/Extensions:/System/Library/Java/Extensions:/usr/lib/java, javax.xml.parsers.SAXParserFactory=org.apache.xerces.jaxp.SAXParserFactoryImpl, http.proxyPort=8080, java.specification.name=Java Platform API Specification, java.class.version=48.0, java.util.prefs.PreferencesFactory=java.util.prefs.MacOSXPreferencesFactory, os.version=10.3.9, http.nonProxyHosts=localhost|*.localhost|dev.kiala.com|*.dev.kiala.com|dev.kiala.com|*.dev.kiala.com, user.home=/Users/greg, user.timezone=Europe/Brussels, java.awt.printerjob=apple.awt.CPrinterJob, file.encoding=MacRoman, java.specification.version=1.4, java.class.path=/Applications/dev/maven/lib/forehead-1.0-beta-5.jar, user.name=greg, java.vm.specification.version=1.0, java.home=/System/Library/Frameworks/JavaVM.framework/Versions/1.4.2/Home, sun.arch.data.model=32, user.language=en, java.specification.vendor=Sun Microsystems Inc., awt.toolkit=apple.awt.CToolkit, java.vm.info=mixed mode, java.version=1.4.2_05, java.ext.dirs=/Library/Java/Extensions:/System/Library/Java/Extensions:/System/Library/Frameworks/JavaVM.framework/Versions/1.4.2/Home/lib/ext, sun.boot.class.path=/Applications/dev/maven/lib/endorsed/xerces-2.4.0.jar:/Applications/dev/maven/lib/endorsed/xml-apis-1.0.b2.jar:/System/Library/Frameworks/JavaVM.framework/Versions/1.4.2/Classes/classes.jar:/System/Library/Frameworks/JavaVM.framework/Versions/1.4.2/Classes/ui.jar:/System/Library/Frameworks/JavaVM.framework/Versions/1.4.2/Classes/laf.jar:/System/Library/Frameworks/JavaVM.framework/Versions/1.4.2/Classes/sunrsasign.jar:/System/Library/Frameworks/JavaVM.framework/Versions/1.4.2/Classes/jsse.jar:/System/Library/Frameworks/JavaVM.framework/Versions/1.4.2/Classes/jce.jar:/System/Library/Frameworks/JavaVM.framework/Versions/1.4.2/Classes/charsets.jar, http.proxyHost=hyperion.lan.kiala.com, javax.xml.parsers.DocumentBuilderFactory=org.apache.xerces.jaxp.DocumentBuilderFactoryImpl, java.vendor=Apple Computer, Inc., maven.home=/Applications/dev/maven, file.separator=/, java.vendor.url.bug=http://developer.apple.com/java/, sun.io.unicode.encoding=UnicodeBig, sun.cpu.endian=big, mrj.version=141.3, https.proxyPort=8080, socksNonProxyHosts=localhost|*.localhost|dev.kiala.com|*.dev.kiala.com|dev.kiala.com|*.dev.kiala.com, ftp.nonProxyHosts=localhost|*.localhost|dev.kiala.com|*.dev.kiala.com|dev.kiala.com|*.dev.kiala.com, sun.cpu.isalist=}"></property>
    <property name="maven.junit.dir" value="/Users/greg/dev/projects/swaf/swaf/swaf-tags/test"></property>
    <property name="socksNonProxyHosts" value="localhost|*.localhost|dev.kiala.com|*.dev.kiala.com|dev.kiala.com|*.dev.kiala.com"></property>
    <property name="maven.xdoc.poweredby.image" value="maven-button-1.png"></property>
    <property name="maven.jar.index" value="false"></property>
    <property name="java.io.tmpdir" value="/tmp"></property>
    <property name="user.language" value="en"></property>
    <property name="maven.xdoc.date" value=""></property>
    <property name="line.separator" value="
"></property>
    <property name="maven.repo.local" value="/Users/greg/.maven/repository"></property>
    <property name="maven.plugin.user.dir" value="/Users/greg/.maven/plugins"></property>
    <property name="maven.artifact.manifest.basedir" value="/plugin-resources/templates"></property>
    <property name="maven.junit.fork" value="true"></property>
    <property name="berkanoVersion" value="20050525.1"></property>
    <property name="maven.junit.usefile" value="true"></property>
    <property name="maven.junit.format" value="brief"></property>
    <property name="maven.compile.optimize" value="off"></property>
    <property name="java.vm.info" value="mixed mode"></property>
    <property name="maven.repo.remote.enabled" value="true"></property>
    <property name="java.util.prefs.PreferencesFactory" value="java.util.prefs.MacOSXPreferencesFactory"></property>
    <property name="java.vm.specification.name" value="Java Virtual Machine Specification"></property>
    <property name="maven.repo.list" value="kiala"></property>
    <property name="maven.emacsModeOn" value="false"></property>
    <property name="maven.build.dest" value="/Users/greg/dev/projects/swaf/swaf/swaf-tags/test/target/classes"></property>
    <property name="maven.repo.kiala.directory" value="/var/www/maven.dev.kiala.com"></property>
    <property name="maven.jar.manifest.extensions.add" value="false"></property>
    <property name="maven.compile.deprecation" value="off"></property>
    <property name="maven.xdoc.projectInfo" value="cvs-usage.xml,dependencies.xml,issue-tracking.xml,mail-lists.xml,project-info.xml,team-list.xml,downloads.jelly"></property>
    <property name="http.nonProxyHosts" value="localhost|*.localhost|dev.kiala.com|*.dev.kiala.com|dev.kiala.com|*.dev.kiala.com"></property>
    <property name="parentScope" value="{maven.session=org.apache.maven.MavenSession@3f8a94, java.vendor=org.apache.commons.jelly.expression.ConstantExpression@a3310a[value=Apple Computer, Inc.], maven.repo.incongru.username=org.apache.commons.jelly.expression.ConstantExpression@e8c1cf[value=greg_tinh-di_net], https.proxyHost=org.apache.commons.jelly.expression.ConstantExpression@c05b5[value=hyperion.lan.kiala.com], os.name=org.apache.commons.jelly.expression.ConstantExpression@4abf06[value=Mac OS X], sun.boot.class.path=org.apache.commons.jelly.expression.ConstantExpression@43316c[value=/Applications/dev/maven/lib/endorsed/xerces-2.4.0.jar:/Applications/dev/maven/lib/endorsed/xml-apis-1.0.b2.jar:/System/Library/Frameworks/JavaVM.framework/Versions/1.4.2/Classes/classes.jar:/System/Library/Frameworks/JavaVM.framework/Versions/1.4.2/Classes/ui.jar:/System/Library/Frameworks/JavaVM.framework/Versions/1.4.2/Classes/laf.jar:/System/Library/Frameworks/JavaVM.framework/Versions/1.4.2/Classes/sunrsasign.jar:/System/Library/Frameworks/JavaVM.framework/Versions/1.4.2/Classes/jsse.jar:/System/Library/Frameworks/JavaVM.framework/Versions/1.4.2/Classes/jce.jar:/System/Library/Frameworks/JavaVM.framework/Versions/1.4.2/Classes/charsets.jar], maven.distBuildDirectory=org.apache.commons.jelly.expression.CompositeExpression@61e285[expressions=[org.apache.commons.jelly.expression.jexl.JexlExpressionFactory$ExpressionSupportLocal@5e9c6c[expression:basedir], org.apache.commons.jelly.expression.ConstantExpression@6f81ed[value=/target]]], tools.jar=org.apache.commons.jelly.expression.ConstantExpression@bafdb4[value=/System/Library/Frameworks/JavaVM.framework/Versions/CurrentJDK/Classes/classes.jar], sun.java2d.fontpath=org.apache.commons.jelly.expression.ConstantExpression@663655[value=], java.vm.specification.vendor=org.apache.commons.jelly.expression.ConstantExpression@793c82[value=Sun Microsystems Inc.], java.runtime.version=org.apache.commons.jelly.expression.ConstantExpression@73963b[value=1.4.2_05-141.4], maven.repo.remote.enabled=org.apache.commons.jelly.expression.ConstantExpression@8c1143[value=true], systemScope={java.runtime.name=Java(TM) 2 Runtime Environment, Standard Edition, sun.boot.library.path=/System/Library/Frameworks/JavaVM.framework/Versions/1.4.2/Libraries, java.vm.version=1.4.2-38, awt.nativeDoubleBuffering=true, gopherProxySet=false, java.vm.vendor=&quot;Apple Computer, Inc.&quot;, java.vendor.url=http://apple.com/, path.separator=:, java.vm.name=Java HotSpot(TM) Client VM, file.encoding.pkg=sun.io, sun.os.patch.level=unknown, user.country=US, java.vm.specification.name=Java Virtual Machine Specification, user.dir=/Users/greg/dev/projects/swaf/swaf/swaf-tags, java.runtime.version=1.4.2_05-141.4, forehead.conf.file=/Applications/dev/maven/bin/forehead.conf, java.awt.graphicsenv=apple.awt.CGraphicsEnvironment, java.endorsed.dirs=/System/Library/Frameworks/JavaVM.framework/Versions/CurrentJDK/Home/lib/endorsed:/Applications/dev/maven/lib/endorsed, os.arch=ppc, java.io.tmpdir=/tmp, line.separator=
, java.vm.specification.vendor=Sun Microsystems Inc., https.proxyHost=hyperion.lan.kiala.com, os.name=Mac OS X, sun.java2d.fontpath=, tools.jar=/System/Library/Frameworks/JavaVM.framework/Versions/CurrentJDK/Classes/classes.jar, java.library.path=.:/Library/Java/Extensions:/System/Library/Java/Extensions:/usr/lib/java, javax.xml.parsers.SAXParserFactory=org.apache.xerces.jaxp.SAXParserFactoryImpl, http.proxyPort=8080, java.specification.name=Java Platform API Specification, java.class.version=48.0, java.util.prefs.PreferencesFactory=java.util.prefs.MacOSXPreferencesFactory, os.version=10.3.9, http.nonProxyHosts=localhost|*.localhost|dev.kiala.com|*.dev.kiala.com|dev.kiala.com|*.dev.kiala.com, user.home=/Users/greg, user.timezone=Europe/Brussels, java.awt.printerjob=apple.awt.CPrinterJob, file.encoding=MacRoman, java.specification.version=1.4, java.class.path=/Applications/dev/maven/lib/forehead-1.0-beta-5.jar, user.name=greg, java.vm.specification.version=1.0, java.home=/System/Library/Frameworks/JavaVM.framework/Versions/1.4.2/Home, sun.arch.data.model=32, user.language=en, java.specification.vendor=Sun Microsystems Inc., awt.toolkit=apple.awt.CToolkit, java.vm.info=mixed mode, java.version=1.4.2_05, java.ext.dirs=/Library/Java/Extensions:/System/Library/Java/Extensions:/System/Library/Frameworks/JavaVM.framework/Versions/1.4.2/Home/lib/ext, sun.boot.class.path=/Applications/dev/maven/lib/endorsed/xerces-2.4.0.jar:/Applications/dev/maven/lib/endorsed/xml-apis-1.0.b2.jar:/System/Library/Frameworks/JavaVM.framework/Versions/1.4.2/Classes/classes.jar:/System/Library/Frameworks/JavaVM.framework/Versions/1.4.2/Classes/ui.jar:/System/Library/Frameworks/JavaVM.framework/Versions/1.4.2/Classes/laf.jar:/System/Library/Frameworks/JavaVM.framework/Versions/1.4.2/Classes/sunrsasign.jar:/System/Library/Frameworks/JavaVM.framework/Versions/1.4.2/Classes/jsse.jar:/System/Library/Frameworks/JavaVM.framework/Versions/1.4.2/Classes/jce.jar:/System/Library/Frameworks/JavaVM.framework/Versions/1.4.2/Classes/charsets.jar, http.proxyHost=hyperion.lan.kiala.com, javax.xml.parsers.DocumentBuilderFactory=org.apache.xerces.jaxp.DocumentBuilderFactoryImpl, java.vendor=Apple Computer, Inc., maven.home=/Applications/dev/maven, file.separator=/, java.vendor.url.bug=http://developer.apple.com/java/, sun.io.unicode.encoding=UnicodeBig, sun.cpu.endian=big, mrj.version=141.3, https.proxyPort=8080, socksNonProxyHosts=localhost|*.localhost|dev.kiala.com|*.dev.kiala.com|dev.kiala.com|*.dev.kiala.com, ftp.nonProxyHosts=localhost|*.localhost|dev.kiala.com|*.dev.kiala.com|dev.kiala.com|*.dev.kiala.com, sun.cpu.isalist=}, http.proxyPort=org.apache.commons.jelly.expression.ConstantExpression@c14b1d[value=8080], user.name=org.apache.commons.jelly.expression.ConstantExpression@2a9743[value=greg], maven.debugOn=false, maven.compile.debug=org.apache.commons.jelly.expression.ConstantExpression@30d53c[value=on], awt.nativeDoubleBuffering=org.apache.commons.jelly.expression.ConstantExpression@ff5be1[value=true], maven.repo.local=org.apache.commons.jelly.expression.CompositeExpression@e92aef[expressions=[org.apache.commons.jelly.expression.jexl.JexlExpressionFactory$ExpressionSupportLocal@1beb6[expression:maven.home.local], org.apache.commons.jelly.expression.ConstantExpression@8fc095[value=/repository]]], maven.defaults.loaded=org.apache.commons.jelly.expression.ConstantExpression@ac767c[value=true], javax.xml.parsers.SAXParserFactory=org.apache.commons.jelly.expression.ConstantExpression@96f6ef[value=org.apache.xerces.jaxp.SAXParserFactoryImpl], maven.docs.omitXmlDeclaration=org.apache.commons.jelly.expression.ConstantExpression@2df904[value=false], user.language=org.apache.commons.jelly.expression.ConstantExpression@378309[value=en], sun.boot.library.path=org.apache.commons.jelly.expression.ConstantExpression@7be4ce[value=/System/Library/Frameworks/JavaVM.framework/Versions/1.4.2/Libraries], maven.build.dest=org.apache.commons.jelly.expression.CompositeExpression@ead03b[expressions=[org.apache.commons.jelly.expression.jexl.JexlExpressionFactory$ExpressionSupportLocal@ce6fc[expression:maven.build.dir], org.apache.commons.jelly.expression.ConstantExpression@10e773[value=/classes]]], maven.xmlOutput=org.apache.commons.jelly.XMLOutput$1@cb687f[contentHandler=org.dom4j.io.XMLWriter@399e0f;lexicalHandler=org.dom4j.io.XMLWriter@399e0f], maven.plugin.user.dir=org.apache.commons.jelly.expression.CompositeExpression@b7f191[expressions=[org.apache.commons.jelly.expression.jexl.JexlExpressionFactory$ExpressionSupportLocal@54884c[expression:maven.home.local], org.apache.commons.jelly.expression.ConstantExpression@c03f7e[value=/plugins]]], java.version=org.apache.commons.jelly.expression.ConstantExpression@8872d0[value=1.4.2_05], user.timezone=org.apache.commons.jelly.expression.ConstantExpression@29bb9a[value=], sun.arch.data.model=org.apache.commons.jelly.expression.ConstantExpression@db9199[value=32], java.endorsed.dirs=org.apache.commons.jelly.expression.ConstantExpression@33f513[value=/System/Library/Frameworks/JavaVM.framework/Versions/CurrentJDK/Home/lib/endorsed:/Applications/dev/maven/lib/endorsed], http.nonProxyHosts=org.apache.commons.jelly.expression.ConstantExpression@1eba31[value=localhost|*.localhost|dev.kiala.com|*.dev.kiala.com|dev.kiala.com|*.dev.kiala.com], maven.property.inheritance=org.apache.commons.jelly.expression.ConstantExpression@51f563[value=true], sun.cpu.isalist=org.apache.commons.jelly.expression.ConstantExpression@c549b9[value=], file.encoding.pkg=org.apache.commons.jelly.expression.ConstantExpression@6b2515[value=sun.io], file.separator=org.apache.commons.jelly.expression.ConstantExpression@4f8a87[value=/], java.specification.name=org.apache.commons.jelly.expression.ConstantExpression@fd2df[value=Java Platform API Specification], maven.src.dir=org.apache.commons.jelly.expression.CompositeExpression@dd6a83[expressions=[org.apache.commons.jelly.expression.jexl.JexlExpressionFactory$ExpressionSupportLocal@7bf0a7[expression:basedir], org.apache.commons.jelly.expression.ConstantExpression@f46be2[value=/src]]], java.class.version=org.apache.commons.jelly.expression.ConstantExpression@d6cba3[value=48.0], maven.repo.kiala.password=org.apache.commons.jelly.expression.ConstantExpression@d35e27[value=10moioui], user.country=org.apache.commons.jelly.expression.ConstantExpression@ca5f2c[value=US], java.home=org.apache.commons.jelly.expression.ConstantExpression@2e714b[value=/System/Library/Frameworks/JavaVM.framework/Versions/1.4.2/Home], javax.xml.parsers.DocumentBuilderFactory=org.apache.commons.jelly.expression.ConstantExpression@102963[value=org.apache.xerces.jaxp.DocumentBuilderFactoryImpl], forehead.conf.file=org.apache.commons.jelly.expression.ConstantExpression@d2a4e[value=/Applications/dev/maven/bin/forehead.conf], java.vm.info=org.apache.commons.jelly.expression.ConstantExpression@549f54[value=mixed mode], os.version=org.apache.commons.jelly.expression.ConstantExpression@a85567[value=10.3.9], maven.conf.dir=org.apache.commons.jelly.expression.CompositeExpression@7f0f47[expressions=[org.apache.commons.jelly.expression.jexl.JexlExpressionFactory$ExpressionSupportLocal@c4390a[expression:basedir], org.apache.commons.jelly.expression.ConstantExpression@7cfae6[value=/conf]]], https.proxyPort=org.apache.commons.jelly.expression.ConstantExpression@3c3ee9[value=8080], maven.repo.kiala.username=org.apache.commons.jelly.expression.ConstantExpression@465b1f[value=koala], path.separator=org.apache.commons.jelly.expression.ConstantExpression@87bf5[value=:], java.vm.version=org.apache.commons.jelly.expression.ConstantExpression@25277[value=1.4.2-38], maven.build.dir=org.apache.commons.jelly.expression.CompositeExpression@74335c[expressions=[org.apache.commons.jelly.expression.jexl.JexlExpressionFactory$ExpressionSupportLocal@d7e5f7[expression:basedir], org.apache.commons.jelly.expression.ConstantExpression@3aee56[value=/target]]], java.util.prefs.PreferencesFactory=org.apache.commons.jelly.expression.ConstantExpression@f58b34[value=java.util.prefs.MacOSXPreferencesFactory], maven.ssh.executable=org.apache.commons.jelly.expression.ConstantExpression@861456[value=ssh], maven.emacsModeOn=false, java.awt.printerjob=org.apache.commons.jelly.expression.ConstantExpression@a15b82[value=apple.awt.CPrinterJob], sun.io.unicode.encoding=org.apache.commons.jelly.expression.ConstantExpression@7ed263[value=UnicodeBig], awt.toolkit=org.apache.commons.jelly.expression.ConstantExpression@26920c[value=apple.awt.CToolkit], socksNonProxyHosts=org.apache.commons.jelly.expression.ConstantExpression@3e7f0a[value=localhost|*.localhost|dev.kiala.com|*.dev.kiala.com|dev.kiala.com|*.dev.kiala.com], ftp.nonProxyHosts=org.apache.commons.jelly.expression.ConstantExpression@690a1[value=localhost|*.localhost|dev.kiala.com|*.dev.kiala.com|dev.kiala.com|*.dev.kiala.com], maven.compile.optimize=org.apache.commons.jelly.expression.ConstantExpression@147e3[value=off], user.home=org.apache.commons.jelly.expression.ConstantExpression@16af10[value=/Users/greg], berkanoVersion=org.apache.commons.jelly.expression.ConstantExpression@3f78d3[value=20050525.1], maven.repo.kiala=org.apache.commons.jelly.expression.ConstantExpression@1579cd[value=sftp://dev.kiala.com], java.specification.vendor=org.apache.commons.jelly.expression.ConstantExpression@ef84d9[value=Sun Microsystems Inc.], maven.final.dir=org.apache.commons.jelly.expression.CompositeExpression@faf9eb[expressions=[org.apache.commons.jelly.expression.jexl.JexlExpressionFactory$ExpressionSupportLocal@2dd10a[expression:basedir], org.apache.commons.jelly.expression.ConstantExpression@f6edc5[value=/], org.apache.commons.jelly.expression.jexl.JexlExpressionFactory$ExpressionSupportLocal@742ac0[expression:maven.final.name]]], maven.build.src=org.apache.commons.jelly.expression.CompositeExpression@a2c034[expressions=[org.apache.commons.jelly.expression.jexl.JexlExpressionFactory$ExpressionSupportLocal@f8c04e[expression:maven.build.dir], org.apache.commons.jelly.expression.ConstantExpression@195f21[value=/src]]], maven.build=org.apache.commons.jelly.expression.ConstantExpression@b48081[value=MAVEN_BUILD_NOT_SET], java.library.path=org.apache.commons.jelly.expression.ConstantExpression@60999e[value=.:/Library/Java/Extensions:/System/Library/Java/Extensions:/usr/lib/java], java.vendor.url=org.apache.commons.jelly.expression.ConstantExpression@5554a[value=http://apple.com/], java.vm.vendor=org.apache.commons.jelly.expression.ConstantExpression@22778a[value=&quot;Apple Computer, Inc.&quot;], gopherProxySet=org.apache.commons.jelly.expression.ConstantExpression@d63b75[value=false], maven.username=org.apache.commons.jelly.expression.ConstantExpression@d9be5a[value=USERNAME_NOT_SET], maven.home=org.apache.commons.jelly.expression.ConstantExpression@60323b[value=/Applications/dev/maven], java.runtime.name=org.apache.commons.jelly.expression.ConstantExpression@81d1a2[value=Java(TM) 2 Runtime Environment, Standard Edition], java.class.path=org.apache.commons.jelly.expression.ConstantExpression@e9e2f0[value=/Applications/dev/maven/lib/forehead-1.0-beta-5.jar], maven.repo.list=org.apache.commons.jelly.expression.ConstantExpression@3220fc[value=kiala], maven.remote.group=org.apache.commons.jelly.expression.ConstantExpression@13a1d4[value=maven], maven.gen.docs=org.apache.commons.jelly.expression.CompositeExpression@e58730[expressions=[org.apache.commons.jelly.expression.jexl.JexlExpressionFactory$ExpressionSupportLocal@e6c0e[expression:maven.build.dir], org.apache.commons.jelly.expression.ConstantExpression@d8275f[value=/generated-xdocs]]], context=org.apache.maven.jelly.MavenJellyContext@d826, maven.distDirectory=org.apache.commons.jelly.expression.CompositeExpression@6ed1e0[expressions=[org.apache.commons.jelly.expression.jexl.JexlExpressionFactory$ExpressionSupportLocal@94cae2[expression:basedir], org.apache.commons.jelly.expression.ConstantExpression@93ecf7[value=/dist]]], maven.docs.dest=org.apache.commons.jelly.expression.CompositeExpression@aa715a[expressions=[org.apache.commons.jelly.expression.jexl.JexlExpressionFactory$ExpressionSupportLocal@f800e1[expression:maven.build.dir], org.apache.commons.jelly.expression.ConstantExpression@1e897[value=/docs]]], maven.compile.deprecation=org.apache.commons.jelly.expression.ConstantExpression@4d23f8[value=off], java.vm.specification.name=org.apache.commons.jelly.expression.ConstantExpression@74acff[value=Java Virtual Machine Specification], maven.docs.outputencoding=org.apache.commons.jelly.expression.ConstantExpression@9b5ca[value=ISO-8859-1], maven.repo.incongru=org.apache.commons.jelly.expression.ConstantExpression@7e0849[value=ftp://incongru.net], java.vm.specification.version=org.apache.commons.jelly.expression.ConstantExpression@520d98[value=1.0], sun.cpu.endian=org.apache.commons.jelly.expression.ConstantExpression@faa47b[value=big], sun.os.patch.level=org.apache.commons.jelly.expression.ConstantExpression@44a891[value=unknown], maven.plugin.unpacked.dir=org.apache.commons.jelly.expression.CompositeExpression@96cb51[expressions=[org.apache.commons.jelly.expression.jexl.JexlExpressionFactory$ExpressionSupportLocal@fe49b5[expression:maven.home.local], org.apache.commons.jelly.expression.ConstantExpression@993b4f[value=/cache]]], java.io.tmpdir=org.apache.commons.jelly.expression.ConstantExpression@4d7f2[value=/tmp], maven.scp.executable=org.apache.commons.jelly.expression.ConstantExpression@fd8ce3[value=scp], java.vendor.url.bug=org.apache.commons.jelly.expression.ConstantExpression@2c93cb[value=http://developer.apple.com/java/], http.proxyHost=org.apache.commons.jelly.expression.ConstantExpression@9b3109[value=hyperion.lan.kiala.com], maven.final.name=org.apache.commons.jelly.expression.CompositeExpression@b07b86[expressions=[org.apache.commons.jelly.expression.jexl.JexlExpressionFactory$ExpressionSupportLocal@7dad3b[expression:pom.artifactId], org.apache.commons.jelly.expression.ConstantExpression@f81c8a[value=-], org.apache.commons.jelly.expression.jexl.JexlExpressionFactory$ExpressionSupportLocal@19bf16[expression:pom.currentVersion]]], maven.distBuildIndicator=org.apache.commons.jelly.expression.ConstantExpression@506900[value=DIST_BUILD_DIRECTORY], os.arch=org.apache.commons.jelly.expression.ConstantExpression@1d85d4[value=ppc], java.awt.graphicsenv=org.apache.commons.jelly.expression.ConstantExpression@3d2eb1[value=apple.awt.CGraphicsEnvironment], java.ext.dirs=org.apache.commons.jelly.expression.ConstantExpression@c46ab0[value=/Library/Java/Extensions:/System/Library/Java/Extensions:/System/Library/Frameworks/JavaVM.framework/Versions/1.4.2/Home/lib/ext], user.dir=org.apache.commons.jelly.expression.ConstantExpression@387e8c[value=/Users/greg/dev/projects/swaf/swaf/swaf-tags], mrj.version=org.apache.commons.jelly.expression.ConstantExpression@fc35a6[value=141.3], maven.docs.src=org.apache.commons.jelly.expression.CompositeExpression@26557e[expressions=[org.apache.commons.jelly.expression.jexl.JexlExpressionFactory$ExpressionSupportLocal@b6f0eb[expression:basedir], org.apache.commons.jelly.expression.ConstantExpression@830771[value=/xdocs]]], maven.junit.fork=org.apache.commons.jelly.expression.ConstantExpression@5dcd1d[value=true], maven.repo.kiala.directory=org.apache.commons.jelly.expression.ConstantExpression@456617[value=/var/www/maven.dev.kiala.com], maven.repo.incongru.password=org.apache.commons.jelly.expression.ConstantExpression@3179e3[value=t1nh-d1], line.separator=org.apache.commons.jelly.expression.ConstantExpression@393f50[value=
], java.vm.name=org.apache.commons.jelly.expression.ConstantExpression@6bb14e[value=Java HotSpot(TM) Client VM], basedir=/Users/greg/dev/projects/swaf/swaf/swaf-tags, maven.repo.incongru.directory=org.apache.commons.jelly.expression.ConstantExpression@4587ff[value=www.incongru.net/htdocs/maven], maven.plugin.dir=org.apache.commons.jelly.expression.CompositeExpression@e3a31c[expressions=[org.apache.commons.jelly.expression.jexl.JexlExpressionFactory$ExpressionSupportLocal@e98e7e[expression:maven.home], org.apache.commons.jelly.expression.ConstantExpression@89fc68[value=/plugins]]], file.encoding=org.apache.commons.jelly.expression.ConstantExpression@1a3613[value=MacRoman], maven.application.version=org.apache.commons.jelly.expression.ConstantExpression@d42e79[value=1.0.2], maven.repo.remote=org.apache.commons.jelly.expression.ConstantExpression@374765[value=http://maven.dev.kiala.com], maven.mode.online=org.apache.commons.jelly.expression.ConstantExpression@303da3[value=true], java.specification.version=org.apache.commons.jelly.expression.ConstantExpression@1ec697[value=1.4], maven.home.local=org.apache.commons.jelly.expression.CompositeExpression@7fee56[expressions=[org.apache.commons.jelly.expression.jexl.JexlExpressionFactory$ExpressionSupportLocal@f85c27[expression:user.home], org.apache.commons.jelly.expression.ConstantExpression@6a2d75[value=/.maven]]]}"></property>
    <property name="maven.artifact.manifest.template" value="manifest.vm"></property>
    <property name="maven.plugin.dir" value="/Applications/dev/maven/plugins"></property>
    <property name="org.apache.commons.jelly.werkz.Project" value="[Werkz: goals={license:transfer=[Goal: name=&quot;license:transfer&quot;]; precursor=[[Goal: name=&quot;xdoc:init&quot;]; precursor=[]]]], test:test=[Goal: name=&quot;test:test&quot;]; precursor=[[Goal: name=&quot;test:compile&quot;]; precursor=[[Goal: name=&quot;java:compile&quot;]; precursor=[[Goal: name=&quot;java:prepare-filesystem&quot;]; precursor=[]]]], [Goal: name=&quot;java:jar-resources&quot;]; precursor=[]], [Goal: name=&quot;test:prepare-filesystem&quot;]; precursor=[]], [Goal: name=&quot;test:test-resources&quot;]; precursor=[[Goal: name=&quot;test:prepare-filesystem&quot;]; precursor=[]]]]]]]], xdoc:jelly-init=[Goal: name=&quot;xdoc:jelly-init&quot;]; precursor=[]], pom:deploy=[Goal: name=&quot;pom:deploy&quot;]; precursor=[]], test:single=[Goal: name=&quot;test:single&quot;]; precursor=[[Goal: name=&quot;test:compile&quot;]; precursor=[[Goal: name=&quot;java:compile&quot;]; precursor=[[Goal: name=&quot;java:prepare-filesystem&quot;]; precursor=[]]]], [Goal: name=&quot;java:jar-resources&quot;]; precursor=[]], [Goal: name=&quot;test:prepare-filesystem&quot;]; precursor=[]], [Goal: name=&quot;test:test-resources&quot;]; precursor=[[Goal: name=&quot;test:prepare-filesystem&quot;]; precursor=[]]]]]]]], build:end=[Goal: name=&quot;build:end&quot;]; precursor=[]], test:single-test=[Goal: name=&quot;test:single-test&quot;]; precursor=[]], jar:snapshot=[Goal: name=&quot;jar:snapshot&quot;]; precursor=[]], deploy-all=[Goal: name=&quot;deploy-all&quot;]; precursor=[]], jar:install=[Goal: name=&quot;jar:install&quot;]; precursor=[[Goal: name=&quot;jar:jar&quot;]; precursor=[[Goal: name=&quot;test:test&quot;]; precursor=[[Goal: name=&quot;test:compile&quot;]; precursor=[[Goal: name=&quot;java:compile&quot;]; precursor=[[Goal: name=&quot;java:prepare-filesystem&quot;]; precursor=[]]]], [Goal: name=&quot;java:jar-resources&quot;]; precursor=[]], [Goal: name=&quot;test:prepare-filesystem&quot;]; precursor=[]], [Goal: name=&quot;test:test-resources&quot;]; precursor=[[Goal: name=&quot;test:prepare-filesystem&quot;]; precursor=[]]]]]]]]]]]], jar:install-snapshot=[Goal: name=&quot;jar:install-snapshot&quot;]; precursor=[[Goal: name=&quot;jar:jar&quot;]; precursor=[[Goal: name=&quot;test:test&quot;]; precursor=[[Goal: name=&quot;test:compile&quot;]; precursor=[[Goal: name=&quot;java:compile&quot;]; precursor=[[Goal: name=&quot;java:prepare-filesystem&quot;]; precursor=[]]]], [Goal: name=&quot;java:jar-resources&quot;]; precursor=[]], [Goal: name=&quot;test:prepare-filesystem&quot;]; precursor=[]], [Goal: name=&quot;test:test-resources&quot;]; precursor=[[Goal: name=&quot;test:prepare-filesystem&quot;]; precursor=[]]]]]]]]]]]], pom:deploy-snapshot=[Goal: name=&quot;pom:deploy-snapshot&quot;]; precursor=[]], xdoc:generate-from-pom=[Goal: name=&quot;xdoc:generate-from-pom&quot;]; precursor=[[Goal: name=&quot;xdoc:init&quot;]; precursor=[]], [Goal: name=&quot;xdoc:register-reports&quot;]; precursor=[]]]], xdoc:init=[Goal: name=&quot;xdoc:init&quot;]; precursor=[]], maven-license-plugin:register=[Goal: name=&quot;maven-license-plugin:register&quot;]; precursor=[]], xdoc:transform=[Goal: name=&quot;xdoc:transform&quot;]; precursor=[[Goal: name=&quot;xdoc:init&quot;]; precursor=[]]]], pom:contentvalidate=[Goal: name=&quot;pom:contentvalidate&quot;]; precursor=[]], test=[Goal: name=&quot;test&quot;]; precursor=[[Goal: name=&quot;test:test&quot;]; precursor=[[Goal: name=&quot;test:compile&quot;]; precursor=[[Goal: name=&quot;java:compile&quot;]; precursor=[[Goal: name=&quot;java:prepare-filesystem&quot;]; precursor=[]]]], [Goal: name=&quot;java:jar-resources&quot;]; precursor=[]], [Goal: name=&quot;test:prepare-filesystem&quot;]; precursor=[]], [Goal: name=&quot;test:test-resources&quot;]; precursor=[[Goal: name=&quot;test:prepare-filesystem&quot;]; precursor=[]]]]]]]]]], xdoc:jelly-transform=[Goal: name=&quot;xdoc:jelly-transform&quot;]; precursor=[[Goal: name=&quot;xdoc:init&quot;]; precursor=[]], [Goal: name=&quot;xdoc:jelly-init&quot;]; precursor=[]], [Goal: name=&quot;xdoc:register-reports&quot;]; precursor=[]]]], snapshot-all=[Goal: name=&quot;snapshot-all&quot;]; precursor=[]], artifact:load=[Goal: name=&quot;artifact:load&quot;]; precursor=[]], java:compile=[Goal: name=&quot;java:compile&quot;]; precursor=[[Goal: name=&quot;java:prepare-filesystem&quot;]; precursor=[]]]], license=[Goal: name=&quot;license&quot;]; precursor=[[Goal: name=&quot;license:transfer&quot;]; precursor=[[Goal: name=&quot;xdoc:init&quot;]; precursor=[]]]]]], build-all=[Goal: name=&quot;build-all&quot;]; precursor=[]], jar:deploy-snapshot=[Goal: name=&quot;jar:deploy-snapshot&quot;]; precursor=[[Goal: name=&quot;jar:jar&quot;]; precursor=[[Goal: name=&quot;test:test&quot;]; precursor=[[Goal: name=&quot;test:compile&quot;]; precursor=[[Goal: name=&quot;java:compile&quot;]; precursor=[[Goal: name=&quot;java:prepare-filesystem&quot;]; precursor=[]]]], [Goal: name=&quot;java:jar-resources&quot;]; precursor=[]], [Goal: name=&quot;test:prepare-filesystem&quot;]; precursor=[]], [Goal: name=&quot;test:test-resources&quot;]; precursor=[[Goal: name=&quot;test:prepare-filesystem&quot;]; precursor=[]]]]]]]]]]]], build:start=[Goal: name=&quot;build:start&quot;]; precursor=[]], test:prepare-filesystem=[Goal: name=&quot;test:prepare-filesystem&quot;]; precursor=[]], maven-license-plugin:report=[Goal: name=&quot;maven-license-plugin:report&quot;]; precursor=[]], clean=[Goal: name=&quot;clean&quot;]; precursor=[[Goal: name=&quot;clean:clean&quot;]; precursor=[]]]], jar:jar=[Goal: name=&quot;jar:jar&quot;]; precursor=[[Goal: name=&quot;test:test&quot;]; precursor=[[Goal: name=&quot;test:compile&quot;]; precursor=[[Goal: name=&quot;java:compile&quot;]; precursor=[[Goal: name=&quot;java:prepare-filesystem&quot;]; precursor=[]]]], [Goal: name=&quot;java:jar-resources&quot;]; precursor=[]], [Goal: name=&quot;test:prepare-filesystem&quot;]; precursor=[]], [Goal: name=&quot;test:test-resources&quot;]; precursor=[[Goal: name=&quot;test:prepare-filesystem&quot;]; precursor=[]]]]]]]]]], pom:install=[Goal: name=&quot;pom:install&quot;]; precursor=[]], xdoc:validate=[Goal: name=&quot;xdoc:validate&quot;]; precursor=[[Goal: name=&quot;pom:taglib&quot;]; precursor=[]]]], xdoc=[Goal: name=&quot;xdoc&quot;]; precursor=[[Goal: name=&quot;xdoc:generate-from-pom&quot;]; precursor=[[Goal: name=&quot;xdoc:init&quot;]; precursor=[]], [Goal: name=&quot;xdoc:register-reports&quot;]; precursor=[]]]], [Goal: name=&quot;xdoc:transform&quot;]; precursor=[[Goal: name=&quot;xdoc:init&quot;]; precursor=[]]]]]], test:test-resources=[Goal: name=&quot;test:test-resources&quot;]; precursor=[[Goal: name=&quot;test:prepare-filesystem&quot;]; precursor=[]]]], xdoc:performJSL=[Goal: name=&quot;xdoc:performJSL&quot;]; precursor=[]], jar:deploy=[Goal: name=&quot;jar:deploy&quot;]; precursor=[[Goal: name=&quot;jar:jar&quot;]; precursor=[[Goal: name=&quot;test:test&quot;]; precursor=[[Goal: name=&quot;test:compile&quot;]; precursor=[[Goal: name=&quot;java:compile&quot;]; precursor=[[Goal: name=&quot;java:prepare-filesystem&quot;]; precursor=[]]]], [Goal: name=&quot;java:jar-resources&quot;]; precursor=[]], [Goal: name=&quot;test:prepare-filesystem&quot;]; precursor=[]], [Goal: name=&quot;test:test-resources&quot;]; precursor=[[Goal: name=&quot;test:prepare-filesystem&quot;]; precursor=[]]]]]]]]]]]], test:compile=[Goal: name=&quot;test:compile&quot;]; precursor=[[Goal: name=&quot;java:compile&quot;]; precursor=[[Goal: name=&quot;java:prepare-filesystem&quot;]; precursor=[]]]], [Goal: name=&quot;java:jar-resources&quot;]; precursor=[]], [Goal: name=&quot;test:prepare-filesystem&quot;]; precursor=[]], [Goal: name=&quot;test:test-resources&quot;]; precursor=[[Goal: name=&quot;test:prepare-filesystem&quot;]; precursor=[]]]]]], xdoc:copy-resources=[Goal: name=&quot;xdoc:copy-resources&quot;]; precursor=[[Goal: name=&quot;xdoc:init&quot;]; precursor=[]]]], test:ui=[Goal: name=&quot;test:ui&quot;]; precursor=[[Goal: name=&quot;test:compile&quot;]; precursor=[[Goal: name=&quot;java:compile&quot;]; precursor=[[Goal: name=&quot;java:prepare-filesystem&quot;]; precursor=[]]]], [Goal: name=&quot;java:jar-resources&quot;]; precursor=[]], [Goal: name=&quot;test:prepare-filesystem&quot;]; precursor=[]], [Goal: name=&quot;test:test-resources&quot;]; precursor=[[Goal: name=&quot;test:prepare-filesystem&quot;]; precursor=[]]]]]]]], xdoc:copy-user-resources=[Goal: name=&quot;xdoc:copy-user-resources&quot;]; precursor=[[Goal: name=&quot;xdoc:init&quot;]; precursor=[]]]], pom:install-snapshot=[Goal: name=&quot;pom:install-snapshot&quot;]; precursor=[]], xdoclet=[Goal: name=&quot;xdoclet&quot;]; precursor=[]], maven-license-plugin:deregister=[Goal: name=&quot;maven-license-plugin:deregister&quot;]; precursor=[]], jar=[Goal: name=&quot;jar&quot;]; precursor=[[Goal: name=&quot;jar:jar&quot;]; precursor=[[Goal: name=&quot;test:test&quot;]; precursor=[[Goal: name=&quot;test:compile&quot;]; precursor=[[Goal: name=&quot;java:compile&quot;]; precursor=[[Goal: name=&quot;java:prepare-filesystem&quot;]; precursor=[]]]], [Goal: name=&quot;java:jar-resources&quot;]; precursor=[]], [Goal: name=&quot;test:prepare-filesystem&quot;]; precursor=[]], [Goal: name=&quot;test:test-resources&quot;]; precursor=[[Goal: name=&quot;test:prepare-filesystem&quot;]; precursor=[]]]]]]]]]]]], pom:validate=[Goal: name=&quot;pom:validate&quot;]; precursor=[[Goal: name=&quot;pom:verify-version&quot;]; precursor=[]]]], test:match-test=[Goal: name=&quot;test:match-test&quot;]; precursor=[]], java:prepare-filesystem=[Goal: name=&quot;java:prepare-filesystem&quot;]; precursor=[]], xdoc:register-reports=[Goal: name=&quot;xdoc:register-reports&quot;]; precursor=[]], pom:taglib=[Goal: name=&quot;pom:taglib&quot;]; precursor=[]], clean:clean=[Goal: name=&quot;clean:clean&quot;]; precursor=[]], antlr:prepare-filesystem=[Goal: name=&quot;antlr:prepare-filesystem&quot;]; precursor=[]], xdoc:dump-report-settings=[Goal: name=&quot;xdoc:dump-report-settings&quot;]; precursor=[]], java:jar-resources=[Goal: name=&quot;java:jar-resources&quot;]; precursor=[]], test:eclipse=[Goal: name=&quot;test:eclipse&quot;]; precursor=[]], pom:verify-version=[Goal: name=&quot;pom:verify-version&quot;]; precursor=[]], test:match=[Goal: name=&quot;test:match&quot;]; precursor=[[Goal: name=&quot;test:compile&quot;]; precursor=[[Goal: name=&quot;java:compile&quot;]; precursor=[[Goal: name=&quot;java:prepare-filesystem&quot;]; precursor=[]]]], [Goal: name=&quot;java:jar-resources&quot;]; precursor=[]], [Goal: name=&quot;test:prepare-filesystem&quot;]; precursor=[]], [Goal: name=&quot;test:test-resources&quot;]; precursor=[[Goal: name=&quot;test:prepare-filesystem&quot;]; precursor=[]]]]]]]], antlr:generate=[Goal: name=&quot;antlr:generate&quot;]; precursor=[[Goal: name=&quot;antlr:prepare-filesystem&quot;]; precursor=[]]]], pom=[Goal: name=&quot;pom&quot;]; precursor=[[Goal: name=&quot;pom:validate&quot;]; precursor=[[Goal: name=&quot;pom:verify-version&quot;]; precursor=[]]]]]], java:jar=[Goal: name=&quot;java:jar&quot;]; precursor=[[Goal: name=&quot;jar:jar&quot;]; precursor=[[Goal: name=&quot;test:test&quot;]; precursor=[[Goal: name=&quot;test:compile&quot;]; precursor=[[Goal: name=&quot;java:compile&quot;]; precursor=[[Goal: name=&quot;java:prepare-filesystem&quot;]; precursor=[]]]], [Goal: name=&quot;java:jar-resources&quot;]; precursor=[]], [Goal: name=&quot;test:prepare-filesystem&quot;]; precursor=[]], [Goal: name=&quot;test:test-resources&quot;]; precursor=[[Goal: name=&quot;test:prepare-filesystem&quot;]; precursor=[]]]]]]]]]]]]};]"></property>
    <property name="java.awt.printerjob" value="apple.awt.CPrinterJob"></property>
    <property name="forehead.conf.file" value="/Applications/dev/maven/bin/forehead.conf"></property>
    <property name="maven.final.name" value="swaf-tags-test-20050525.1"></property>
    <property name="maven.jar.manifest" value="/Users/greg/dev/projects/swaf/swaf/swaf-tags/test/conf/Manifest.mf"></property>
    <property name="maven.repo.kiala" value="sftp://dev.kiala.com"></property>
    <property name="maven.xdoc.distributionType" value="jar"></property>
    <property name="https.proxyPort" value="8080"></property>
    <property name="gopherProxySet" value="false"></property>
    <property name="maven.scp.executable" value="scp"></property>
    <property name="maven.docs.dest" value="/Users/greg/dev/projects/swaf/swaf/swaf-tags/test/target/docs"></property>
    <property name="os.name" value="Mac OS X"></property>
    <property name="java.specification.vendor" value="Sun Microsystems Inc."></property>
    <property name="maven.docs.src" value="/Users/greg/dev/projects/swaf/swaf/swaf-tags/test/xdocs"></property>
    <property name="java.vm.name" value="Java HotSpot(TM) Client VM"></property>
    <property name="mrj.version" value="141.3"></property>
    <property name="java.library.path" value=".:/Library/Java/Extensions:/System/Library/Java/Extensions:/usr/lib/java"></property>
    <property name="maven.build" value="MAVEN_BUILD_NOT_SET"></property>
    <property name="ant.java.version" value="1.4"></property>
    <property name="maven.jar.compress" value="true"></property>
    <property name="basedir" value="/Users/greg/dev/projects/swaf/swaf/swaf-tags/test"></property>
    <property name="java.class.version" value="48.0"></property>
    <property name="dir__" value="/Users/greg/dev/projects/swaf/swaf/swaf-tags/test/src/testX"></property>
    <property name="maven.xdoc.poweredby.url" value="http://maven.apache.org/"></property>
    <property name="maven.final.dir" value="/Users/greg/dev/projects/swaf/swaf/swaf-tags/test/swaf-tags-test-20050525.1"></property>
    <property name="maven.xdoc.developmentProcessUrl" value="http://maven.apache.org/development-process.html"></property>
    <property name="maven.mode.online" value="true"></property>
    <property name="maven.repo.incongru" value="ftp://incongru.net"></property>
    <property name="maven.test.dest" value="/Users/greg/dev/projects/swaf/swaf/swaf-tags/test/target/test-classes"></property>
    <property name="maven.session.global" value="com.werken.werkz.jelly.JellySession@ce7a49"></property>
    <property name="maven.xmlOutput" value="org.apache.commons.jelly.XMLOutput$1@cb687f[contentHandler=org.dom4j.io.XMLWriter@399e0f;lexicalHandler=org.dom4j.io.XMLWriter@399e0f]"></property>
    <property name="maven.repo.incongru.username" value="greg_tinh-di_net"></property>
    <property name="maven.test.skip" value="false"></property>
    <property name="maven.src.dir" value="/Users/greg/dev/projects/swaf/swaf/swaf-tags/test/src"></property>
    <property name="sun.boot.library.path" value="/System/Library/Frameworks/JavaVM.framework/Versions/1.4.2/Libraries"></property>
    <property name="java.awt.graphicsenv" value="apple.awt.CGraphicsEnvironment"></property>
    <property name="http.proxyPort" value="8080"></property>
    <property name="https.proxyHost" value="hyperion.lan.kiala.com"></property>
    <property name="maven.junit.envvars" value=""></property>
    <property name="maven.session" value="org.apache.maven.MavenSession@3f8a94"></property>
    <property name="maven.xdoc.crumb.separator" value="|"></property>
    <property name="java.vm.specification.version" value="1.0"></property>
    <property name="pom" value="Test framework for taglibs"></property>
    <property name="maven.test.reportsDirectory" value="/Users/greg/dev/projects/swaf/swaf/swaf-tags/test/target/test-reports"></property>
    <property name="awt.toolkit" value="apple.awt.CToolkit"></property>
    <property name="sun.cpu.isalist" value=""></property>
    <property name="maven.ant.project" value="org.apache.commons.grant.GrantProject@c63304"></property>
    <property name="unitTestSourcesPresent" value="true"></property>
    <property name="java.ext.dirs" value="/Library/Java/Extensions:/System/Library/Java/Extensions:/System/Library/Frameworks/JavaVM.framework/Versions/1.4.2/Home/lib/ext"></property>
    <property name="os.version" value="10.3.9"></property>
    <property name="maven.jar.excludes" value="**/package.html"></property>
    <property name="user.home" value="/Users/greg"></property>
    <property name="java.vm.vendor" value="&quot;Apple Computer, Inc.&quot;"></property>
    <property name="javax.xml.parsers.DocumentBuilderFactory" value="org.apache.xerces.jaxp.DocumentBuilderFactoryImpl"></property>
    <property name="maven.xdoc.date.locale" value="en"></property>
    <property name="maven.xdoc.theme.url" value=""></property>
    <property name="user.dir" value="/Users/greg/dev/projects/swaf/swaf/swaf-tags/test"></property>
    <property name="maven.artifact.manifest.extensions.add" value="false"></property>
    <property name="maven.xdoc.theme" value="theme"></property>
    <property name="maven.build.src" value="/Users/greg/dev/projects/swaf/swaf/swaf-tags/test/target/src"></property>
    <property name="maven.default.goal" value="jar"></property>
    <property name="sun.cpu.endian" value="big"></property>
    <property name="maven.distDirectory" value="/Users/greg/dev/projects/swaf/swaf/swaf-tags/test/dist"></property>
    <property name="project" value="org.apache.commons.grant.GrantProject@c63304"></property>
    <property name="maven.defaults.loaded" value="true"></property>
    <property name="maven.username" value="USERNAME_NOT_SET"></property>
    <property name="java.vm.version" value="1.4.2-38"></property>
    <property name="java.class.path" value="/Users/greg/dev/projects/swaf/swaf/swaf-tags/test/target/test-classes:/Users/greg/dev/projects/swaf/swaf/swaf-tags/test/target/classes:/Users/greg/.maven/repository/junit/jars/junit-3.8.1.jar:/Users/greg/.maven/repository/httpunit/jars/httpunit-1.6.jar:/Users/greg/.maven/repository/tomcat/jars/jasper-compiler-5.0.28.jar:/Users/greg/.maven/repository/tomcat/jars/jasper-runtime-5.0.28.jar:/Users/greg/.maven/repository/eclipse/jars/jdtcore-3.0.1.jar:/Users/greg/.maven/repository/commons-el/jars/commons-el-1.0.jar:/Users/greg/.maven/repository/servletapi/jars/servletapi-2.4-20040521.jar:/Users/greg/.maven/repository/jspapi/jars/jsp-api-2.0-20040521.jar:/Users/greg/.maven/repository/xdoclet-plugins/jars/xdoclet-plugin-web-1.0-SNAPSHOT.jar:/Users/greg/.maven/repository/xdoclet/jars/xdoclet-SNAPSHOT.jar:/Users/greg/.maven/repository/qfork/jars/qfork-1.7-SNAPSHOT.jar:/Users/greg/.maven/repository/picocontainer/jars/picocontainer-1.1.jar:/Users/greg/.maven/repository/nanocontainer/jars/nanocontainer-ant-1.0-beta-1.jar:/Users/greg/.maven/repository/nanocontainer/jars/nanocontainer-1.0-beta-1.jar:/Users/greg/.maven/repository/generama/jars/generama-SNAPSHOT.jar:/Users/greg/.maven/repository/velocity/jars/velocity-1.4.jar:/Users/greg/.maven/repository/commons-collections/jars/commons-collections-2.1.jar:/Users/greg/.maven/repository/log4j/jars/log4j-1.2.8.jar:/Users/greg/.maven/repository/commons-logging/jars/commons-logging-1.0.4.jar:/Users/greg/.maven/repository/commons-beanutils/jars/commons-beanutils-1.6.1.jar:/Users/greg/.maven/repository/commons-jelly/jars/commons-jelly-1.0-RC1.jar:/Users/greg/.maven/repository/commons-jelly/jars/commons-jelly-tags-xml-1.0.jar:/Users/greg/.maven/repository/jaxen/jars/jaxen-1.1-beta-4.jar:/Users/greg/.maven/repository/commons-jelly/jars/commons-jelly-tags-define-1.0.jar:/Users/greg/.maven/repository/dom4j/jars/dom4j-1.5.2.jar:/Users/greg/.maven/repository/commons-jexl/jars/commons-jexl-1.0.jar:/Users/greg/.maven/repository/ant/jars/ant-1.6.2.jar:/Users/greg/.maven/repository/xml-apis/jars/xml-apis-1.0.b2.jar:/Users/greg/.maven/repository/xerces/jars/xerces-2.4.0.jar:/Applications/dev/maven/lib/ant-1.5.3-1.jar:/Applications/dev/maven/lib/ant-optional-1.5.3-1.jar"></property>
    <property name="javax.xml.parsers.SAXParserFactory" value="org.apache.xerces.jaxp.SAXParserFactoryImpl"></property>
    <property name="os.arch" value="ppc"></property>
    <property name="maven.debugOn" value="false"></property>
    <property name="http.proxyHost" value="hyperion.lan.kiala.com"></property>
    <property name="maven.junit.jvmargs" value=""></property>
    <property name="maven.application.version" value="1.0.2"></property>
    <property name="maven.repo.remote" value="http://maven.dev.kiala.com"></property>
    <property name="maven.license.licenseFile" value="/Users/greg/dev/projects/swaf/swaf/swaf-tags/test/LICENSE.txt"></property>
    <property name="java.vm.specification.vendor" value="Sun Microsystems Inc."></property>
    <property name="file.separator" value="/"></property>
    <property name="maven.gen.docs" value="/Users/greg/dev/projects/swaf/swaf/swaf-tags/test/target/generated-xdocs"></property>
    <property name="maven.repo.kiala.password" value="10moioui"></property>
    <property name="java.runtime.version" value="1.4.2_05-141.4"></property>
    <property name="sun.boot.class.path" value="/System/Library/Frameworks/JavaVM.framework/Versions/1.4.2/Classes/classes.jar:/System/Library/Frameworks/JavaVM.framework/Versions/1.4.2/Classes/ui.jar:/System/Library/Frameworks/JavaVM.framework/Versions/1.4.2/Classes/laf.jar:/System/Library/Frameworks/JavaVM.framework/Versions/1.4.2/Classes/sunrsasign.jar:/System/Library/Frameworks/JavaVM.framework/Versions/1.4.2/Classes/jsse.jar:/System/Library/Frameworks/JavaVM.framework/Versions/1.4.2/Classes/jce.jar:/System/Library/Frameworks/JavaVM.framework/Versions/1.4.2/Classes/charsets.jar"></property>
    <property name="maven.home.local" value="/Users/greg/.maven"></property>
    <property name="sun.java2d.fontpath" value=""></property>
    <property name="user.country" value="US"></property>
    <property name="maven.home" value="/Applications/dev/maven"></property>
    <property name="maven.antlr.src.dir" value="MAVEN_ANTLR_SRC_DIR_NOT_SET"></property>
    <property name="tools.jar" value="/System/Library/Frameworks/JavaVM.framework/Versions/CurrentJDK/Classes/classes.jar"></property>
    <property name="maven.distBuildDirectory" value="/Users/greg/dev/projects/swaf/swaf/swaf-tags/test/target"></property>
    <property name="java.vendor" value="Apple Computer, Inc."></property>
    <property name="maven.docs.outputencoding" value="ISO-8859-1"></property>
    <property name="awt.nativeDoubleBuffering" value="true"></property>
    <property name="java.specification.version" value="1.4"></property>
    <property name="maven.ui.navcol.width" value="20%"></property>
    <property name="sun.arch.data.model" value="32"></property>
  </properties>
  <testcase name="testAsText" time="0.925"></testcase>
  <testcase name="testWithResource" time="0.066"></testcase>
  <testcase name="testWithResourceIgnoringWhitespace" time="0.072"></testcase>
  <system-out><![CDATA[0 [main] DEBUG org.apache.jasper.compiler.JspRuntimeContext  - Parent class loader is: sun.misc.Launcher$AppClassLoader@53ba3d
6 [main] DEBUG org.apache.jasper.servlet.JspServlet  - Scratch dir for the JSP engine is: /tmp
6 [main] DEBUG org.apache.jasper.servlet.JspServlet  - IMPORTANT: Do not modify the generated servlets
18 [main] DEBUG org.apache.jasper.servlet.JspServlet  - JspEngine --> /src/test/net/incongru/tags/test/test.jsp
18 [main] DEBUG org.apache.jasper.servlet.JspServlet  - 	     ServletPath: /jsp
19 [main] DEBUG org.apache.jasper.servlet.JspServlet  - 	        PathInfo: null
19 [main] DEBUG org.apache.jasper.servlet.JspServlet  - 	        RealPath: /Users/greg/dev/projects/swaf/swaf/swaf-tags/test/src/test/net/incongru/tags/test/test.jsp
29 [main] DEBUG org.apache.jasper.servlet.JspServlet  - 	      RequestURI: /jsp
44 [main] DEBUG org.apache.jasper.servlet.JspServlet  - 	     QueryString: jsp=src%2Ftest%2Fnet%2Fincongru%2Ftags%2Ftest%2Ftest.jsp
44 [main] DEBUG org.apache.jasper.servlet.JspServlet  - 	  Request Params: 
46 [main] DEBUG org.apache.jasper.servlet.JspServlet  - 		 jsp = src/test/net/incongru/tags/test/test.jsp
432 [main] DEBUG org.apache.jasper.compiler.JspRuntimeContext  - Parent class loader is: sun.misc.Launcher$AppClassLoader@53ba3d
432 [main] DEBUG org.apache.jasper.compiler.JspRuntimeContext  - Parent class loader is: sun.misc.Launcher$AppClassLoader@53ba3d
432 [main] DEBUG org.apache.jasper.servlet.JspServlet  - Scratch dir for the JSP engine is: /tmp
432 [main] DEBUG org.apache.jasper.servlet.JspServlet  - Scratch dir for the JSP engine is: /tmp
433 [main] DEBUG org.apache.jasper.servlet.JspServlet  - IMPORTANT: Do not modify the generated servlets
433 [main] DEBUG org.apache.jasper.servlet.JspServlet  - IMPORTANT: Do not modify the generated servlets
433 [main] DEBUG org.apache.jasper.servlet.JspServlet  - JspEngine --> /src/test/net/incongru/tags/test/test.jsp
433 [main] DEBUG org.apache.jasper.servlet.JspServlet  - JspEngine --> /src/test/net/incongru/tags/test/test.jsp
434 [main] DEBUG org.apache.jasper.servlet.JspServlet  - 	     ServletPath: /jsp
434 [main] DEBUG org.apache.jasper.servlet.JspServlet  - 	     ServletPath: /jsp
434 [main] DEBUG org.apache.jasper.servlet.JspServlet  - 	        PathInfo: null
434 [main] DEBUG org.apache.jasper.servlet.JspServlet  - 	        PathInfo: null
434 [main] DEBUG org.apache.jasper.servlet.JspServlet  - 	        RealPath: /Users/greg/dev/projects/swaf/swaf/swaf-tags/test/src/test/net/incongru/tags/test/test.jsp
434 [main] DEBUG org.apache.jasper.servlet.JspServlet  - 	        RealPath: /Users/greg/dev/projects/swaf/swaf/swaf-tags/test/src/test/net/incongru/tags/test/test.jsp
434 [main] DEBUG org.apache.jasper.servlet.JspServlet  - 	      RequestURI: /jsp
434 [main] DEBUG org.apache.jasper.servlet.JspServlet  - 	      RequestURI: /jsp
438 [main] DEBUG org.apache.jasper.servlet.JspServlet  - 	     QueryString: jsp=src%2Ftest%2Fnet%2Fincongru%2Ftags%2Ftest%2Ftest.jsp
438 [main] DEBUG org.apache.jasper.servlet.JspServlet  - 	     QueryString: jsp=src%2Ftest%2Fnet%2Fincongru%2Ftags%2Ftest%2Ftest.jsp
438 [main] DEBUG org.apache.jasper.servlet.JspServlet  - 	  Request Params: 
438 [main] DEBUG org.apache.jasper.servlet.JspServlet  - 	  Request Params: 
438 [main] DEBUG org.apache.jasper.servlet.JspServlet  - 		 jsp = src/test/net/incongru/tags/test/test.jsp
438 [main] DEBUG org.apache.jasper.servlet.JspServlet  - 		 jsp = src/test/net/incongru/tags/test/test.jsp
481 [main] DEBUG org.apache.jasper.compiler.JspRuntimeContext  - Parent class loader is: sun.misc.Launcher$AppClassLoader@53ba3d
481 [main] DEBUG org.apache.jasper.compiler.JspRuntimeContext  - Parent class loader is: sun.misc.Launcher$AppClassLoader@53ba3d
481 [main] DEBUG org.apache.jasper.compiler.JspRuntimeContext  - Parent class loader is: sun.misc.Launcher$AppClassLoader@53ba3d
482 [main] DEBUG org.apache.jasper.servlet.JspServlet  - Scratch dir for the JSP engine is: /tmp
482 [main] DEBUG org.apache.jasper.servlet.JspServlet  - Scratch dir for the JSP engine is: /tmp
482 [main] DEBUG org.apache.jasper.servlet.JspServlet  - Scratch dir for the JSP engine is: /tmp
482 [main] DEBUG org.apache.jasper.servlet.JspServlet  - IMPORTANT: Do not modify the generated servlets
482 [main] DEBUG org.apache.jasper.servlet.JspServlet  - IMPORTANT: Do not modify the generated servlets
482 [main] DEBUG org.apache.jasper.servlet.JspServlet  - IMPORTANT: Do not modify the generated servlets
483 [main] DEBUG org.apache.jasper.servlet.JspServlet  - JspEngine --> /src/test/net/incongru/tags/test/test-and-space.jsp
483 [main] DEBUG org.apache.jasper.servlet.JspServlet  - JspEngine --> /src/test/net/incongru/tags/test/test-and-space.jsp
483 [main] DEBUG org.apache.jasper.servlet.JspServlet  - JspEngine --> /src/test/net/incongru/tags/test/test-and-space.jsp
483 [main] DEBUG org.apache.jasper.servlet.JspServlet  - 	     ServletPath: /jsp
483 [main] DEBUG org.apache.jasper.servlet.JspServlet  - 	     ServletPath: /jsp
483 [main] DEBUG org.apache.jasper.servlet.JspServlet  - 	     ServletPath: /jsp
483 [main] DEBUG org.apache.jasper.servlet.JspServlet  - 	        PathInfo: null
483 [main] DEBUG org.apache.jasper.servlet.JspServlet  - 	        PathInfo: null
483 [main] DEBUG org.apache.jasper.servlet.JspServlet  - 	        PathInfo: null
484 [main] DEBUG org.apache.jasper.servlet.JspServlet  - 	        RealPath: /Users/greg/dev/projects/swaf/swaf/swaf-tags/test/src/test/net/incongru/tags/test/test-and-space.jsp
484 [main] DEBUG org.apache.jasper.servlet.JspServlet  - 	        RealPath: /Users/greg/dev/projects/swaf/swaf/swaf-tags/test/src/test/net/incongru/tags/test/test-and-space.jsp
484 [main] DEBUG org.apache.jasper.servlet.JspServlet  - 	        RealPath: /Users/greg/dev/projects/swaf/swaf/swaf-tags/test/src/test/net/incongru/tags/test/test-and-space.jsp
484 [main] DEBUG org.apache.jasper.servlet.JspServlet  - 	      RequestURI: /jsp
484 [main] DEBUG org.apache.jasper.servlet.JspServlet  - 	      RequestURI: /jsp
484 [main] DEBUG org.apache.jasper.servlet.JspServlet  - 	      RequestURI: /jsp
488 [main] DEBUG org.apache.jasper.servlet.JspServlet  - 	     QueryString: jsp=src%2Ftest%2Fnet%2Fincongru%2Ftags%2Ftest%2Ftest-and-space.jsp
488 [main] DEBUG org.apache.jasper.servlet.JspServlet  - 	     QueryString: jsp=src%2Ftest%2Fnet%2Fincongru%2Ftags%2Ftest%2Ftest-and-space.jsp
488 [main] DEBUG org.apache.jasper.servlet.JspServlet  - 	     QueryString: jsp=src%2Ftest%2Fnet%2Fincongru%2Ftags%2Ftest%2Ftest-and-space.jsp
488 [main] DEBUG org.apache.jasper.servlet.JspServlet  - 	  Request Params: 
488 [main] DEBUG org.apache.jasper.servlet.JspServlet  - 	  Request Params: 
488 [main] DEBUG org.apache.jasper.servlet.JspServlet  - 	  Request Params: 
488 [main] DEBUG org.apache.jasper.servlet.JspServlet  - 		 jsp = src/test/net/incongru/tags/test/test-and-space.jsp
488 [main] DEBUG org.apache.jasper.servlet.JspServlet  - 		 jsp = src/test/net/incongru/tags/test/test-and-space.jsp
488 [main] DEBUG org.apache.jasper.servlet.JspServlet  - 		 jsp = src/test/net/incongru/tags/test/test-and-space.jsp
]]></system-out>
  <system-err><![CDATA[]]></system-err>
</testsuite>
